[2.155s] Invoking command in '/home/nazerke/ros2_ws/src/examples/rclpy/executors': PYTHONPATH=/home/nazerke/ros2_ws/build/examples_rclpy_executors/prefix_override:/usr/lib/python3/dist-packages/colcon_core/task/python/colcon_distutils_commands:/home/nazerke/ros2_ws/install/examples_rclpy_executors/lib/python3.12/site-packages:${PYTHONPATH} /usr/bin/python3 -W ignore:setup.py install is deprecated -W ignore:easy_install command is deprecated setup.py egg_info --egg-base ../../../../build/examples_rclpy_executors build --build-base /home/nazerke/ros2_ws/build/examples_rclpy_executors/build install --record /home/nazerke/ros2_ws/build/examples_rclpy_executors/install.log --single-version-externally-managed install_data
[2.588s] running egg_info
[2.615s] writing ../../../../build/examples_rclpy_executors/examples_rclpy_executors.egg-info/PKG-INFO
[2.621s] writing dependency_links to ../../../../build/examples_rclpy_executors/examples_rclpy_executors.egg-info/dependency_links.txt
[2.621s] writing entry points to ../../../../build/examples_rclpy_executors/examples_rclpy_executors.egg-info/entry_points.txt
[2.621s] writing requirements to ../../../../build/examples_rclpy_executors/examples_rclpy_executors.egg-info/requires.txt
[2.621s] writing top-level names to ../../../../build/examples_rclpy_executors/examples_rclpy_executors.egg-info/top_level.txt
[2.691s] reading manifest file '../../../../build/examples_rclpy_executors/examples_rclpy_executors.egg-info/SOURCES.txt'
[2.694s] writing manifest file '../../../../build/examples_rclpy_executors/examples_rclpy_executors.egg-info/SOURCES.txt'
[2.694s] running build
[2.695s] running build_py
[2.698s] running install
[2.711s] running install_lib
[2.741s] running install_data
[2.755s] running install_egg_info
[2.784s] removing '/home/nazerke/ros2_ws/install/examples_rclpy_executors/lib/python3.12/site-packages/examples_rclpy_executors-0.19.7-py3.12.egg-info' (and everything under it)
[2.785s] Copying ../../../../build/examples_rclpy_executors/examples_rclpy_executors.egg-info to /home/nazerke/ros2_ws/install/examples_rclpy_executors/lib/python3.12/site-packages/examples_rclpy_executors-0.19.7-py3.12.egg-info
[2.787s] running install_scripts
[3.013s] Installing callback_group script to /home/nazerke/ros2_ws/install/examples_rclpy_executors/lib/examples_rclpy_executors
[3.015s] Installing composed script to /home/nazerke/ros2_ws/install/examples_rclpy_executors/lib/examples_rclpy_executors
[3.015s] Installing custom_callback_group script to /home/nazerke/ros2_ws/install/examples_rclpy_executors/lib/examples_rclpy_executors
[3.015s] Installing custom_executor script to /home/nazerke/ros2_ws/install/examples_rclpy_executors/lib/examples_rclpy_executors
[3.015s] Installing listener script to /home/nazerke/ros2_ws/install/examples_rclpy_executors/lib/examples_rclpy_executors
[3.016s] Installing talker script to /home/nazerke/ros2_ws/install/examples_rclpy_executors/lib/examples_rclpy_executors
[3.016s] writing list of installed files to '/home/nazerke/ros2_ws/build/examples_rclpy_executors/install.log'
[3.074s] Invoked command in '/home/nazerke/ros2_ws/src/examples/rclpy/executors' returned '0': PYTHONPATH=/home/nazerke/ros2_ws/build/examples_rclpy_executors/prefix_override:/usr/lib/python3/dist-packages/colcon_core/task/python/colcon_distutils_commands:/home/nazerke/ros2_ws/install/examples_rclpy_executors/lib/python3.12/site-packages:${PYTHONPATH} /usr/bin/python3 -W ignore:setup.py install is deprecated -W ignore:easy_install command is deprecated setup.py egg_info --egg-base ../../../../build/examples_rclpy_executors build --build-base /home/nazerke/ros2_ws/build/examples_rclpy_executors/build install --record /home/nazerke/ros2_ws/build/examples_rclpy_executors/install.log --single-version-externally-managed install_data
