[0.036s] Invoking command in '/home/nazerke/ros2_ws/build/examples_rclcpp_minimal_action_client': CMAKE_PREFIX_PATH=${CMAKE_PREFIX_PATH}:/opt/ros/jazzy /usr/bin/cmake --build /home/nazerke/ros2_ws/build/examples_rclcpp_minimal_action_client -- -j4 -l4
[0.460s] [ 25%] Built target action_client_member_functions
[0.460s] [ 50%] Built target action_client_not_composable_with_feedback
[0.460s] [ 75%] Built target action_client_not_composable
[0.466s] [100%] Built target action_client_not_composable_with_cancel
[0.502s] Invoked command in '/home/nazerke/ros2_ws/build/examples_rclcpp_minimal_action_client' returned '0': CMAKE_PREFIX_PATH=${CMAKE_PREFIX_PATH}:/opt/ros/jazzy /usr/bin/cmake --build /home/nazerke/ros2_ws/build/examples_rclcpp_minimal_action_client -- -j4 -l4
[0.506s] Invoking command in '/home/nazerke/ros2_ws/build/examples_rclcpp_minimal_action_client': CMAKE_PREFIX_PATH=${CMAKE_PREFIX_PATH}:/opt/ros/jazzy /usr/bin/cmake --install /home/nazerke/ros2_ws/build/examples_rclcpp_minimal_action_client
[0.518s] -- Install configuration: ""
[0.519s] -- Execute custom install script
[0.521s] -- Up-to-date symlink: /home/nazerke/ros2_ws/install/examples_rclcpp_minimal_action_client/lib/examples_rclcpp_minimal_action_client/action_client_member_functions
[0.521s] -- Up-to-date symlink: /home/nazerke/ros2_ws/install/examples_rclcpp_minimal_action_client/lib/examples_rclcpp_minimal_action_client/action_client_not_composable
[0.522s] -- Up-to-date symlink: /home/nazerke/ros2_ws/install/examples_rclcpp_minimal_action_client/lib/examples_rclcpp_minimal_action_client/action_client_not_composable_with_cancel
[0.522s] -- Up-to-date symlink: /home/nazerke/ros2_ws/install/examples_rclcpp_minimal_action_client/lib/examples_rclcpp_minimal_action_client/action_client_not_composable_with_feedback
[0.523s] -- Up-to-date symlink: /home/nazerke/ros2_ws/install/examples_rclcpp_minimal_action_client/share/ament_index/resource_index/package_run_dependencies/examples_rclcpp_minimal_action_client
[0.524s] -- Up-to-date symlink: /home/nazerke/ros2_ws/install/examples_rclcpp_minimal_action_client/share/ament_index/resource_index/parent_prefix_path/examples_rclcpp_minimal_action_client
[0.526s] -- Up-to-date symlink: /home/nazerke/ros2_ws/install/examples_rclcpp_minimal_action_client/share/examples_rclcpp_minimal_action_client/environment/ament_prefix_path.sh
[0.527s] -- Up-to-date symlink: /home/nazerke/ros2_ws/install/examples_rclcpp_minimal_action_client/share/examples_rclcpp_minimal_action_client/environment/ament_prefix_path.dsv
[0.528s] -- Up-to-date symlink: /home/nazerke/ros2_ws/install/examples_rclcpp_minimal_action_client/share/examples_rclcpp_minimal_action_client/environment/path.sh
[0.528s] -- Up-to-date symlink: /home/nazerke/ros2_ws/install/examples_rclcpp_minimal_action_client/share/examples_rclcpp_minimal_action_client/environment/path.dsv
[0.529s] -- Up-to-date symlink: /home/nazerke/ros2_ws/install/examples_rclcpp_minimal_action_client/share/examples_rclcpp_minimal_action_client/local_setup.bash
[0.530s] -- Up-to-date symlink: /home/nazerke/ros2_ws/install/examples_rclcpp_minimal_action_client/share/examples_rclcpp_minimal_action_client/local_setup.sh
[0.531s] -- Up-to-date symlink: /home/nazerke/ros2_ws/install/examples_rclcpp_minimal_action_client/share/examples_rclcpp_minimal_action_client/local_setup.zsh
[0.532s] -- Up-to-date symlink: /home/nazerke/ros2_ws/install/examples_rclcpp_minimal_action_client/share/examples_rclcpp_minimal_action_client/local_setup.dsv
[0.532s] -- Symlinking: /home/nazerke/ros2_ws/install/examples_rclcpp_minimal_action_client/share/examples_rclcpp_minimal_action_client/package.dsv
[0.546s] -- Up-to-date symlink: /home/nazerke/ros2_ws/install/examples_rclcpp_minimal_action_client/share/ament_index/resource_index/packages/examples_rclcpp_minimal_action_client
[0.547s] -- Up-to-date symlink: /home/nazerke/ros2_ws/install/examples_rclcpp_minimal_action_client/share/examples_rclcpp_minimal_action_client/cmake/examples_rclcpp_minimal_action_clientConfig.cmake
[0.547s] -- Up-to-date symlink: /home/nazerke/ros2_ws/install/examples_rclcpp_minimal_action_client/share/examples_rclcpp_minimal_action_client/cmake/examples_rclcpp_minimal_action_clientConfig-version.cmake
[0.548s] -- Up-to-date symlink: /home/nazerke/ros2_ws/install/examples_rclcpp_minimal_action_client/share/examples_rclcpp_minimal_action_client/package.xml
[0.617s] Invoked command in '/home/nazerke/ros2_ws/build/examples_rclcpp_minimal_action_client' returned '0': CMAKE_PREFIX_PATH=${CMAKE_PREFIX_PATH}:/opt/ros/jazzy /usr/bin/cmake --install /home/nazerke/ros2_ws/build/examples_rclcpp_minimal_action_client
