[1.568s] Invoking command in '/home/nazerke/ros2_ws/src/khamzina': PYTHONPATH=/home/nazerke/ros2_ws/build/khamzina/prefix_override:/usr/lib/python3/dist-packages/colcon_core/task/python/colcon_distutils_commands:/home/nazerke/ros2_ws/install/khamzina/lib/python3.12/site-packages:${PYTHONPATH} /usr/bin/python3 -W ignore:setup.py install is deprecated -W ignore:easy_install command is deprecated setup.py egg_info --egg-base ../../build/khamzina build --build-base /home/nazerke/ros2_ws/build/khamzina/build install --record /home/nazerke/ros2_ws/build/khamzina/install.log --single-version-externally-managed install_data
[2.128s] running egg_info
[2.128s] creating ../../build/khamzina/khamzina.egg-info
[2.173s] writing ../../build/khamzina/khamzina.egg-info/PKG-INFO
[2.175s] writing dependency_links to ../../build/khamzina/khamzina.egg-info/dependency_links.txt
[2.176s] writing requirements to ../../build/khamzina/khamzina.egg-info/requires.txt
[2.176s] writing top-level names to ../../build/khamzina/khamzina.egg-info/top_level.txt
[2.181s] writing manifest file '../../build/khamzina/khamzina.egg-info/SOURCES.txt'
[2.259s] reading manifest file '../../build/khamzina/khamzina.egg-info/SOURCES.txt'
[2.260s] writing manifest file '../../build/khamzina/khamzina.egg-info/SOURCES.txt'
[2.261s] running build
[2.261s] running build_py
[2.261s] creating /home/nazerke/ros2_ws/build/khamzina/build
[2.262s] creating /home/nazerke/ros2_ws/build/khamzina/build/lib
[2.262s] creating /home/nazerke/ros2_ws/build/khamzina/build/lib/khamzina
[2.263s] copying khamzina/__init__.py -> /home/nazerke/ros2_ws/build/khamzina/build/lib/khamzina
[2.263s] running install
[2.272s] running install_lib
[2.306s] creating /home/nazerke/ros2_ws/install/khamzina/lib/python3.12/site-packages/khamzina
[2.307s] copying /home/nazerke/ros2_ws/build/khamzina/build/lib/khamzina/__init__.py -> /home/nazerke/ros2_ws/install/khamzina/lib/python3.12/site-packages/khamzina
[2.308s] byte-compiling /home/nazerke/ros2_ws/install/khamzina/lib/python3.12/site-packages/khamzina/__init__.py to __init__.cpython-312.pyc
[2.308s] running install_data
[2.308s] creating /home/nazerke/ros2_ws/install/khamzina/share/ament_index
[2.309s] creating /home/nazerke/ros2_ws/install/khamzina/share/ament_index/resource_index
[2.309s] creating /home/nazerke/ros2_ws/install/khamzina/share/ament_index/resource_index/packages
[2.310s] copying resource/khamzina -> /home/nazerke/ros2_ws/install/khamzina/share/ament_index/resource_index/packages
[2.310s] copying package.xml -> /home/nazerke/ros2_ws/install/khamzina/share/khamzina
[2.310s] running install_egg_info
[2.339s] Copying ../../build/khamzina/khamzina.egg-info to /home/nazerke/ros2_ws/install/khamzina/lib/python3.12/site-packages/khamzina-0.0.0-py3.12.egg-info
[2.341s] running install_scripts
[2.533s] writing list of installed files to '/home/nazerke/ros2_ws/build/khamzina/install.log'
[2.582s] Invoked command in '/home/nazerke/ros2_ws/src/khamzina' returned '0': PYTHONPATH=/home/nazerke/ros2_ws/build/khamzina/prefix_override:/usr/lib/python3/dist-packages/colcon_core/task/python/colcon_distutils_commands:/home/nazerke/ros2_ws/install/khamzina/lib/python3.12/site-packages:${PYTHONPATH} /usr/bin/python3 -W ignore:setup.py install is deprecated -W ignore:easy_install command is deprecated setup.py egg_info --egg-base ../../build/khamzina build --build-base /home/nazerke/ros2_ws/build/khamzina/build install --record /home/nazerke/ros2_ws/build/khamzina/install.log --single-version-externally-managed install_data
