[2.786s] Invoking command in '/home/nazerke/ros2_ws/build/examples_rclpy_minimal_action_client': PYTHONPATH=/home/nazerke/ros2_ws/build/examples_rclpy_minimal_action_client/prefix_override:/usr/lib/python3/dist-packages/colcon_core/task/python/colcon_distutils_commands:/home/nazerke/ros2_ws/install/examples_rclpy_minimal_action_client/lib/python3.12/site-packages:${PYTHONPATH} /usr/bin/python3 -W ignore:setup.py install is deprecated -W ignore:easy_install command is deprecated setup.py develop --editable --build-directory /home/nazerke/ros2_ws/build/examples_rclpy_minimal_action_client/build --no-deps symlink_data
[4.662s] running develop
[5.531s] running egg_info
[5.531s] creating examples_rclpy_minimal_action_client.egg-info
[5.612s] writing examples_rclpy_minimal_action_client.egg-info/PKG-INFO
[5.612s] writing dependency_links to examples_rclpy_minimal_action_client.egg-info/dependency_links.txt
[5.613s] writing entry points to examples_rclpy_minimal_action_client.egg-info/entry_points.txt
[5.613s] writing requirements to examples_rclpy_minimal_action_client.egg-info/requires.txt
[5.613s] writing top-level names to examples_rclpy_minimal_action_client.egg-info/top_level.txt
[5.614s] writing manifest file 'examples_rclpy_minimal_action_client.egg-info/SOURCES.txt'
[5.755s] reading manifest file 'examples_rclpy_minimal_action_client.egg-info/SOURCES.txt'
[5.758s] writing manifest file 'examples_rclpy_minimal_action_client.egg-info/SOURCES.txt'
[5.835s] running build_ext
[5.836s] Creating /home/nazerke/ros2_ws/install/examples_rclpy_minimal_action_client/lib/python3.12/site-packages/examples-rclpy-minimal-action-client.egg-link (link to .)
[5.837s] Installing client script to /home/nazerke/ros2_ws/install/examples_rclpy_minimal_action_client/lib/examples_rclpy_minimal_action_client
[5.838s] Installing client_asyncio script to /home/nazerke/ros2_ws/install/examples_rclpy_minimal_action_client/lib/examples_rclpy_minimal_action_client
[5.838s] Installing client_cancel script to /home/nazerke/ros2_ws/install/examples_rclpy_minimal_action_client/lib/examples_rclpy_minimal_action_client
[5.839s] Installing client_not_composable script to /home/nazerke/ros2_ws/install/examples_rclpy_minimal_action_client/lib/examples_rclpy_minimal_action_client
[5.839s] 
[5.839s] Installed /home/nazerke/ros2_ws/build/examples_rclpy_minimal_action_client
[5.839s] running symlink_data
[5.840s] creating /home/nazerke/ros2_ws/install/examples_rclpy_minimal_action_client/share/ament_index
[5.841s] creating /home/nazerke/ros2_ws/install/examples_rclpy_minimal_action_client/share/ament_index/resource_index
[5.841s] creating /home/nazerke/ros2_ws/install/examples_rclpy_minimal_action_client/share/ament_index/resource_index/packages
[5.842s] symbolically linking /home/nazerke/ros2_ws/build/examples_rclpy_minimal_action_client/resource/examples_rclpy_minimal_action_client -> /home/nazerke/ros2_ws/install/examples_rclpy_minimal_action_client/share/ament_index/resource_index/packages
[5.843s] symbolically linking /home/nazerke/ros2_ws/build/examples_rclpy_minimal_action_client/package.xml -> /home/nazerke/ros2_ws/install/examples_rclpy_minimal_action_client/share/examples_rclpy_minimal_action_client
[5.948s] Invoked command in '/home/nazerke/ros2_ws/build/examples_rclpy_minimal_action_client' returned '0': PYTHONPATH=/home/nazerke/ros2_ws/build/examples_rclpy_minimal_action_client/prefix_override:/usr/lib/python3/dist-packages/colcon_core/task/python/colcon_distutils_commands:/home/nazerke/ros2_ws/install/examples_rclpy_minimal_action_client/lib/python3.12/site-packages:${PYTHONPATH} /usr/bin/python3 -W ignore:setup.py install is deprecated -W ignore:easy_install command is deprecated setup.py develop --editable --build-directory /home/nazerke/ros2_ws/build/examples_rclpy_minimal_action_client/build --no-deps symlink_data
