[0.009s] Invoking command in '/home/nazerke/ros2_ws/build/my_package_cpp': CMAKE_PREFIX_PATH=${CMAKE_PREFIX_PATH}:/opt/ros/jazzy /usr/bin/cmake --build /home/nazerke/ros2_ws/build/my_package_cpp -- -j4 -l4
[0.080s] [100%] Built target my_node
[0.092s] Invoked command in '/home/nazerke/ros2_ws/build/my_package_cpp' returned '0': CMAKE_PREFIX_PATH=${CMAKE_PREFIX_PATH}:/opt/ros/jazzy /usr/bin/cmake --build /home/nazerke/ros2_ws/build/my_package_cpp -- -j4 -l4
[0.095s] Invoking command in '/home/nazerke/ros2_ws/build/my_package_cpp': CMAKE_PREFIX_PATH=${CMAKE_PREFIX_PATH}:/opt/ros/jazzy /usr/bin/cmake --install /home/nazerke/ros2_ws/build/my_package_cpp
[0.106s] -- Install configuration: ""
[0.107s] -- Execute custom install script
[0.109s] -- Up-to-date symlink: /home/nazerke/ros2_ws/install/my_package_cpp/lib/my_package_cpp/my_node
[0.110s] -- Up-to-date symlink: /home/nazerke/ros2_ws/install/my_package_cpp/share/ament_index/resource_index/package_run_dependencies/my_package_cpp
[0.111s] -- Up-to-date symlink: /home/nazerke/ros2_ws/install/my_package_cpp/share/ament_index/resource_index/parent_prefix_path/my_package_cpp
[0.113s] -- Up-to-date symlink: /home/nazerke/ros2_ws/install/my_package_cpp/share/my_package_cpp/environment/ament_prefix_path.sh
[0.114s] -- Up-to-date symlink: /home/nazerke/ros2_ws/install/my_package_cpp/share/my_package_cpp/environment/ament_prefix_path.dsv
[0.115s] -- Up-to-date symlink: /home/nazerke/ros2_ws/install/my_package_cpp/share/my_package_cpp/environment/path.sh
[0.115s] -- Up-to-date symlink: /home/nazerke/ros2_ws/install/my_package_cpp/share/my_package_cpp/environment/path.dsv
[0.116s] -- Up-to-date symlink: /home/nazerke/ros2_ws/install/my_package_cpp/share/my_package_cpp/local_setup.bash
[0.117s] -- Up-to-date symlink: /home/nazerke/ros2_ws/install/my_package_cpp/share/my_package_cpp/local_setup.sh
[0.118s] -- Up-to-date symlink: /home/nazerke/ros2_ws/install/my_package_cpp/share/my_package_cpp/local_setup.zsh
[0.118s] -- Up-to-date symlink: /home/nazerke/ros2_ws/install/my_package_cpp/share/my_package_cpp/local_setup.dsv
[0.120s] -- Symlinking: /home/nazerke/ros2_ws/install/my_package_cpp/share/my_package_cpp/package.dsv
[0.135s] -- Up-to-date symlink: /home/nazerke/ros2_ws/install/my_package_cpp/share/ament_index/resource_index/packages/my_package_cpp
[0.136s] -- Up-to-date symlink: /home/nazerke/ros2_ws/install/my_package_cpp/share/my_package_cpp/cmake/my_package_cppConfig.cmake
[0.138s] -- Up-to-date symlink: /home/nazerke/ros2_ws/install/my_package_cpp/share/my_package_cpp/cmake/my_package_cppConfig-version.cmake
[0.139s] -- Up-to-date symlink: /home/nazerke/ros2_ws/install/my_package_cpp/share/my_package_cpp/package.xml
[0.139s] Invoked command in '/home/nazerke/ros2_ws/build/my_package_cpp' returned '0': CMAKE_PREFIX_PATH=${CMAKE_PREFIX_PATH}:/opt/ros/jazzy /usr/bin/cmake --install /home/nazerke/ros2_ws/build/my_package_cpp
