[1.931s] Invoking command in '/home/nazerke/ros2_ws/src/examples/rclpy/topics/minimal_publisher': PYTHONPATH=/home/nazerke/ros2_ws/build/examples_rclpy_minimal_publisher/prefix_override:/usr/lib/python3/dist-packages/colcon_core/task/python/colcon_distutils_commands:/home/nazerke/ros2_ws/install/examples_rclpy_minimal_publisher/lib/python3.12/site-packages:${PYTHONPATH} /usr/bin/python3 -W ignore:setup.py install is deprecated -W ignore:easy_install command is deprecated setup.py egg_info --egg-base ../../../../../build/examples_rclpy_minimal_publisher build --build-base /home/nazerke/ros2_ws/build/examples_rclpy_minimal_publisher/build install --record /home/nazerke/ros2_ws/build/examples_rclpy_minimal_publisher/install.log --single-version-externally-managed install_data
[2.380s] running egg_info
[2.412s] writing ../../../../../build/examples_rclpy_minimal_publisher/examples_rclpy_minimal_publisher.egg-info/PKG-INFO
[2.412s] writing dependency_links to ../../../../../build/examples_rclpy_minimal_publisher/examples_rclpy_minimal_publisher.egg-info/dependency_links.txt
[2.412s] writing entry points to ../../../../../build/examples_rclpy_minimal_publisher/examples_rclpy_minimal_publisher.egg-info/entry_points.txt
[2.413s] writing requirements to ../../../../../build/examples_rclpy_minimal_publisher/examples_rclpy_minimal_publisher.egg-info/requires.txt
[2.413s] writing top-level names to ../../../../../build/examples_rclpy_minimal_publisher/examples_rclpy_minimal_publisher.egg-info/top_level.txt
[2.462s] reading manifest file '../../../../../build/examples_rclpy_minimal_publisher/examples_rclpy_minimal_publisher.egg-info/SOURCES.txt'
[2.464s] writing manifest file '../../../../../build/examples_rclpy_minimal_publisher/examples_rclpy_minimal_publisher.egg-info/SOURCES.txt'
[2.464s] running build
[2.465s] running build_py
[2.466s] running install
[2.478s] running install_lib
[2.505s] running install_data
[2.506s] running install_egg_info
[2.539s] removing '/home/nazerke/ros2_ws/install/examples_rclpy_minimal_publisher/lib/python3.12/site-packages/examples_rclpy_minimal_publisher-0.19.7-py3.12.egg-info' (and everything under it)
[2.539s] Copying ../../../../../build/examples_rclpy_minimal_publisher/examples_rclpy_minimal_publisher.egg-info to /home/nazerke/ros2_ws/install/examples_rclpy_minimal_publisher/lib/python3.12/site-packages/examples_rclpy_minimal_publisher-0.19.7-py3.12.egg-info
[2.541s] running install_scripts
[2.775s] Installing publisher_local_function script to /home/nazerke/ros2_ws/install/examples_rclpy_minimal_publisher/lib/examples_rclpy_minimal_publisher
[2.776s] Installing publisher_member_function script to /home/nazerke/ros2_ws/install/examples_rclpy_minimal_publisher/lib/examples_rclpy_minimal_publisher
[2.776s] Installing publisher_member_function_with_wait_for_all_acked script to /home/nazerke/ros2_ws/install/examples_rclpy_minimal_publisher/lib/examples_rclpy_minimal_publisher
[2.776s] Installing publisher_old_school script to /home/nazerke/ros2_ws/install/examples_rclpy_minimal_publisher/lib/examples_rclpy_minimal_publisher
[2.777s] writing list of installed files to '/home/nazerke/ros2_ws/build/examples_rclpy_minimal_publisher/install.log'
[2.851s] Invoked command in '/home/nazerke/ros2_ws/src/examples/rclpy/topics/minimal_publisher' returned '0': PYTHONPATH=/home/nazerke/ros2_ws/build/examples_rclpy_minimal_publisher/prefix_override:/usr/lib/python3/dist-packages/colcon_core/task/python/colcon_distutils_commands:/home/nazerke/ros2_ws/install/examples_rclpy_minimal_publisher/lib/python3.12/site-packages:${PYTHONPATH} /usr/bin/python3 -W ignore:setup.py install is deprecated -W ignore:easy_install command is deprecated setup.py egg_info --egg-base ../../../../../build/examples_rclpy_minimal_publisher build --build-base /home/nazerke/ros2_ws/build/examples_rclpy_minimal_publisher/build install --record /home/nazerke/ros2_ws/build/examples_rclpy_minimal_publisher/install.log --single-version-externally-managed install_data
