[0.089s] Invoking command in '/home/nazerke/ros2_ws/build/examples_rclcpp_minimal_timer': CMAKE_PREFIX_PATH=${CMAKE_PREFIX_PATH}:/home/nazerke/ros2_ws/install/launch_testing_examples:/home/nazerke/ros2_ws/install/khamzina:/home/nazerke/ros2_ws/install/examples_rclpy_pointcloud_publisher:/home/nazerke/ros2_ws/install/examples_rclpy_minimal_subscriber:/home/nazerke/ros2_ws/install/examples_rclpy_minimal_service:/home/nazerke/ros2_ws/install/examples_rclpy_minimal_publisher:/home/nazerke/ros2_ws/install/examples_rclpy_minimal_client:/home/nazerke/ros2_ws/install/examples_rclpy_minimal_action_server:/home/nazerke/ros2_ws/install/examples_rclpy_minimal_action_client:/home/nazerke/ros2_ws/install/examples_rclpy_guard_conditions:/home/nazerke/ros2_ws/install/examples_rclpy_executors:/opt/ros/jazzy /usr/bin/cmake --build /home/nazerke/ros2_ws/build/examples_rclcpp_minimal_timer -- -j4 -l4
[0.211s] [ 50%] Built target timer_member_function
[0.216s] [100%] Built target timer_lambda
[0.249s] Invoked command in '/home/nazerke/ros2_ws/build/examples_rclcpp_minimal_timer' returned '0': CMAKE_PREFIX_PATH=${CMAKE_PREFIX_PATH}:/home/nazerke/ros2_ws/install/launch_testing_examples:/home/nazerke/ros2_ws/install/khamzina:/home/nazerke/ros2_ws/install/examples_rclpy_pointcloud_publisher:/home/nazerke/ros2_ws/install/examples_rclpy_minimal_subscriber:/home/nazerke/ros2_ws/install/examples_rclpy_minimal_service:/home/nazerke/ros2_ws/install/examples_rclpy_minimal_publisher:/home/nazerke/ros2_ws/install/examples_rclpy_minimal_client:/home/nazerke/ros2_ws/install/examples_rclpy_minimal_action_server:/home/nazerke/ros2_ws/install/examples_rclpy_minimal_action_client:/home/nazerke/ros2_ws/install/examples_rclpy_guard_conditions:/home/nazerke/ros2_ws/install/examples_rclpy_executors:/opt/ros/jazzy /usr/bin/cmake --build /home/nazerke/ros2_ws/build/examples_rclcpp_minimal_timer -- -j4 -l4
[0.254s] Invoking command in '/home/nazerke/ros2_ws/build/examples_rclcpp_minimal_timer': CMAKE_PREFIX_PATH=${CMAKE_PREFIX_PATH}:/home/nazerke/ros2_ws/install/launch_testing_examples:/home/nazerke/ros2_ws/install/khamzina:/home/nazerke/ros2_ws/install/examples_rclpy_pointcloud_publisher:/home/nazerke/ros2_ws/install/examples_rclpy_minimal_subscriber:/home/nazerke/ros2_ws/install/examples_rclpy_minimal_service:/home/nazerke/ros2_ws/install/examples_rclpy_minimal_publisher:/home/nazerke/ros2_ws/install/examples_rclpy_minimal_client:/home/nazerke/ros2_ws/install/examples_rclpy_minimal_action_server:/home/nazerke/ros2_ws/install/examples_rclpy_minimal_action_client:/home/nazerke/ros2_ws/install/examples_rclpy_guard_conditions:/home/nazerke/ros2_ws/install/examples_rclpy_executors:/opt/ros/jazzy /usr/bin/cmake --install /home/nazerke/ros2_ws/build/examples_rclcpp_minimal_timer
[0.284s] -- Install configuration: ""
[0.306s] -- Execute custom install script
[0.307s] -- Up-to-date symlink: /home/nazerke/ros2_ws/install/examples_rclcpp_minimal_timer/lib/examples_rclcpp_minimal_timer/timer_lambda
[0.307s] -- Up-to-date symlink: /home/nazerke/ros2_ws/install/examples_rclcpp_minimal_timer/lib/examples_rclcpp_minimal_timer/timer_member_function
[0.308s] -- Up-to-date symlink: /home/nazerke/ros2_ws/install/examples_rclcpp_minimal_timer/share/ament_index/resource_index/package_run_dependencies/examples_rclcpp_minimal_timer
[0.308s] -- Up-to-date symlink: /home/nazerke/ros2_ws/install/examples_rclcpp_minimal_timer/share/ament_index/resource_index/parent_prefix_path/examples_rclcpp_minimal_timer
[0.310s] -- Up-to-date symlink: /home/nazerke/ros2_ws/install/examples_rclcpp_minimal_timer/share/examples_rclcpp_minimal_timer/environment/ament_prefix_path.sh
[0.310s] -- Up-to-date symlink: /home/nazerke/ros2_ws/install/examples_rclcpp_minimal_timer/share/examples_rclcpp_minimal_timer/environment/ament_prefix_path.dsv
[0.319s] -- Up-to-date symlink: /home/nazerke/ros2_ws/install/examples_rclcpp_minimal_timer/share/examples_rclcpp_minimal_timer/environment/path.sh
[0.319s] -- Up-to-date symlink: /home/nazerke/ros2_ws/install/examples_rclcpp_minimal_timer/share/examples_rclcpp_minimal_timer/environment/path.dsv
[0.321s] -- Up-to-date symlink: /home/nazerke/ros2_ws/install/examples_rclcpp_minimal_timer/share/examples_rclcpp_minimal_timer/local_setup.bash
[0.323s] -- Up-to-date symlink: /home/nazerke/ros2_ws/install/examples_rclcpp_minimal_timer/share/examples_rclcpp_minimal_timer/local_setup.sh
[0.326s] -- Up-to-date symlink: /home/nazerke/ros2_ws/install/examples_rclcpp_minimal_timer/share/examples_rclcpp_minimal_timer/local_setup.zsh
[0.326s] -- Up-to-date symlink: /home/nazerke/ros2_ws/install/examples_rclcpp_minimal_timer/share/examples_rclcpp_minimal_timer/local_setup.dsv
[0.331s] -- Symlinking: /home/nazerke/ros2_ws/install/examples_rclcpp_minimal_timer/share/examples_rclcpp_minimal_timer/package.dsv
[0.347s] -- Up-to-date symlink: /home/nazerke/ros2_ws/install/examples_rclcpp_minimal_timer/share/ament_index/resource_index/packages/examples_rclcpp_minimal_timer
[0.350s] -- Up-to-date symlink: /home/nazerke/ros2_ws/install/examples_rclcpp_minimal_timer/share/examples_rclcpp_minimal_timer/cmake/examples_rclcpp_minimal_timerConfig.cmake
[0.351s] -- Up-to-date symlink: /home/nazerke/ros2_ws/install/examples_rclcpp_minimal_timer/share/examples_rclcpp_minimal_timer/cmake/examples_rclcpp_minimal_timerConfig-version.cmake
[0.355s] -- Up-to-date symlink: /home/nazerke/ros2_ws/install/examples_rclcpp_minimal_timer/share/examples_rclcpp_minimal_timer/package.xml
[0.356s] Invoked command in '/home/nazerke/ros2_ws/build/examples_rclcpp_minimal_timer' returned '0': CMAKE_PREFIX_PATH=${CMAKE_PREFIX_PATH}:/home/nazerke/ros2_ws/install/launch_testing_examples:/home/nazerke/ros2_ws/install/khamzina:/home/nazerke/ros2_ws/install/examples_rclpy_pointcloud_publisher:/home/nazerke/ros2_ws/install/examples_rclpy_minimal_subscriber:/home/nazerke/ros2_ws/install/examples_rclpy_minimal_service:/home/nazerke/ros2_ws/install/examples_rclpy_minimal_publisher:/home/nazerke/ros2_ws/install/examples_rclpy_minimal_client:/home/nazerke/ros2_ws/install/examples_rclpy_minimal_action_server:/home/nazerke/ros2_ws/install/examples_rclpy_minimal_action_client:/home/nazerke/ros2_ws/install/examples_rclpy_guard_conditions:/home/nazerke/ros2_ws/install/examples_rclpy_executors:/opt/ros/jazzy /usr/bin/cmake --install /home/nazerke/ros2_ws/build/examples_rclcpp_minimal_timer
