[0.011s] Invoking command in '/home/nazerke/ros2_ws/build/my_package_cpp': CMAKE_PREFIX_PATH=${CMAKE_PREFIX_PATH}:/home/nazerke/ros2_ws/install/launch_testing_examples:/home/nazerke/ros2_ws/install/khamzina:/home/nazerke/ros2_ws/install/examples_rclpy_pointcloud_publisher:/home/nazerke/ros2_ws/install/examples_rclpy_minimal_subscriber:/home/nazerke/ros2_ws/install/examples_rclpy_minimal_service:/home/nazerke/ros2_ws/install/examples_rclpy_minimal_publisher:/home/nazerke/ros2_ws/install/examples_rclpy_minimal_client:/home/nazerke/ros2_ws/install/examples_rclpy_minimal_action_server:/home/nazerke/ros2_ws/install/examples_rclpy_minimal_action_client:/home/nazerke/ros2_ws/install/examples_rclpy_guard_conditions:/home/nazerke/ros2_ws/install/examples_rclpy_executors:/opt/ros/jazzy /usr/bin/cmake --build /home/nazerke/ros2_ws/build/my_package_cpp -- -j4 -l4
[0.091s] [100%] Built target my_node
[0.110s] Invoked command in '/home/nazerke/ros2_ws/build/my_package_cpp' returned '0': CMAKE_PREFIX_PATH=${CMAKE_PREFIX_PATH}:/home/nazerke/ros2_ws/install/launch_testing_examples:/home/nazerke/ros2_ws/install/khamzina:/home/nazerke/ros2_ws/install/examples_rclpy_pointcloud_publisher:/home/nazerke/ros2_ws/install/examples_rclpy_minimal_subscriber:/home/nazerke/ros2_ws/install/examples_rclpy_minimal_service:/home/nazerke/ros2_ws/install/examples_rclpy_minimal_publisher:/home/nazerke/ros2_ws/install/examples_rclpy_minimal_client:/home/nazerke/ros2_ws/install/examples_rclpy_minimal_action_server:/home/nazerke/ros2_ws/install/examples_rclpy_minimal_action_client:/home/nazerke/ros2_ws/install/examples_rclpy_guard_conditions:/home/nazerke/ros2_ws/install/examples_rclpy_executors:/opt/ros/jazzy /usr/bin/cmake --build /home/nazerke/ros2_ws/build/my_package_cpp -- -j4 -l4
[0.112s] Invoking command in '/home/nazerke/ros2_ws/build/my_package_cpp': CMAKE_PREFIX_PATH=${CMAKE_PREFIX_PATH}:/home/nazerke/ros2_ws/install/launch_testing_examples:/home/nazerke/ros2_ws/install/khamzina:/home/nazerke/ros2_ws/install/examples_rclpy_pointcloud_publisher:/home/nazerke/ros2_ws/install/examples_rclpy_minimal_subscriber:/home/nazerke/ros2_ws/install/examples_rclpy_minimal_service:/home/nazerke/ros2_ws/install/examples_rclpy_minimal_publisher:/home/nazerke/ros2_ws/install/examples_rclpy_minimal_client:/home/nazerke/ros2_ws/install/examples_rclpy_minimal_action_server:/home/nazerke/ros2_ws/install/examples_rclpy_minimal_action_client:/home/nazerke/ros2_ws/install/examples_rclpy_guard_conditions:/home/nazerke/ros2_ws/install/examples_rclpy_executors:/opt/ros/jazzy /usr/bin/cmake --install /home/nazerke/ros2_ws/build/my_package_cpp
[0.123s] -- Install configuration: ""
[0.124s] -- Execute custom install script
[0.126s] -- Up-to-date symlink: /home/nazerke/ros2_ws/install/my_package_cpp/lib/my_package_cpp/my_node
[0.126s] -- Up-to-date symlink: /home/nazerke/ros2_ws/install/my_package_cpp/share/ament_index/resource_index/package_run_dependencies/my_package_cpp
[0.127s] -- Up-to-date symlink: /home/nazerke/ros2_ws/install/my_package_cpp/share/ament_index/resource_index/parent_prefix_path/my_package_cpp
[0.130s] -- Up-to-date symlink: /home/nazerke/ros2_ws/install/my_package_cpp/share/my_package_cpp/environment/ament_prefix_path.sh
[0.130s] -- Up-to-date symlink: /home/nazerke/ros2_ws/install/my_package_cpp/share/my_package_cpp/environment/ament_prefix_path.dsv
[0.131s] -- Up-to-date symlink: /home/nazerke/ros2_ws/install/my_package_cpp/share/my_package_cpp/environment/path.sh
[0.131s] -- Up-to-date symlink: /home/nazerke/ros2_ws/install/my_package_cpp/share/my_package_cpp/environment/path.dsv
[0.132s] -- Up-to-date symlink: /home/nazerke/ros2_ws/install/my_package_cpp/share/my_package_cpp/local_setup.bash
[0.132s] -- Up-to-date symlink: /home/nazerke/ros2_ws/install/my_package_cpp/share/my_package_cpp/local_setup.sh
[0.133s] -- Up-to-date symlink: /home/nazerke/ros2_ws/install/my_package_cpp/share/my_package_cpp/local_setup.zsh
[0.133s] -- Up-to-date symlink: /home/nazerke/ros2_ws/install/my_package_cpp/share/my_package_cpp/local_setup.dsv
[0.133s] -- Symlinking: /home/nazerke/ros2_ws/install/my_package_cpp/share/my_package_cpp/package.dsv
[0.151s] -- Up-to-date symlink: /home/nazerke/ros2_ws/install/my_package_cpp/share/ament_index/resource_index/packages/my_package_cpp
[0.152s] -- Up-to-date symlink: /home/nazerke/ros2_ws/install/my_package_cpp/share/my_package_cpp/cmake/my_package_cppConfig.cmake
[0.152s] -- Up-to-date symlink: /home/nazerke/ros2_ws/install/my_package_cpp/share/my_package_cpp/cmake/my_package_cppConfig-version.cmake
[0.153s] -- Up-to-date symlink: /home/nazerke/ros2_ws/install/my_package_cpp/share/my_package_cpp/package.xml
[0.155s] Invoked command in '/home/nazerke/ros2_ws/build/my_package_cpp' returned '0': CMAKE_PREFIX_PATH=${CMAKE_PREFIX_PATH}:/home/nazerke/ros2_ws/install/launch_testing_examples:/home/nazerke/ros2_ws/install/khamzina:/home/nazerke/ros2_ws/install/examples_rclpy_pointcloud_publisher:/home/nazerke/ros2_ws/install/examples_rclpy_minimal_subscriber:/home/nazerke/ros2_ws/install/examples_rclpy_minimal_service:/home/nazerke/ros2_ws/install/examples_rclpy_minimal_publisher:/home/nazerke/ros2_ws/install/examples_rclpy_minimal_client:/home/nazerke/ros2_ws/install/examples_rclpy_minimal_action_server:/home/nazerke/ros2_ws/install/examples_rclpy_minimal_action_client:/home/nazerke/ros2_ws/install/examples_rclpy_guard_conditions:/home/nazerke/ros2_ws/install/examples_rclpy_executors:/opt/ros/jazzy /usr/bin/cmake --install /home/nazerke/ros2_ws/build/my_package_cpp
