[0.023s] Invoking command in '/home/nazerke/ros2_ws/build/examples_rclcpp_wait_set': CMAKE_PREFIX_PATH=${CMAKE_PREFIX_PATH}:/opt/ros/jazzy /usr/bin/cmake /home/nazerke/ros2_ws/src/examples/rclcpp/wait_set -DCMAKE_INSTALL_PREFIX=/home/nazerke/ros2_ws/install/examples_rclcpp_wait_set
[0.048s] -- Found ament_cmake: 2.5.5 (/opt/ros/jazzy/share/ament_cmake/cmake)
[0.381s] -- Override CMake install command with custom implementation using symlinks instead of copying resources
[0.391s] -- Found example_interfaces: 0.12.0 (/opt/ros/jazzy/share/example_interfaces/cmake)
[0.605s] -- Found rosidl_generator_c: 4.6.7 (/opt/ros/jazzy/share/rosidl_generator_c/cmake)
[0.613s] -- Found rosidl_generator_cpp: 4.6.7 (/opt/ros/jazzy/share/rosidl_generator_cpp/cmake)
[0.627s] -- Using all available rosidl_typesupport_c: rosidl_typesupport_fastrtps_c;rosidl_typesupport_introspection_c
[0.644s] -- Using all available rosidl_typesupport_cpp: rosidl_typesupport_fastrtps_cpp;rosidl_typesupport_introspection_cpp
[0.790s] -- Found rclcpp: 28.1.16 (/opt/ros/jazzy/share/rclcpp/cmake)
[0.847s] -- Found rmw_implementation_cmake: 7.3.3 (/opt/ros/jazzy/share/rmw_implementation_cmake/cmake)
[0.850s] -- Found rmw_fastrtps_cpp: 8.4.3 (/opt/ros/jazzy/share/rmw_fastrtps_cpp/cmake)
[1.112s] -- Using RMW implementation 'rmw_fastrtps_cpp' as default
[1.377s] -- Found rclcpp_components: 28.1.16 (/opt/ros/jazzy/share/rclcpp_components/cmake)
[1.423s] -- Found std_msgs: 5.3.6 (/opt/ros/jazzy/share/std_msgs/cmake)
[1.462s] -- Found ament_lint_auto: 0.17.4 (/opt/ros/jazzy/share/ament_lint_auto/cmake)
[1.705s] -- Added test 'copyright' to check source files copyright and LICENSE
[1.717s] -- Added test 'cppcheck' to perform static code analysis on C / C++ code
[1.717s] -- Configured cppcheck include dirs: /home/nazerke/ros2_ws/src/examples/rclcpp/wait_set/include
[1.717s] -- Configured cppcheck exclude dirs and/or files: 
[1.717s] -- Added test 'cpplint' to check C / C++ code against the Google style
[1.717s] -- Configured cpplint exclude dirs and/or files: 
[1.717s] -- Added test 'lint_cmake' to check CMake code style
[1.721s] -- Added test 'uncrustify' to check C / C++ code style
[1.721s] -- Configured uncrustify additional arguments: 
[1.722s] -- Added test 'xmllint' to check XML markup files
[1.734s] -- Configuring done (1.7s)
[1.869s] -- Generating done (0.1s)
[1.892s] -- Build files have been written to: /home/nazerke/ros2_ws/build/examples_rclcpp_wait_set
[1.945s] Invoked command in '/home/nazerke/ros2_ws/build/examples_rclcpp_wait_set' returned '0': CMAKE_PREFIX_PATH=${CMAKE_PREFIX_PATH}:/opt/ros/jazzy /usr/bin/cmake /home/nazerke/ros2_ws/src/examples/rclcpp/wait_set -DCMAKE_INSTALL_PREFIX=/home/nazerke/ros2_ws/install/examples_rclcpp_wait_set
[1.945s] Invoking command in '/home/nazerke/ros2_ws/build/examples_rclcpp_wait_set': CMAKE_PREFIX_PATH=${CMAKE_PREFIX_PATH}:/opt/ros/jazzy /usr/bin/cmake --build /home/nazerke/ros2_ws/build/examples_rclcpp_wait_set -- -j4 -l4
[2.064s] [  8%] Built target wait_set_talker
[2.065s] [ 16%] Built target talker
[2.079s] [ 25%] Built target listener
[2.085s] [ 33%] Built target wait_set_listener
[2.152s] [ 41%] Built target thread_safe_wait_set
[2.169s] [ 50%] Built target wait_set
[2.172s] [ 58%] Built target static_wait_set
[2.193s] [ 66%] Built target wait_set_topics_and_timer
[2.242s] [ 75%] Built target wait_set_random_order
[2.259s] [ 83%] Built target executor_random_order
[2.262s] [100%] Built target wait_set_topics_with_different_rates
[2.262s] [100%] Built target wait_set_composed
[2.500s] Invoked command in '/home/nazerke/ros2_ws/build/examples_rclcpp_wait_set' returned '0': CMAKE_PREFIX_PATH=${CMAKE_PREFIX_PATH}:/opt/ros/jazzy /usr/bin/cmake --build /home/nazerke/ros2_ws/build/examples_rclcpp_wait_set -- -j4 -l4
[2.576s] Invoking command in '/home/nazerke/ros2_ws/build/examples_rclcpp_wait_set': CMAKE_PREFIX_PATH=${CMAKE_PREFIX_PATH}:/opt/ros/jazzy /usr/bin/cmake --install /home/nazerke/ros2_ws/build/examples_rclcpp_wait_set
[2.928s] -- Install configuration: ""
[2.928s] -- Execute custom install script
[2.928s] -- Up-to-date symlink: /home/nazerke/ros2_ws/install/examples_rclcpp_wait_set/lib/examples_rclcpp_wait_set/wait_set_talker
[2.929s] -- Up-to-date symlink: /home/nazerke/ros2_ws/install/examples_rclcpp_wait_set/lib/examples_rclcpp_wait_set/wait_set_listener
[2.931s] -- Up-to-date symlink: /home/nazerke/ros2_ws/install/examples_rclcpp_wait_set/lib/libtalker.so
[2.931s] -- Up-to-date symlink: /home/nazerke/ros2_ws/install/examples_rclcpp_wait_set/lib/liblistener.so
[2.931s] -- Up-to-date symlink: /home/nazerke/ros2_ws/install/examples_rclcpp_wait_set/lib/examples_rclcpp_wait_set/wait_set
[2.931s] -- Up-to-date symlink: /home/nazerke/ros2_ws/install/examples_rclcpp_wait_set/lib/examples_rclcpp_wait_set/static_wait_set
[2.932s] -- Up-to-date symlink: /home/nazerke/ros2_ws/install/examples_rclcpp_wait_set/lib/examples_rclcpp_wait_set/thread_safe_wait_set
[2.932s] -- Up-to-date symlink: /home/nazerke/ros2_ws/install/examples_rclcpp_wait_set/lib/examples_rclcpp_wait_set/wait_set_topics_and_timer
[2.932s] -- Up-to-date symlink: /home/nazerke/ros2_ws/install/examples_rclcpp_wait_set/lib/examples_rclcpp_wait_set/wait_set_random_order
[2.932s] -- Up-to-date symlink: /home/nazerke/ros2_ws/install/examples_rclcpp_wait_set/lib/examples_rclcpp_wait_set/executor_random_order
[2.933s] -- Up-to-date symlink: /home/nazerke/ros2_ws/install/examples_rclcpp_wait_set/lib/examples_rclcpp_wait_set/wait_set_topics_with_different_rates
[2.934s] -- Up-to-date symlink: /home/nazerke/ros2_ws/install/examples_rclcpp_wait_set/lib/examples_rclcpp_wait_set/wait_set_composed
[2.934s] -- Up-to-date symlink: /home/nazerke/ros2_ws/install/examples_rclcpp_wait_set/share/ament_index/resource_index/package_run_dependencies/examples_rclcpp_wait_set
[2.934s] -- Up-to-date symlink: /home/nazerke/ros2_ws/install/examples_rclcpp_wait_set/share/ament_index/resource_index/parent_prefix_path/examples_rclcpp_wait_set
[2.934s] -- Up-to-date symlink: /home/nazerke/ros2_ws/install/examples_rclcpp_wait_set/share/examples_rclcpp_wait_set/environment/ament_prefix_path.sh
[2.934s] -- Up-to-date symlink: /home/nazerke/ros2_ws/install/examples_rclcpp_wait_set/share/examples_rclcpp_wait_set/environment/ament_prefix_path.dsv
[2.935s] -- Up-to-date symlink: /home/nazerke/ros2_ws/install/examples_rclcpp_wait_set/share/examples_rclcpp_wait_set/environment/path.sh
[2.935s] -- Up-to-date symlink: /home/nazerke/ros2_ws/install/examples_rclcpp_wait_set/share/examples_rclcpp_wait_set/environment/path.dsv
[2.935s] -- Up-to-date symlink: /home/nazerke/ros2_ws/install/examples_rclcpp_wait_set/share/examples_rclcpp_wait_set/local_setup.bash
[2.935s] -- Up-to-date symlink: /home/nazerke/ros2_ws/install/examples_rclcpp_wait_set/share/examples_rclcpp_wait_set/local_setup.sh
[2.936s] -- Up-to-date symlink: /home/nazerke/ros2_ws/install/examples_rclcpp_wait_set/share/examples_rclcpp_wait_set/local_setup.zsh
[2.936s] -- Up-to-date symlink: /home/nazerke/ros2_ws/install/examples_rclcpp_wait_set/share/examples_rclcpp_wait_set/local_setup.dsv
[2.936s] -- Symlinking: /home/nazerke/ros2_ws/install/examples_rclcpp_wait_set/share/examples_rclcpp_wait_set/package.dsv
[2.936s] -- Up-to-date symlink: /home/nazerke/ros2_ws/install/examples_rclcpp_wait_set/share/ament_index/resource_index/packages/examples_rclcpp_wait_set
[2.936s] -- Up-to-date symlink: /home/nazerke/ros2_ws/install/examples_rclcpp_wait_set/share/ament_index/resource_index/rclcpp_components/examples_rclcpp_wait_set
[2.937s] -- Up-to-date symlink: /home/nazerke/ros2_ws/install/examples_rclcpp_wait_set/share/examples_rclcpp_wait_set/cmake/examples_rclcpp_wait_setConfig.cmake
[2.937s] -- Up-to-date symlink: /home/nazerke/ros2_ws/install/examples_rclcpp_wait_set/share/examples_rclcpp_wait_set/cmake/examples_rclcpp_wait_setConfig-version.cmake
[2.937s] -- Up-to-date symlink: /home/nazerke/ros2_ws/install/examples_rclcpp_wait_set/share/examples_rclcpp_wait_set/package.xml
[2.939s] Invoked command in '/home/nazerke/ros2_ws/build/examples_rclcpp_wait_set' returned '0': CMAKE_PREFIX_PATH=${CMAKE_PREFIX_PATH}:/opt/ros/jazzy /usr/bin/cmake --install /home/nazerke/ros2_ws/build/examples_rclcpp_wait_set
