[0.319s] Invoking command in '/home/nazerke/ros2_ws/build/my_package': CMAKE_PREFIX_PATH=${CMAKE_PREFIX_PATH}:/home/nazerke/ros2_ws/install/launch_testing_examples:/home/nazerke/ros2_ws/install/khamzina:/home/nazerke/ros2_ws/install/examples_rclpy_pointcloud_publisher:/home/nazerke/ros2_ws/install/examples_rclpy_minimal_subscriber:/home/nazerke/ros2_ws/install/examples_rclpy_minimal_service:/home/nazerke/ros2_ws/install/examples_rclpy_minimal_publisher:/home/nazerke/ros2_ws/install/examples_rclpy_minimal_client:/home/nazerke/ros2_ws/install/examples_rclpy_minimal_action_server:/home/nazerke/ros2_ws/install/examples_rclpy_minimal_action_client:/home/nazerke/ros2_ws/install/examples_rclpy_guard_conditions:/home/nazerke/ros2_ws/install/examples_rclpy_executors:/opt/ros/jazzy /usr/bin/cmake --build /home/nazerke/ros2_ws/build/my_package -- -j4 -l4
[0.399s] [100%] Built target my_node
[0.412s] Invoked command in '/home/nazerke/ros2_ws/build/my_package' returned '0': CMAKE_PREFIX_PATH=${CMAKE_PREFIX_PATH}:/home/nazerke/ros2_ws/install/launch_testing_examples:/home/nazerke/ros2_ws/install/khamzina:/home/nazerke/ros2_ws/install/examples_rclpy_pointcloud_publisher:/home/nazerke/ros2_ws/install/examples_rclpy_minimal_subscriber:/home/nazerke/ros2_ws/install/examples_rclpy_minimal_service:/home/nazerke/ros2_ws/install/examples_rclpy_minimal_publisher:/home/nazerke/ros2_ws/install/examples_rclpy_minimal_client:/home/nazerke/ros2_ws/install/examples_rclpy_minimal_action_server:/home/nazerke/ros2_ws/install/examples_rclpy_minimal_action_client:/home/nazerke/ros2_ws/install/examples_rclpy_guard_conditions:/home/nazerke/ros2_ws/install/examples_rclpy_executors:/opt/ros/jazzy /usr/bin/cmake --build /home/nazerke/ros2_ws/build/my_package -- -j4 -l4
[0.414s] Invoking command in '/home/nazerke/ros2_ws/build/my_package': CMAKE_PREFIX_PATH=${CMAKE_PREFIX_PATH}:/home/nazerke/ros2_ws/install/launch_testing_examples:/home/nazerke/ros2_ws/install/khamzina:/home/nazerke/ros2_ws/install/examples_rclpy_pointcloud_publisher:/home/nazerke/ros2_ws/install/examples_rclpy_minimal_subscriber:/home/nazerke/ros2_ws/install/examples_rclpy_minimal_service:/home/nazerke/ros2_ws/install/examples_rclpy_minimal_publisher:/home/nazerke/ros2_ws/install/examples_rclpy_minimal_client:/home/nazerke/ros2_ws/install/examples_rclpy_minimal_action_server:/home/nazerke/ros2_ws/install/examples_rclpy_minimal_action_client:/home/nazerke/ros2_ws/install/examples_rclpy_guard_conditions:/home/nazerke/ros2_ws/install/examples_rclpy_executors:/opt/ros/jazzy /usr/bin/cmake --install /home/nazerke/ros2_ws/build/my_package
[0.424s] -- Install configuration: ""
[0.426s] -- Execute custom install script
[0.427s] -- Up-to-date symlink: /home/nazerke/ros2_ws/install/my_package/lib/my_package/my_node
[0.427s] -- Up-to-date symlink: /home/nazerke/ros2_ws/install/my_package/share/ament_index/resource_index/package_run_dependencies/my_package
[0.429s] -- Up-to-date symlink: /home/nazerke/ros2_ws/install/my_package/share/ament_index/resource_index/parent_prefix_path/my_package
[0.430s] -- Up-to-date symlink: /home/nazerke/ros2_ws/install/my_package/share/my_package/environment/ament_prefix_path.sh
[0.430s] -- Up-to-date symlink: /home/nazerke/ros2_ws/install/my_package/share/my_package/environment/ament_prefix_path.dsv
[0.431s] -- Up-to-date symlink: /home/nazerke/ros2_ws/install/my_package/share/my_package/environment/path.sh
[0.431s] -- Up-to-date symlink: /home/nazerke/ros2_ws/install/my_package/share/my_package/environment/path.dsv
[0.432s] -- Up-to-date symlink: /home/nazerke/ros2_ws/install/my_package/share/my_package/local_setup.bash
[0.432s] -- Up-to-date symlink: /home/nazerke/ros2_ws/install/my_package/share/my_package/local_setup.sh
[0.433s] -- Up-to-date symlink: /home/nazerke/ros2_ws/install/my_package/share/my_package/local_setup.zsh
[0.434s] -- Up-to-date symlink: /home/nazerke/ros2_ws/install/my_package/share/my_package/local_setup.dsv
[0.434s] -- Symlinking: /home/nazerke/ros2_ws/install/my_package/share/my_package/package.dsv
[0.447s] -- Up-to-date symlink: /home/nazerke/ros2_ws/install/my_package/share/ament_index/resource_index/packages/my_package
[0.448s] -- Up-to-date symlink: /home/nazerke/ros2_ws/install/my_package/share/my_package/cmake/my_packageConfig.cmake
[0.449s] -- Up-to-date symlink: /home/nazerke/ros2_ws/install/my_package/share/my_package/cmake/my_packageConfig-version.cmake
[0.449s] -- Up-to-date symlink: /home/nazerke/ros2_ws/install/my_package/share/my_package/package.xml
[0.452s] Invoked command in '/home/nazerke/ros2_ws/build/my_package' returned '0': CMAKE_PREFIX_PATH=${CMAKE_PREFIX_PATH}:/home/nazerke/ros2_ws/install/launch_testing_examples:/home/nazerke/ros2_ws/install/khamzina:/home/nazerke/ros2_ws/install/examples_rclpy_pointcloud_publisher:/home/nazerke/ros2_ws/install/examples_rclpy_minimal_subscriber:/home/nazerke/ros2_ws/install/examples_rclpy_minimal_service:/home/nazerke/ros2_ws/install/examples_rclpy_minimal_publisher:/home/nazerke/ros2_ws/install/examples_rclpy_minimal_client:/home/nazerke/ros2_ws/install/examples_rclpy_minimal_action_server:/home/nazerke/ros2_ws/install/examples_rclpy_minimal_action_client:/home/nazerke/ros2_ws/install/examples_rclpy_guard_conditions:/home/nazerke/ros2_ws/install/examples_rclpy_executors:/opt/ros/jazzy /usr/bin/cmake --install /home/nazerke/ros2_ws/build/my_package
