[0.032s] Invoking command in '/home/nazerke/ros2_ws/build/my_package_cpp': CMAKE_PREFIX_PATH=${CMAKE_PREFIX_PATH}:/opt/ros/jazzy /usr/bin/cmake /home/nazerke/ros2_ws/src/my_package_cpp -DAMENT_CMAKE_SYMLINK_INSTALL=1 -DCMAKE_INSTALL_PREFIX=/home/nazerke/ros2_ws/install/my_package_cpp
[0.467s] -- The C compiler identification is GNU 13.3.0
[2.539s] -- The CXX compiler identification is GNU 13.3.0
[4.369s] -- Detecting C compiler ABI info
[5.213s] -- Detecting C compiler ABI info - done
[5.258s] -- Check for working C compiler: /usr/bin/cc - skipped
[5.259s] -- Detecting C compile features
[5.264s] -- Detecting C compile features - done
[5.686s] -- Detecting CXX compiler ABI info
[6.873s] -- Detecting CXX compiler ABI info - done
[6.941s] -- Check for working CXX compiler: /usr/bin/c++ - skipped
[6.944s] -- Detecting CXX compile features
[6.948s] -- Detecting CXX compile features - done
[6.964s] -- Found ament_cmake: 2.5.5 (/opt/ros/jazzy/share/ament_cmake/cmake)
[7.458s] -- Found Python3: /usr/bin/python3 (found version "3.12.3") found components: Interpreter 
[7.674s] -- Override CMake install command with custom implementation using symlinks instead of copying resources
[7.760s] -- Found ament_lint_auto: 0.17.4 (/opt/ros/jazzy/share/ament_lint_auto/cmake)
[8.091s] -- Added test 'cppcheck' to perform static code analysis on C / C++ code
[8.091s] -- Configured cppcheck include dirs: $<BUILD_INTERFACE:/home/nazerke/ros2_ws/src/my_package_cpp/include>
[8.092s] -- Configured cppcheck exclude dirs and/or files: 
[8.095s] -- Added test 'lint_cmake' to check CMake code style
[8.098s] -- Added test 'uncrustify' to check C / C++ code style
[8.101s] -- Configured uncrustify additional arguments: 
[8.104s] -- Added test 'xmllint' to check XML markup files
[8.109s] -- Configuring done (8.1s)
[8.133s] -- Generating done (0.0s)
[8.141s] -- Build files have been written to: /home/nazerke/ros2_ws/build/my_package_cpp
[8.163s] Invoked command in '/home/nazerke/ros2_ws/build/my_package_cpp' returned '0': CMAKE_PREFIX_PATH=${CMAKE_PREFIX_PATH}:/opt/ros/jazzy /usr/bin/cmake /home/nazerke/ros2_ws/src/my_package_cpp -DAMENT_CMAKE_SYMLINK_INSTALL=1 -DCMAKE_INSTALL_PREFIX=/home/nazerke/ros2_ws/install/my_package_cpp
[8.164s] Invoking command in '/home/nazerke/ros2_ws/build/my_package_cpp': CMAKE_PREFIX_PATH=${CMAKE_PREFIX_PATH}:/opt/ros/jazzy /usr/bin/cmake --build /home/nazerke/ros2_ws/build/my_package_cpp -- -j4 -l4
[8.352s] [ 50%] [32mBuilding CXX object CMakeFiles/my_node.dir/src/my_node.cpp.o[0m
[8.447s] [100%] [32m[1mLinking CXX executable my_node[0m
[8.950s] [100%] Built target my_node
[8.979s] Invoked command in '/home/nazerke/ros2_ws/build/my_package_cpp' returned '0': CMAKE_PREFIX_PATH=${CMAKE_PREFIX_PATH}:/opt/ros/jazzy /usr/bin/cmake --build /home/nazerke/ros2_ws/build/my_package_cpp -- -j4 -l4
[8.982s] Invoking command in '/home/nazerke/ros2_ws/build/my_package_cpp': CMAKE_PREFIX_PATH=${CMAKE_PREFIX_PATH}:/opt/ros/jazzy /usr/bin/cmake --install /home/nazerke/ros2_ws/build/my_package_cpp
[9.005s] -- Install configuration: ""
[9.007s] -- Execute custom install script
[9.010s] -- Symlinking: /home/nazerke/ros2_ws/install/my_package_cpp/lib/my_package_cpp/my_node
[9.033s] -- Symlinking: /home/nazerke/ros2_ws/install/my_package_cpp/share/ament_index/resource_index/package_run_dependencies/my_package_cpp
[9.058s] -- Symlinking: /home/nazerke/ros2_ws/install/my_package_cpp/share/ament_index/resource_index/parent_prefix_path/my_package_cpp
[9.088s] -- Symlinking: /home/nazerke/ros2_ws/install/my_package_cpp/share/my_package_cpp/environment/ament_prefix_path.sh
[9.123s] -- Symlinking: /home/nazerke/ros2_ws/install/my_package_cpp/share/my_package_cpp/environment/ament_prefix_path.dsv
[9.150s] -- Symlinking: /home/nazerke/ros2_ws/install/my_package_cpp/share/my_package_cpp/environment/path.sh
[9.177s] -- Symlinking: /home/nazerke/ros2_ws/install/my_package_cpp/share/my_package_cpp/environment/path.dsv
[9.208s] -- Symlinking: /home/nazerke/ros2_ws/install/my_package_cpp/share/my_package_cpp/local_setup.bash
[9.229s] -- Symlinking: /home/nazerke/ros2_ws/install/my_package_cpp/share/my_package_cpp/local_setup.sh
[9.251s] -- Symlinking: /home/nazerke/ros2_ws/install/my_package_cpp/share/my_package_cpp/local_setup.zsh
[9.281s] -- Symlinking: /home/nazerke/ros2_ws/install/my_package_cpp/share/my_package_cpp/local_setup.dsv
[9.313s] -- Symlinking: /home/nazerke/ros2_ws/install/my_package_cpp/share/my_package_cpp/package.dsv
[9.343s] -- Symlinking: /home/nazerke/ros2_ws/install/my_package_cpp/share/ament_index/resource_index/packages/my_package_cpp
[9.379s] -- Symlinking: /home/nazerke/ros2_ws/install/my_package_cpp/share/my_package_cpp/cmake/my_package_cppConfig.cmake
[9.406s] -- Symlinking: /home/nazerke/ros2_ws/install/my_package_cpp/share/my_package_cpp/cmake/my_package_cppConfig-version.cmake
[9.432s] -- Symlinking: /home/nazerke/ros2_ws/install/my_package_cpp/share/my_package_cpp/package.xml
[9.456s] Invoked command in '/home/nazerke/ros2_ws/build/my_package_cpp' returned '0': CMAKE_PREFIX_PATH=${CMAKE_PREFIX_PATH}:/opt/ros/jazzy /usr/bin/cmake --install /home/nazerke/ros2_ws/build/my_package_cpp
