[2.152s] Invoking command in '/home/nazerke/ros2_ws/src/examples/rclpy/guard_conditions': PYTHONPATH=/home/nazerke/ros2_ws/build/examples_rclpy_guard_conditions/prefix_override:/usr/lib/python3/dist-packages/colcon_core/task/python/colcon_distutils_commands:/home/nazerke/ros2_ws/install/examples_rclpy_guard_conditions/lib/python3.12/site-packages:${PYTHONPATH} /usr/bin/python3 -W ignore:setup.py install is deprecated -W ignore:easy_install command is deprecated setup.py egg_info --egg-base ../../../../build/examples_rclpy_guard_conditions build --build-base /home/nazerke/ros2_ws/build/examples_rclpy_guard_conditions/build install --record /home/nazerke/ros2_ws/build/examples_rclpy_guard_conditions/install.log --single-version-externally-managed install_data
[2.634s] running egg_info
[2.677s] writing ../../../../build/examples_rclpy_guard_conditions/examples_rclpy_guard_conditions.egg-info/PKG-INFO
[2.677s] writing dependency_links to ../../../../build/examples_rclpy_guard_conditions/examples_rclpy_guard_conditions.egg-info/dependency_links.txt
[2.678s] writing entry points to ../../../../build/examples_rclpy_guard_conditions/examples_rclpy_guard_conditions.egg-info/entry_points.txt
[2.678s] writing requirements to ../../../../build/examples_rclpy_guard_conditions/examples_rclpy_guard_conditions.egg-info/requires.txt
[2.678s] writing top-level names to ../../../../build/examples_rclpy_guard_conditions/examples_rclpy_guard_conditions.egg-info/top_level.txt
[2.743s] reading manifest file '../../../../build/examples_rclpy_guard_conditions/examples_rclpy_guard_conditions.egg-info/SOURCES.txt'
[2.743s] writing manifest file '../../../../build/examples_rclpy_guard_conditions/examples_rclpy_guard_conditions.egg-info/SOURCES.txt'
[2.743s] running build
[2.743s] running build_py
[2.743s] running install
[2.750s] running install_lib
[2.778s] running install_data
[2.778s] running install_egg_info
[2.817s] removing '/home/nazerke/ros2_ws/install/examples_rclpy_guard_conditions/lib/python3.12/site-packages/examples_rclpy_guard_conditions-0.19.7-py3.12.egg-info' (and everything under it)
[2.817s] Copying ../../../../build/examples_rclpy_guard_conditions/examples_rclpy_guard_conditions.egg-info to /home/nazerke/ros2_ws/install/examples_rclpy_guard_conditions/lib/python3.12/site-packages/examples_rclpy_guard_conditions-0.19.7-py3.12.egg-info
[2.817s] running install_scripts
[3.049s] Installing trigger_guard_condition script to /home/nazerke/ros2_ws/install/examples_rclpy_guard_conditions/lib/examples_rclpy_guard_conditions
[3.049s] writing list of installed files to '/home/nazerke/ros2_ws/build/examples_rclpy_guard_conditions/install.log'
[3.621s] Invoked command in '/home/nazerke/ros2_ws/src/examples/rclpy/guard_conditions' returned '0': PYTHONPATH=/home/nazerke/ros2_ws/build/examples_rclpy_guard_conditions/prefix_override:/usr/lib/python3/dist-packages/colcon_core/task/python/colcon_distutils_commands:/home/nazerke/ros2_ws/install/examples_rclpy_guard_conditions/lib/python3.12/site-packages:${PYTHONPATH} /usr/bin/python3 -W ignore:setup.py install is deprecated -W ignore:easy_install command is deprecated setup.py egg_info --egg-base ../../../../build/examples_rclpy_guard_conditions build --build-base /home/nazerke/ros2_ws/build/examples_rclpy_guard_conditions/build install --record /home/nazerke/ros2_ws/build/examples_rclpy_guard_conditions/install.log --single-version-externally-managed install_data
