[0.016s] Invoking command in '/home/nazerke/ros2_ws/build/examples_rclcpp_wait_set': CMAKE_PREFIX_PATH=${CMAKE_PREFIX_PATH}:/opt/ros/jazzy /usr/bin/cmake --build /home/nazerke/ros2_ws/build/examples_rclcpp_wait_set -- -j4 -l4
[0.176s] [  8%] Built target wait_set_talker
[0.176s] [ 16%] Built target wait_set_listener
[0.180s] [ 25%] Built target listener
[0.182s] [ 33%] Built target talker
[0.226s] [ 41%] Built target wait_set
[0.239s] [ 50%] Built target static_wait_set
[0.258s] [ 58%] Built target thread_safe_wait_set
[0.268s] [ 66%] Built target wait_set_topics_and_timer
[0.287s] [ 75%] Built target wait_set_random_order
[0.303s] [ 83%] Built target executor_random_order
[0.312s] [ 91%] Built target wait_set_topics_with_different_rates
[0.327s] [100%] Built target wait_set_composed
[0.384s] Invoked command in '/home/nazerke/ros2_ws/build/examples_rclcpp_wait_set' returned '0': CMAKE_PREFIX_PATH=${CMAKE_PREFIX_PATH}:/opt/ros/jazzy /usr/bin/cmake --build /home/nazerke/ros2_ws/build/examples_rclcpp_wait_set -- -j4 -l4
[0.393s] Invoking command in '/home/nazerke/ros2_ws/build/examples_rclcpp_wait_set': CMAKE_PREFIX_PATH=${CMAKE_PREFIX_PATH}:/opt/ros/jazzy /usr/bin/cmake --install /home/nazerke/ros2_ws/build/examples_rclcpp_wait_set
[0.681s] -- Install configuration: ""
[0.682s] -- Execute custom install script
[0.682s] -- Up-to-date symlink: /home/nazerke/ros2_ws/install/examples_rclcpp_wait_set/lib/examples_rclcpp_wait_set/wait_set_talker
[0.682s] -- Up-to-date symlink: /home/nazerke/ros2_ws/install/examples_rclcpp_wait_set/lib/examples_rclcpp_wait_set/wait_set_listener
[0.683s] -- Up-to-date symlink: /home/nazerke/ros2_ws/install/examples_rclcpp_wait_set/lib/libtalker.so
[0.684s] -- Up-to-date symlink: /home/nazerke/ros2_ws/install/examples_rclcpp_wait_set/lib/liblistener.so
[0.684s] -- Up-to-date symlink: /home/nazerke/ros2_ws/install/examples_rclcpp_wait_set/lib/examples_rclcpp_wait_set/wait_set
[0.685s] -- Up-to-date symlink: /home/nazerke/ros2_ws/install/examples_rclcpp_wait_set/lib/examples_rclcpp_wait_set/static_wait_set
[0.685s] -- Up-to-date symlink: /home/nazerke/ros2_ws/install/examples_rclcpp_wait_set/lib/examples_rclcpp_wait_set/thread_safe_wait_set
[0.685s] -- Up-to-date symlink: /home/nazerke/ros2_ws/install/examples_rclcpp_wait_set/lib/examples_rclcpp_wait_set/wait_set_topics_and_timer
[0.685s] -- Up-to-date symlink: /home/nazerke/ros2_ws/install/examples_rclcpp_wait_set/lib/examples_rclcpp_wait_set/wait_set_random_order
[0.686s] -- Up-to-date symlink: /home/nazerke/ros2_ws/install/examples_rclcpp_wait_set/lib/examples_rclcpp_wait_set/executor_random_order
[0.686s] -- Up-to-date symlink: /home/nazerke/ros2_ws/install/examples_rclcpp_wait_set/lib/examples_rclcpp_wait_set/wait_set_topics_with_different_rates
[0.686s] -- Up-to-date symlink: /home/nazerke/ros2_ws/install/examples_rclcpp_wait_set/lib/examples_rclcpp_wait_set/wait_set_composed
[0.687s] -- Up-to-date symlink: /home/nazerke/ros2_ws/install/examples_rclcpp_wait_set/share/ament_index/resource_index/package_run_dependencies/examples_rclcpp_wait_set
[0.687s] -- Up-to-date symlink: /home/nazerke/ros2_ws/install/examples_rclcpp_wait_set/share/ament_index/resource_index/parent_prefix_path/examples_rclcpp_wait_set
[0.687s] -- Up-to-date symlink: /home/nazerke/ros2_ws/install/examples_rclcpp_wait_set/share/examples_rclcpp_wait_set/environment/ament_prefix_path.sh
[0.688s] -- Up-to-date symlink: /home/nazerke/ros2_ws/install/examples_rclcpp_wait_set/share/examples_rclcpp_wait_set/environment/ament_prefix_path.dsv
[0.688s] -- Up-to-date symlink: /home/nazerke/ros2_ws/install/examples_rclcpp_wait_set/share/examples_rclcpp_wait_set/environment/path.sh
[0.688s] -- Up-to-date symlink: /home/nazerke/ros2_ws/install/examples_rclcpp_wait_set/share/examples_rclcpp_wait_set/environment/path.dsv
[0.689s] -- Up-to-date symlink: /home/nazerke/ros2_ws/install/examples_rclcpp_wait_set/share/examples_rclcpp_wait_set/local_setup.bash
[0.689s] -- Up-to-date symlink: /home/nazerke/ros2_ws/install/examples_rclcpp_wait_set/share/examples_rclcpp_wait_set/local_setup.sh
[0.689s] -- Up-to-date symlink: /home/nazerke/ros2_ws/install/examples_rclcpp_wait_set/share/examples_rclcpp_wait_set/local_setup.zsh
[0.690s] -- Up-to-date symlink: /home/nazerke/ros2_ws/install/examples_rclcpp_wait_set/share/examples_rclcpp_wait_set/local_setup.dsv
[0.690s] -- Symlinking: /home/nazerke/ros2_ws/install/examples_rclcpp_wait_set/share/examples_rclcpp_wait_set/package.dsv
[0.690s] -- Up-to-date symlink: /home/nazerke/ros2_ws/install/examples_rclcpp_wait_set/share/ament_index/resource_index/packages/examples_rclcpp_wait_set
[0.690s] -- Up-to-date symlink: /home/nazerke/ros2_ws/install/examples_rclcpp_wait_set/share/ament_index/resource_index/rclcpp_components/examples_rclcpp_wait_set
[0.691s] -- Up-to-date symlink: /home/nazerke/ros2_ws/install/examples_rclcpp_wait_set/share/examples_rclcpp_wait_set/cmake/examples_rclcpp_wait_setConfig.cmake
[0.691s] -- Up-to-date symlink: /home/nazerke/ros2_ws/install/examples_rclcpp_wait_set/share/examples_rclcpp_wait_set/cmake/examples_rclcpp_wait_setConfig-version.cmake
[0.691s] -- Up-to-date symlink: /home/nazerke/ros2_ws/install/examples_rclcpp_wait_set/share/examples_rclcpp_wait_set/package.xml
[0.996s] Invoked command in '/home/nazerke/ros2_ws/build/examples_rclcpp_wait_set' returned '0': CMAKE_PREFIX_PATH=${CMAKE_PREFIX_PATH}:/opt/ros/jazzy /usr/bin/cmake --install /home/nazerke/ros2_ws/build/examples_rclcpp_wait_set
