[0.026s] Invoking command in '/home/nazerke/ros2_ws/build/examples_rclcpp_minimal_publisher': CMAKE_PREFIX_PATH=${CMAKE_PREFIX_PATH}:/opt/ros/jazzy /usr/bin/cmake --build /home/nazerke/ros2_ws/build/examples_rclcpp_minimal_publisher -- -j4 -l4
[0.160s] [ 16%] Built target publisher_lambda
[0.167s] [ 33%] Built target publisher_member_function_with_unique_network_flow_endpoints
[0.171s] [ 50%] Built target publisher_member_function_with_type_adapter
[0.173s] [ 66%] Built target publisher_member_function
[0.202s] [ 83%] Built target publisher_wait_for_all_acked
[0.208s] [100%] Built target publisher_not_composable
[0.220s] Invoked command in '/home/nazerke/ros2_ws/build/examples_rclcpp_minimal_publisher' returned '0': CMAKE_PREFIX_PATH=${CMAKE_PREFIX_PATH}:/opt/ros/jazzy /usr/bin/cmake --build /home/nazerke/ros2_ws/build/examples_rclcpp_minimal_publisher -- -j4 -l4
[0.225s] Invoking command in '/home/nazerke/ros2_ws/build/examples_rclcpp_minimal_publisher': CMAKE_PREFIX_PATH=${CMAKE_PREFIX_PATH}:/opt/ros/jazzy /usr/bin/cmake --install /home/nazerke/ros2_ws/build/examples_rclcpp_minimal_publisher
[0.234s] -- Install configuration: ""
[0.235s] -- Execute custom install script
[0.238s] -- Up-to-date symlink: /home/nazerke/ros2_ws/install/examples_rclcpp_minimal_publisher/lib/examples_rclcpp_minimal_publisher/publisher_lambda
[0.239s] -- Up-to-date symlink: /home/nazerke/ros2_ws/install/examples_rclcpp_minimal_publisher/lib/examples_rclcpp_minimal_publisher/publisher_member_function
[0.239s] -- Up-to-date symlink: /home/nazerke/ros2_ws/install/examples_rclcpp_minimal_publisher/lib/examples_rclcpp_minimal_publisher/publisher_member_function_with_type_adapter
[0.240s] -- Up-to-date symlink: /home/nazerke/ros2_ws/install/examples_rclcpp_minimal_publisher/lib/examples_rclcpp_minimal_publisher/publisher_member_function_with_unique_network_flow_endpoints
[0.243s] -- Up-to-date symlink: /home/nazerke/ros2_ws/install/examples_rclcpp_minimal_publisher/lib/examples_rclcpp_minimal_publisher/publisher_wait_for_all_acked
[0.244s] -- Up-to-date symlink: /home/nazerke/ros2_ws/install/examples_rclcpp_minimal_publisher/lib/examples_rclcpp_minimal_publisher/publisher_not_composable
[0.247s] -- Up-to-date symlink: /home/nazerke/ros2_ws/install/examples_rclcpp_minimal_publisher/share/ament_index/resource_index/package_run_dependencies/examples_rclcpp_minimal_publisher
[0.248s] -- Up-to-date symlink: /home/nazerke/ros2_ws/install/examples_rclcpp_minimal_publisher/share/ament_index/resource_index/parent_prefix_path/examples_rclcpp_minimal_publisher
[0.249s] -- Up-to-date symlink: /home/nazerke/ros2_ws/install/examples_rclcpp_minimal_publisher/share/examples_rclcpp_minimal_publisher/environment/ament_prefix_path.sh
[0.250s] -- Up-to-date symlink: /home/nazerke/ros2_ws/install/examples_rclcpp_minimal_publisher/share/examples_rclcpp_minimal_publisher/environment/ament_prefix_path.dsv
[0.250s] -- Up-to-date symlink: /home/nazerke/ros2_ws/install/examples_rclcpp_minimal_publisher/share/examples_rclcpp_minimal_publisher/environment/path.sh
[0.251s] -- Up-to-date symlink: /home/nazerke/ros2_ws/install/examples_rclcpp_minimal_publisher/share/examples_rclcpp_minimal_publisher/environment/path.dsv
[0.251s] -- Up-to-date symlink: /home/nazerke/ros2_ws/install/examples_rclcpp_minimal_publisher/share/examples_rclcpp_minimal_publisher/local_setup.bash
[0.252s] -- Up-to-date symlink: /home/nazerke/ros2_ws/install/examples_rclcpp_minimal_publisher/share/examples_rclcpp_minimal_publisher/local_setup.sh
[0.252s] -- Up-to-date symlink: /home/nazerke/ros2_ws/install/examples_rclcpp_minimal_publisher/share/examples_rclcpp_minimal_publisher/local_setup.zsh
[0.253s] -- Up-to-date symlink: /home/nazerke/ros2_ws/install/examples_rclcpp_minimal_publisher/share/examples_rclcpp_minimal_publisher/local_setup.dsv
[0.253s] -- Symlinking: /home/nazerke/ros2_ws/install/examples_rclcpp_minimal_publisher/share/examples_rclcpp_minimal_publisher/package.dsv
[0.266s] -- Up-to-date symlink: /home/nazerke/ros2_ws/install/examples_rclcpp_minimal_publisher/share/ament_index/resource_index/packages/examples_rclcpp_minimal_publisher
[0.270s] -- Up-to-date symlink: /home/nazerke/ros2_ws/install/examples_rclcpp_minimal_publisher/share/examples_rclcpp_minimal_publisher/cmake/examples_rclcpp_minimal_publisherConfig.cmake
[0.271s] -- Up-to-date symlink: /home/nazerke/ros2_ws/install/examples_rclcpp_minimal_publisher/share/examples_rclcpp_minimal_publisher/cmake/examples_rclcpp_minimal_publisherConfig-version.cmake
[0.271s] -- Up-to-date symlink: /home/nazerke/ros2_ws/install/examples_rclcpp_minimal_publisher/share/examples_rclcpp_minimal_publisher/package.xml
[0.301s] Invoked command in '/home/nazerke/ros2_ws/build/examples_rclcpp_minimal_publisher' returned '0': CMAKE_PREFIX_PATH=${CMAKE_PREFIX_PATH}:/opt/ros/jazzy /usr/bin/cmake --install /home/nazerke/ros2_ws/build/examples_rclcpp_minimal_publisher
