[1.974s] Invoking command in '/home/nazerke/ros2_ws/src/examples/rclpy/services/minimal_service': PYTHONPATH=/home/nazerke/ros2_ws/build/examples_rclpy_minimal_service/prefix_override:/usr/lib/python3/dist-packages/colcon_core/task/python/colcon_distutils_commands:/home/nazerke/ros2_ws/install/examples_rclpy_minimal_service/lib/python3.12/site-packages:${PYTHONPATH} /usr/bin/python3 -W ignore:setup.py install is deprecated -W ignore:easy_install command is deprecated setup.py egg_info --egg-base ../../../../../build/examples_rclpy_minimal_service build --build-base /home/nazerke/ros2_ws/build/examples_rclpy_minimal_service/build install --record /home/nazerke/ros2_ws/build/examples_rclpy_minimal_service/install.log --single-version-externally-managed install_data
[2.429s] running egg_info
[2.453s] writing ../../../../../build/examples_rclpy_minimal_service/examples_rclpy_minimal_service.egg-info/PKG-INFO
[2.454s] writing dependency_links to ../../../../../build/examples_rclpy_minimal_service/examples_rclpy_minimal_service.egg-info/dependency_links.txt
[2.454s] writing entry points to ../../../../../build/examples_rclpy_minimal_service/examples_rclpy_minimal_service.egg-info/entry_points.txt
[2.454s] writing requirements to ../../../../../build/examples_rclpy_minimal_service/examples_rclpy_minimal_service.egg-info/requires.txt
[2.454s] writing top-level names to ../../../../../build/examples_rclpy_minimal_service/examples_rclpy_minimal_service.egg-info/top_level.txt
[2.514s] reading manifest file '../../../../../build/examples_rclpy_minimal_service/examples_rclpy_minimal_service.egg-info/SOURCES.txt'
[2.526s] writing manifest file '../../../../../build/examples_rclpy_minimal_service/examples_rclpy_minimal_service.egg-info/SOURCES.txt'
[2.526s] running build
[2.527s] running build_py
[2.527s] running install
[2.534s] running install_lib
[2.564s] running install_data
[2.564s] running install_egg_info
[2.599s] removing '/home/nazerke/ros2_ws/install/examples_rclpy_minimal_service/lib/python3.12/site-packages/examples_rclpy_minimal_service-0.19.7-py3.12.egg-info' (and everything under it)
[2.599s] Copying ../../../../../build/examples_rclpy_minimal_service/examples_rclpy_minimal_service.egg-info to /home/nazerke/ros2_ws/install/examples_rclpy_minimal_service/lib/python3.12/site-packages/examples_rclpy_minimal_service-0.19.7-py3.12.egg-info
[2.609s] running install_scripts
[2.854s] Installing service script to /home/nazerke/ros2_ws/install/examples_rclpy_minimal_service/lib/examples_rclpy_minimal_service
[2.855s] Installing service_member_function script to /home/nazerke/ros2_ws/install/examples_rclpy_minimal_service/lib/examples_rclpy_minimal_service
[2.861s] writing list of installed files to '/home/nazerke/ros2_ws/build/examples_rclpy_minimal_service/install.log'
[3.047s] Invoked command in '/home/nazerke/ros2_ws/src/examples/rclpy/services/minimal_service' returned '0': PYTHONPATH=/home/nazerke/ros2_ws/build/examples_rclpy_minimal_service/prefix_override:/usr/lib/python3/dist-packages/colcon_core/task/python/colcon_distutils_commands:/home/nazerke/ros2_ws/install/examples_rclpy_minimal_service/lib/python3.12/site-packages:${PYTHONPATH} /usr/bin/python3 -W ignore:setup.py install is deprecated -W ignore:easy_install command is deprecated setup.py egg_info --egg-base ../../../../../build/examples_rclpy_minimal_service build --build-base /home/nazerke/ros2_ws/build/examples_rclpy_minimal_service/build install --record /home/nazerke/ros2_ws/build/examples_rclpy_minimal_service/install.log --single-version-externally-managed install_data
