[0.048s] Invoking command in '/home/nazerke/ros2_ws/build/examples_rclcpp_multithreaded_executor': CMAKE_PREFIX_PATH=${CMAKE_PREFIX_PATH}:/opt/ros/jazzy /usr/bin/cmake --build /home/nazerke/ros2_ws/build/examples_rclcpp_multithreaded_executor -- -j4 -l4
[0.203s] [100%] Built target multithreaded_executor
[0.258s] Invoked command in '/home/nazerke/ros2_ws/build/examples_rclcpp_multithreaded_executor' returned '0': CMAKE_PREFIX_PATH=${CMAKE_PREFIX_PATH}:/opt/ros/jazzy /usr/bin/cmake --build /home/nazerke/ros2_ws/build/examples_rclcpp_multithreaded_executor -- -j4 -l4
[0.258s] Invoking command in '/home/nazerke/ros2_ws/build/examples_rclcpp_multithreaded_executor': CMAKE_PREFIX_PATH=${CMAKE_PREFIX_PATH}:/opt/ros/jazzy /usr/bin/cmake --install /home/nazerke/ros2_ws/build/examples_rclcpp_multithreaded_executor
[0.279s] -- Install configuration: ""
[0.279s] -- Execute custom install script
[0.288s] -- Up-to-date symlink: /home/nazerke/ros2_ws/install/examples_rclcpp_multithreaded_executor/lib/examples_rclcpp_multithreaded_executor/multithreaded_executor
[0.288s] -- Up-to-date symlink: /home/nazerke/ros2_ws/install/examples_rclcpp_multithreaded_executor/share/ament_index/resource_index/package_run_dependencies/examples_rclcpp_multithreaded_executor
[0.289s] -- Up-to-date symlink: /home/nazerke/ros2_ws/install/examples_rclcpp_multithreaded_executor/share/ament_index/resource_index/parent_prefix_path/examples_rclcpp_multithreaded_executor
[0.291s] -- Up-to-date symlink: /home/nazerke/ros2_ws/install/examples_rclcpp_multithreaded_executor/share/examples_rclcpp_multithreaded_executor/environment/ament_prefix_path.sh
[0.292s] -- Up-to-date symlink: /home/nazerke/ros2_ws/install/examples_rclcpp_multithreaded_executor/share/examples_rclcpp_multithreaded_executor/environment/ament_prefix_path.dsv
[0.293s] -- Up-to-date symlink: /home/nazerke/ros2_ws/install/examples_rclcpp_multithreaded_executor/share/examples_rclcpp_multithreaded_executor/environment/path.sh
[0.293s] -- Up-to-date symlink: /home/nazerke/ros2_ws/install/examples_rclcpp_multithreaded_executor/share/examples_rclcpp_multithreaded_executor/environment/path.dsv
[0.294s] -- Up-to-date symlink: /home/nazerke/ros2_ws/install/examples_rclcpp_multithreaded_executor/share/examples_rclcpp_multithreaded_executor/local_setup.bash
[0.295s] -- Up-to-date symlink: /home/nazerke/ros2_ws/install/examples_rclcpp_multithreaded_executor/share/examples_rclcpp_multithreaded_executor/local_setup.sh
[0.296s] -- Up-to-date symlink: /home/nazerke/ros2_ws/install/examples_rclcpp_multithreaded_executor/share/examples_rclcpp_multithreaded_executor/local_setup.zsh
[0.297s] -- Up-to-date symlink: /home/nazerke/ros2_ws/install/examples_rclcpp_multithreaded_executor/share/examples_rclcpp_multithreaded_executor/local_setup.dsv
[0.297s] -- Symlinking: /home/nazerke/ros2_ws/install/examples_rclcpp_multithreaded_executor/share/examples_rclcpp_multithreaded_executor/package.dsv
[0.328s] -- Up-to-date symlink: /home/nazerke/ros2_ws/install/examples_rclcpp_multithreaded_executor/share/ament_index/resource_index/packages/examples_rclcpp_multithreaded_executor
[0.330s] -- Up-to-date symlink: /home/nazerke/ros2_ws/install/examples_rclcpp_multithreaded_executor/share/examples_rclcpp_multithreaded_executor/cmake/examples_rclcpp_multithreaded_executorConfig.cmake
[0.331s] -- Up-to-date symlink: /home/nazerke/ros2_ws/install/examples_rclcpp_multithreaded_executor/share/examples_rclcpp_multithreaded_executor/cmake/examples_rclcpp_multithreaded_executorConfig-version.cmake
[0.339s] -- Up-to-date symlink: /home/nazerke/ros2_ws/install/examples_rclcpp_multithreaded_executor/share/examples_rclcpp_multithreaded_executor/package.xml
[0.381s] Invoked command in '/home/nazerke/ros2_ws/build/examples_rclcpp_multithreaded_executor' returned '0': CMAKE_PREFIX_PATH=${CMAKE_PREFIX_PATH}:/opt/ros/jazzy /usr/bin/cmake --install /home/nazerke/ros2_ws/build/examples_rclcpp_multithreaded_executor
