[1.536s] Invoking command in '/home/nazerke/ros2_ws/build/examples_rclpy_minimal_service': PYTHONPATH=/home/nazerke/ros2_ws/build/examples_rclpy_minimal_service/prefix_override:/usr/lib/python3/dist-packages/colcon_core/task/python/colcon_distutils_commands:/home/nazerke/ros2_ws/install/examples_rclpy_minimal_service/lib/python3.12/site-packages:${PYTHONPATH} /usr/bin/python3 -W ignore:setup.py install is deprecated -W ignore:easy_install command is deprecated setup.py develop --uninstall --editable --build-directory /home/nazerke/ros2_ws/build/examples_rclpy_minimal_service/build
[2.032s] running develop
[2.379s] Removing /home/nazerke/ros2_ws/install/examples_rclpy_minimal_service/lib/python3.12/site-packages/examples-rclpy-minimal-service.egg-link (link to .)
[2.443s] Invoked command in '/home/nazerke/ros2_ws/build/examples_rclpy_minimal_service' returned '0': PYTHONPATH=/home/nazerke/ros2_ws/build/examples_rclpy_minimal_service/prefix_override:/usr/lib/python3/dist-packages/colcon_core/task/python/colcon_distutils_commands:/home/nazerke/ros2_ws/install/examples_rclpy_minimal_service/lib/python3.12/site-packages:${PYTHONPATH} /usr/bin/python3 -W ignore:setup.py install is deprecated -W ignore:easy_install command is deprecated setup.py develop --uninstall --editable --build-directory /home/nazerke/ros2_ws/build/examples_rclpy_minimal_service/build
[2.445s] Invoking command in '/home/nazerke/ros2_ws/src/examples/rclpy/services/minimal_service': PYTHONPATH=/home/nazerke/ros2_ws/build/examples_rclpy_minimal_service/prefix_override:/usr/lib/python3/dist-packages/colcon_core/task/python/colcon_distutils_commands:/home/nazerke/ros2_ws/install/examples_rclpy_minimal_service/lib/python3.12/site-packages:${PYTHONPATH} /usr/bin/python3 -W ignore:setup.py install is deprecated -W ignore:easy_install command is deprecated setup.py egg_info --egg-base ../../../../../build/examples_rclpy_minimal_service build --build-base /home/nazerke/ros2_ws/build/examples_rclpy_minimal_service/build install --record /home/nazerke/ros2_ws/build/examples_rclpy_minimal_service/install.log --single-version-externally-managed install_data --force
[2.862s] running egg_info
[2.889s] writing ../../../../../build/examples_rclpy_minimal_service/examples_rclpy_minimal_service.egg-info/PKG-INFO
[2.890s] writing dependency_links to ../../../../../build/examples_rclpy_minimal_service/examples_rclpy_minimal_service.egg-info/dependency_links.txt
[2.890s] writing entry points to ../../../../../build/examples_rclpy_minimal_service/examples_rclpy_minimal_service.egg-info/entry_points.txt
[2.890s] writing requirements to ../../../../../build/examples_rclpy_minimal_service/examples_rclpy_minimal_service.egg-info/requires.txt
[2.890s] writing top-level names to ../../../../../build/examples_rclpy_minimal_service/examples_rclpy_minimal_service.egg-info/top_level.txt
[2.946s] reading manifest file '../../../../../build/examples_rclpy_minimal_service/examples_rclpy_minimal_service.egg-info/SOURCES.txt'
[2.947s] writing manifest file '../../../../../build/examples_rclpy_minimal_service/examples_rclpy_minimal_service.egg-info/SOURCES.txt'
[2.947s] running build
[2.948s] running build_py
[2.948s] creating /home/nazerke/ros2_ws/build/examples_rclpy_minimal_service/build
[2.948s] creating /home/nazerke/ros2_ws/build/examples_rclpy_minimal_service/build/lib
[2.949s] creating /home/nazerke/ros2_ws/build/examples_rclpy_minimal_service/build/lib/examples_rclpy_minimal_service
[2.949s] copying examples_rclpy_minimal_service/service.py -> /home/nazerke/ros2_ws/build/examples_rclpy_minimal_service/build/lib/examples_rclpy_minimal_service
[2.950s] copying examples_rclpy_minimal_service/service_member_function.py -> /home/nazerke/ros2_ws/build/examples_rclpy_minimal_service/build/lib/examples_rclpy_minimal_service
[2.950s] copying examples_rclpy_minimal_service/__init__.py -> /home/nazerke/ros2_ws/build/examples_rclpy_minimal_service/build/lib/examples_rclpy_minimal_service
[2.951s] running install
[2.963s] running install_lib
[2.992s] creating /home/nazerke/ros2_ws/install/examples_rclpy_minimal_service/lib/python3.12/site-packages/examples_rclpy_minimal_service
[2.993s] copying /home/nazerke/ros2_ws/build/examples_rclpy_minimal_service/build/lib/examples_rclpy_minimal_service/service.py -> /home/nazerke/ros2_ws/install/examples_rclpy_minimal_service/lib/python3.12/site-packages/examples_rclpy_minimal_service
[2.993s] copying /home/nazerke/ros2_ws/build/examples_rclpy_minimal_service/build/lib/examples_rclpy_minimal_service/service_member_function.py -> /home/nazerke/ros2_ws/install/examples_rclpy_minimal_service/lib/python3.12/site-packages/examples_rclpy_minimal_service
[2.993s] copying /home/nazerke/ros2_ws/build/examples_rclpy_minimal_service/build/lib/examples_rclpy_minimal_service/__init__.py -> /home/nazerke/ros2_ws/install/examples_rclpy_minimal_service/lib/python3.12/site-packages/examples_rclpy_minimal_service
[2.994s] byte-compiling /home/nazerke/ros2_ws/install/examples_rclpy_minimal_service/lib/python3.12/site-packages/examples_rclpy_minimal_service/service.py to service.cpython-312.pyc
[2.995s] byte-compiling /home/nazerke/ros2_ws/install/examples_rclpy_minimal_service/lib/python3.12/site-packages/examples_rclpy_minimal_service/service_member_function.py to service_member_function.cpython-312.pyc
[2.995s] byte-compiling /home/nazerke/ros2_ws/install/examples_rclpy_minimal_service/lib/python3.12/site-packages/examples_rclpy_minimal_service/__init__.py to __init__.cpython-312.pyc
[2.996s] running install_data
[2.996s] copying resource/examples_rclpy_minimal_service -> /home/nazerke/ros2_ws/install/examples_rclpy_minimal_service/share/ament_index/resource_index/packages
[2.998s] copying package.xml -> /home/nazerke/ros2_ws/install/examples_rclpy_minimal_service/share/examples_rclpy_minimal_service
[2.998s] running install_egg_info
[3.029s] Copying ../../../../../build/examples_rclpy_minimal_service/examples_rclpy_minimal_service.egg-info to /home/nazerke/ros2_ws/install/examples_rclpy_minimal_service/lib/python3.12/site-packages/examples_rclpy_minimal_service-0.19.7-py3.12.egg-info
[3.030s] running install_scripts
[3.281s] Installing service script to /home/nazerke/ros2_ws/install/examples_rclpy_minimal_service/lib/examples_rclpy_minimal_service
[3.282s] Installing service_member_function script to /home/nazerke/ros2_ws/install/examples_rclpy_minimal_service/lib/examples_rclpy_minimal_service
[3.283s] writing list of installed files to '/home/nazerke/ros2_ws/build/examples_rclpy_minimal_service/install.log'
[3.635s] Invoked command in '/home/nazerke/ros2_ws/src/examples/rclpy/services/minimal_service' returned '0': PYTHONPATH=/home/nazerke/ros2_ws/build/examples_rclpy_minimal_service/prefix_override:/usr/lib/python3/dist-packages/colcon_core/task/python/colcon_distutils_commands:/home/nazerke/ros2_ws/install/examples_rclpy_minimal_service/lib/python3.12/site-packages:${PYTHONPATH} /usr/bin/python3 -W ignore:setup.py install is deprecated -W ignore:easy_install command is deprecated setup.py egg_info --egg-base ../../../../../build/examples_rclpy_minimal_service build --build-base /home/nazerke/ros2_ws/build/examples_rclpy_minimal_service/build install --record /home/nazerke/ros2_ws/build/examples_rclpy_minimal_service/install.log --single-version-externally-managed install_data --force
