[0.019s] Invoking command in '/home/nazerke/ros2_ws/build/my_package': CMAKE_PREFIX_PATH=${CMAKE_PREFIX_PATH}:/opt/ros/jazzy /usr/bin/cmake /home/nazerke/ros2_ws/src/my_package -DCMAKE_INSTALL_PREFIX=/home/nazerke/ros2_ws/install/my_package
[0.059s] -- Found ament_cmake: 2.5.5 (/opt/ros/jazzy/share/ament_cmake/cmake)
[0.476s] -- Override CMake install command with custom implementation using symlinks instead of copying resources
[0.491s] -- Found ament_lint_auto: 0.17.4 (/opt/ros/jazzy/share/ament_lint_auto/cmake)
[0.689s] -- Added test 'cppcheck' to perform static code analysis on C / C++ code
[0.690s] -- Configured cppcheck include dirs: $<BUILD_INTERFACE:/home/nazerke/ros2_ws/src/my_package/include>
[0.690s] -- Configured cppcheck exclude dirs and/or files: 
[0.691s] -- Added test 'lint_cmake' to check CMake code style
[0.694s] -- Added test 'uncrustify' to check C / C++ code style
[0.696s] -- Configured uncrustify additional arguments: 
[0.696s] -- Added test 'xmllint' to check XML markup files
[0.701s] -- Configuring done (0.7s)
[0.726s] -- Generating done (0.0s)
[0.731s] -- Build files have been written to: /home/nazerke/ros2_ws/build/my_package
[0.738s] Invoked command in '/home/nazerke/ros2_ws/build/my_package' returned '0': CMAKE_PREFIX_PATH=${CMAKE_PREFIX_PATH}:/opt/ros/jazzy /usr/bin/cmake /home/nazerke/ros2_ws/src/my_package -DCMAKE_INSTALL_PREFIX=/home/nazerke/ros2_ws/install/my_package
[0.739s] Invoking command in '/home/nazerke/ros2_ws/build/my_package': CMAKE_PREFIX_PATH=${CMAKE_PREFIX_PATH}:/opt/ros/jazzy /usr/bin/cmake --build /home/nazerke/ros2_ws/build/my_package -- -j4 -l4
[0.837s] [100%] Built target my_node
[0.859s] Invoked command in '/home/nazerke/ros2_ws/build/my_package' returned '0': CMAKE_PREFIX_PATH=${CMAKE_PREFIX_PATH}:/opt/ros/jazzy /usr/bin/cmake --build /home/nazerke/ros2_ws/build/my_package -- -j4 -l4
[0.861s] Invoking command in '/home/nazerke/ros2_ws/build/my_package': CMAKE_PREFIX_PATH=${CMAKE_PREFIX_PATH}:/opt/ros/jazzy /usr/bin/cmake --install /home/nazerke/ros2_ws/build/my_package
[0.874s] -- Install configuration: ""
[0.876s] -- Execute custom install script
[0.876s] -- Up-to-date symlink: /home/nazerke/ros2_ws/install/my_package/lib/my_package/my_node
[0.876s] -- Up-to-date symlink: /home/nazerke/ros2_ws/install/my_package/share/ament_index/resource_index/package_run_dependencies/my_package
[0.876s] -- Up-to-date symlink: /home/nazerke/ros2_ws/install/my_package/share/ament_index/resource_index/parent_prefix_path/my_package
[0.877s] -- Up-to-date symlink: /home/nazerke/ros2_ws/install/my_package/share/my_package/environment/ament_prefix_path.sh
[0.878s] -- Up-to-date symlink: /home/nazerke/ros2_ws/install/my_package/share/my_package/environment/ament_prefix_path.dsv
[0.878s] -- Up-to-date symlink: /home/nazerke/ros2_ws/install/my_package/share/my_package/environment/path.sh
[0.879s] -- Up-to-date symlink: /home/nazerke/ros2_ws/install/my_package/share/my_package/environment/path.dsv
[0.883s] -- Up-to-date symlink: /home/nazerke/ros2_ws/install/my_package/share/my_package/local_setup.bash
[0.883s] -- Up-to-date symlink: /home/nazerke/ros2_ws/install/my_package/share/my_package/local_setup.sh
[0.883s] -- Up-to-date symlink: /home/nazerke/ros2_ws/install/my_package/share/my_package/local_setup.zsh
[0.883s] -- Up-to-date symlink: /home/nazerke/ros2_ws/install/my_package/share/my_package/local_setup.dsv
[0.883s] -- Symlinking: /home/nazerke/ros2_ws/install/my_package/share/my_package/package.dsv
[0.905s] -- Up-to-date symlink: /home/nazerke/ros2_ws/install/my_package/share/ament_index/resource_index/packages/my_package
[0.906s] -- Up-to-date symlink: /home/nazerke/ros2_ws/install/my_package/share/my_package/cmake/my_packageConfig.cmake
[0.907s] -- Up-to-date symlink: /home/nazerke/ros2_ws/install/my_package/share/my_package/cmake/my_packageConfig-version.cmake
[0.908s] -- Up-to-date symlink: /home/nazerke/ros2_ws/install/my_package/share/my_package/package.xml
[0.911s] Invoked command in '/home/nazerke/ros2_ws/build/my_package' returned '0': CMAKE_PREFIX_PATH=${CMAKE_PREFIX_PATH}:/opt/ros/jazzy /usr/bin/cmake --install /home/nazerke/ros2_ws/build/my_package
