[0.063s] Invoking command in '/home/nazerke/ros2_ws/build/examples_rclcpp_minimal_composition': CMAKE_PREFIX_PATH=${CMAKE_PREFIX_PATH}:/opt/ros/jazzy /usr/bin/cmake /home/nazerke/ros2_ws/src/examples/rclcpp/composition/minimal_composition -DAMENT_CMAKE_SYMLINK_INSTALL=1 -DCMAKE_INSTALL_PREFIX=/home/nazerke/ros2_ws/install/examples_rclcpp_minimal_composition
[0.149s] -- Found ament_cmake: 2.5.5 (/opt/ros/jazzy/share/ament_cmake/cmake)
[1.220s] -- Override CMake install command with custom implementation using symlinks instead of copying resources
[1.266s] -- Found rclcpp: 28.1.16 (/opt/ros/jazzy/share/rclcpp/cmake)
[1.795s] -- Found rosidl_generator_c: 4.6.7 (/opt/ros/jazzy/share/rosidl_generator_c/cmake)
[1.836s] -- Found rosidl_generator_cpp: 4.6.7 (/opt/ros/jazzy/share/rosidl_generator_cpp/cmake)
[1.917s] -- Using all available rosidl_typesupport_c: rosidl_typesupport_fastrtps_c;rosidl_typesupport_introspection_c
[1.990s] -- Using all available rosidl_typesupport_cpp: rosidl_typesupport_fastrtps_cpp;rosidl_typesupport_introspection_cpp
[2.181s] -- Found rmw_implementation_cmake: 7.3.3 (/opt/ros/jazzy/share/rmw_implementation_cmake/cmake)
[2.187s] -- Found rmw_fastrtps_cpp: 8.4.3 (/opt/ros/jazzy/share/rmw_fastrtps_cpp/cmake)
[2.793s] -- Using RMW implementation 'rmw_fastrtps_cpp' as default
[3.400s] -- Found rclcpp_components: 28.1.16 (/opt/ros/jazzy/share/rclcpp_components/cmake)
[3.591s] -- Found std_msgs: 5.3.6 (/opt/ros/jazzy/share/std_msgs/cmake)
[3.673s] -- Found ament_lint_auto: 0.17.4 (/opt/ros/jazzy/share/ament_lint_auto/cmake)
[4.074s] -- Added test 'copyright' to check source files copyright and LICENSE
[4.084s] -- Added test 'cppcheck' to perform static code analysis on C / C++ code
[4.090s] -- Configured cppcheck include dirs: /home/nazerke/ros2_ws/src/examples/rclcpp/composition/minimal_composition/include
[4.090s] -- Configured cppcheck exclude dirs and/or files: 
[4.092s] -- Added test 'cpplint' to check C / C++ code against the Google style
[4.093s] -- Configured cpplint exclude dirs and/or files: 
[4.101s] -- Added test 'lint_cmake' to check CMake code style
[4.109s] -- Added test 'uncrustify' to check C / C++ code style
[4.109s] -- Configured uncrustify additional arguments: 
[4.109s] -- Added test 'xmllint' to check XML markup files
[4.116s] -- Configuring done (4.0s)
[4.376s] -- Generating done (0.2s)
[4.421s] -- Build files have been written to: /home/nazerke/ros2_ws/build/examples_rclcpp_minimal_composition
[4.452s] Invoked command in '/home/nazerke/ros2_ws/build/examples_rclcpp_minimal_composition' returned '0': CMAKE_PREFIX_PATH=${CMAKE_PREFIX_PATH}:/opt/ros/jazzy /usr/bin/cmake /home/nazerke/ros2_ws/src/examples/rclcpp/composition/minimal_composition -DAMENT_CMAKE_SYMLINK_INSTALL=1 -DCMAKE_INSTALL_PREFIX=/home/nazerke/ros2_ws/install/examples_rclcpp_minimal_composition
[4.457s] Invoking command in '/home/nazerke/ros2_ws/build/examples_rclcpp_minimal_composition': CMAKE_PREFIX_PATH=${CMAKE_PREFIX_PATH}:/opt/ros/jazzy /usr/bin/cmake --build /home/nazerke/ros2_ws/build/examples_rclcpp_minimal_composition -- -j4 -l4
[4.679s] [ 11%] [32mBuilding CXX object CMakeFiles/composition_nodes.dir/src/publisher_node.cpp.o[0m
[23.913s] [ 22%] [32mBuilding CXX object CMakeFiles/composition_nodes.dir/src/subscriber_node.cpp.o[0m
[45.858s] [ 33%] [32m[1mLinking CXX shared library libcomposition_nodes.so[0m
[46.889s] [ 33%] Built target composition_nodes
[46.952s] [ 44%] [32mBuilding CXX object CMakeFiles/composition_publisher.dir/src/standalone_publisher.cpp.o[0m
[54.300s] [ 55%] [32m[1mLinking CXX executable composition_publisher[0m
[54.941s] [ 55%] Built target composition_publisher
[54.976s] [ 66%] [32mBuilding CXX object CMakeFiles/composition_composed.dir/src/composed.cpp.o[0m
[63.470s] [ 77%] [32m[1mLinking CXX executable composition_composed[0m
[64.305s] [ 77%] Built target composition_composed
[64.345s] [ 88%] [32mBuilding CXX object CMakeFiles/composition_subscriber.dir/src/standalone_subscriber.cpp.o[0m
[73.359s] [100%] [32m[1mLinking CXX executable composition_subscriber[0m
[74.273s] [100%] Built target composition_subscriber
[74.299s] Invoked command in '/home/nazerke/ros2_ws/build/examples_rclcpp_minimal_composition' returned '0': CMAKE_PREFIX_PATH=${CMAKE_PREFIX_PATH}:/opt/ros/jazzy /usr/bin/cmake --build /home/nazerke/ros2_ws/build/examples_rclcpp_minimal_composition -- -j4 -l4
[74.301s] Invoking command in '/home/nazerke/ros2_ws/build/examples_rclcpp_minimal_composition': CMAKE_PREFIX_PATH=${CMAKE_PREFIX_PATH}:/opt/ros/jazzy /usr/bin/cmake --install /home/nazerke/ros2_ws/build/examples_rclcpp_minimal_composition
[74.323s] -- Install configuration: ""
[74.323s] -- Execute custom install script
[74.328s] -- Symlinking: /home/nazerke/ros2_ws/install/examples_rclcpp_minimal_composition/share/examples_rclcpp_minimal_composition/environment/library_path.sh
[74.353s] -- Symlinking: /home/nazerke/ros2_ws/install/examples_rclcpp_minimal_composition/share/examples_rclcpp_minimal_composition/environment/library_path.dsv
[74.380s] -- Symlinking: /home/nazerke/ros2_ws/install/examples_rclcpp_minimal_composition/lib/libcomposition_nodes.so
[74.407s] -- Symlinking: /home/nazerke/ros2_ws/install/examples_rclcpp_minimal_composition/lib/examples_rclcpp_minimal_composition/composition_publisher
[74.433s] -- Symlinking: /home/nazerke/ros2_ws/install/examples_rclcpp_minimal_composition/lib/examples_rclcpp_minimal_composition/composition_subscriber
[74.456s] -- Symlinking: /home/nazerke/ros2_ws/install/examples_rclcpp_minimal_composition/lib/examples_rclcpp_minimal_composition/composition_composed
[74.484s] -- Symlinking: /home/nazerke/ros2_ws/install/examples_rclcpp_minimal_composition/share/ament_index/resource_index/package_run_dependencies/examples_rclcpp_minimal_composition
[74.508s] -- Symlinking: /home/nazerke/ros2_ws/install/examples_rclcpp_minimal_composition/share/ament_index/resource_index/parent_prefix_path/examples_rclcpp_minimal_composition
[74.526s] -- Symlinking: /home/nazerke/ros2_ws/install/examples_rclcpp_minimal_composition/share/examples_rclcpp_minimal_composition/environment/ament_prefix_path.sh
[74.548s] -- Symlinking: /home/nazerke/ros2_ws/install/examples_rclcpp_minimal_composition/share/examples_rclcpp_minimal_composition/environment/ament_prefix_path.dsv
[74.573s] -- Symlinking: /home/nazerke/ros2_ws/install/examples_rclcpp_minimal_composition/share/examples_rclcpp_minimal_composition/environment/path.sh
[74.597s] -- Symlinking: /home/nazerke/ros2_ws/install/examples_rclcpp_minimal_composition/share/examples_rclcpp_minimal_composition/environment/path.dsv
[74.621s] -- Symlinking: /home/nazerke/ros2_ws/install/examples_rclcpp_minimal_composition/share/examples_rclcpp_minimal_composition/local_setup.bash
[74.646s] -- Symlinking: /home/nazerke/ros2_ws/install/examples_rclcpp_minimal_composition/share/examples_rclcpp_minimal_composition/local_setup.sh
[74.674s] -- Symlinking: /home/nazerke/ros2_ws/install/examples_rclcpp_minimal_composition/share/examples_rclcpp_minimal_composition/local_setup.zsh
[74.710s] -- Symlinking: /home/nazerke/ros2_ws/install/examples_rclcpp_minimal_composition/share/examples_rclcpp_minimal_composition/local_setup.dsv
[74.733s] -- Symlinking: /home/nazerke/ros2_ws/install/examples_rclcpp_minimal_composition/share/examples_rclcpp_minimal_composition/package.dsv
[74.756s] -- Symlinking: /home/nazerke/ros2_ws/install/examples_rclcpp_minimal_composition/share/ament_index/resource_index/packages/examples_rclcpp_minimal_composition
[74.775s] -- Symlinking: /home/nazerke/ros2_ws/install/examples_rclcpp_minimal_composition/share/examples_rclcpp_minimal_composition/cmake/examples_rclcpp_minimal_compositionConfig.cmake
[74.803s] -- Symlinking: /home/nazerke/ros2_ws/install/examples_rclcpp_minimal_composition/share/examples_rclcpp_minimal_composition/cmake/examples_rclcpp_minimal_compositionConfig-version.cmake
[74.827s] -- Symlinking: /home/nazerke/ros2_ws/install/examples_rclcpp_minimal_composition/share/examples_rclcpp_minimal_composition/package.xml
[74.855s] Invoked command in '/home/nazerke/ros2_ws/build/examples_rclcpp_minimal_composition' returned '0': CMAKE_PREFIX_PATH=${CMAKE_PREFIX_PATH}:/opt/ros/jazzy /usr/bin/cmake --install /home/nazerke/ros2_ws/build/examples_rclcpp_minimal_composition
