[0.045s] Invoking command in '/home/nazerke/ros2_ws/build/examples_rclcpp_minimal_action_client': CMAKE_PREFIX_PATH=${CMAKE_PREFIX_PATH}:/opt/ros/jazzy /usr/bin/cmake /home/nazerke/ros2_ws/src/examples/rclcpp/actions/minimal_action_client -DCMAKE_INSTALL_PREFIX=/home/nazerke/ros2_ws/install/examples_rclcpp_minimal_action_client
[0.574s] -- The C compiler identification is GNU 13.3.0
[1.622s] -- The CXX compiler identification is GNU 13.3.0
[2.616s] -- Detecting C compiler ABI info
[3.170s] -- Detecting C compiler ABI info - done
[3.197s] -- Check for working C compiler: /usr/bin/cc - skipped
[3.198s] -- Detecting C compile features
[3.198s] -- Detecting C compile features - done
[3.311s] -- Detecting CXX compiler ABI info
[3.939s] -- Detecting CXX compiler ABI info - done
[3.967s] -- Check for working CXX compiler: /usr/bin/c++ - skipped
[3.968s] -- Detecting CXX compile features
[3.969s] -- Detecting CXX compile features - done
[3.976s] -- Found ament_cmake: 2.5.5 (/opt/ros/jazzy/share/ament_cmake/cmake)
[4.382s] -- Found Python3: /usr/bin/python3 (found version "3.12.3") found components: Interpreter 
[4.717s] -- Found example_interfaces: 0.12.0 (/opt/ros/jazzy/share/example_interfaces/cmake)
[5.144s] -- Found rosidl_generator_c: 4.6.7 (/opt/ros/jazzy/share/rosidl_generator_c/cmake)
[5.183s] -- Found rosidl_generator_cpp: 4.6.7 (/opt/ros/jazzy/share/rosidl_generator_cpp/cmake)
[5.220s] -- Using all available rosidl_typesupport_c: rosidl_typesupport_fastrtps_c;rosidl_typesupport_introspection_c
[5.266s] -- Using all available rosidl_typesupport_cpp: rosidl_typesupport_fastrtps_cpp;rosidl_typesupport_introspection_cpp
[5.590s] -- Found rclcpp: 28.1.16 (/opt/ros/jazzy/share/rclcpp/cmake)
[5.820s] -- Found rmw_implementation_cmake: 7.3.3 (/opt/ros/jazzy/share/rmw_implementation_cmake/cmake)
[5.834s] -- Found rmw_fastrtps_cpp: 8.4.3 (/opt/ros/jazzy/share/rmw_fastrtps_cpp/cmake)
[6.279s] -- Found OpenSSL: /usr/lib/x86_64-linux-gnu/libcrypto.so (found version "3.0.13")  
[6.707s] -- Found FastRTPS: /opt/ros/jazzy/include (Required is at least version "2.13") 
[6.990s] -- Using RMW implementation 'rmw_fastrtps_cpp' as default
[7.839s] -- Found rclcpp_action: 28.1.16 (/opt/ros/jazzy/share/rclcpp_action/cmake)
[7.946s] -- Found ament_lint_auto: 0.17.4 (/opt/ros/jazzy/share/ament_lint_auto/cmake)
[8.510s] -- Added test 'copyright' to check source files copyright and LICENSE
[8.517s] -- Added test 'cppcheck' to perform static code analysis on C / C++ code
[8.522s] -- Configured cppcheck include dirs: 
[8.523s] -- Configured cppcheck exclude dirs and/or files: 
[8.526s] -- Added test 'cpplint' to check C / C++ code against the Google style
[8.527s] -- Configured cpplint exclude dirs and/or files: 
[8.527s] -- Added test 'lint_cmake' to check CMake code style
[8.529s] -- Added test 'uncrustify' to check C / C++ code style
[8.530s] -- Configured uncrustify additional arguments: 
[8.532s] -- Added test 'xmllint' to check XML markup files
[8.538s] -- Configuring done (8.4s)
[8.690s] -- Generating done (0.1s)
[8.754s] -- Build files have been written to: /home/nazerke/ros2_ws/build/examples_rclcpp_minimal_action_client
[8.966s] Invoked command in '/home/nazerke/ros2_ws/build/examples_rclcpp_minimal_action_client' returned '0': CMAKE_PREFIX_PATH=${CMAKE_PREFIX_PATH}:/opt/ros/jazzy /usr/bin/cmake /home/nazerke/ros2_ws/src/examples/rclcpp/actions/minimal_action_client -DCMAKE_INSTALL_PREFIX=/home/nazerke/ros2_ws/install/examples_rclcpp_minimal_action_client
[8.968s] Invoking command in '/home/nazerke/ros2_ws/build/examples_rclcpp_minimal_action_client': CMAKE_PREFIX_PATH=${CMAKE_PREFIX_PATH}:/opt/ros/jazzy /usr/bin/cmake --build /home/nazerke/ros2_ws/build/examples_rclcpp_minimal_action_client -- -j8 -l8
[11.738s] [ 12%] [32mBuilding CXX object CMakeFiles/action_client_member_functions.dir/member_functions.cpp.o[0m
[11.738s] [ 25%] [32mBuilding CXX object CMakeFiles/action_client_not_composable.dir/not_composable.cpp.o[0m
[11.739s] [ 37%] [32mBuilding CXX object CMakeFiles/action_client_not_composable_with_cancel.dir/not_composable_with_cancel.cpp.o[0m
[11.739s] [ 50%] [32mBuilding CXX object CMakeFiles/action_client_not_composable_with_feedback.dir/not_composable_with_feedback.cpp.o[0m
