[1.269s] Invoking command in '/home/nazerke/ros2_ws/build/examples_rclpy_minimal_client': PYTHONPATH=/home/nazerke/ros2_ws/build/examples_rclpy_minimal_client/prefix_override:/usr/lib/python3/dist-packages/colcon_core/task/python/colcon_distutils_commands:/home/nazerke/ros2_ws/install/examples_rclpy_minimal_client/lib/python3.12/site-packages:${PYTHONPATH} /usr/bin/python3 -W ignore:setup.py install is deprecated -W ignore:easy_install command is deprecated setup.py develop --uninstall --editable --build-directory /home/nazerke/ros2_ws/build/examples_rclpy_minimal_client/build
[1.746s] running develop
[2.064s] Removing /home/nazerke/ros2_ws/install/examples_rclpy_minimal_client/lib/python3.12/site-packages/examples-rclpy-minimal-client.egg-link (link to .)
[2.119s] Invoked command in '/home/nazerke/ros2_ws/build/examples_rclpy_minimal_client' returned '0': PYTHONPATH=/home/nazerke/ros2_ws/build/examples_rclpy_minimal_client/prefix_override:/usr/lib/python3/dist-packages/colcon_core/task/python/colcon_distutils_commands:/home/nazerke/ros2_ws/install/examples_rclpy_minimal_client/lib/python3.12/site-packages:${PYTHONPATH} /usr/bin/python3 -W ignore:setup.py install is deprecated -W ignore:easy_install command is deprecated setup.py develop --uninstall --editable --build-directory /home/nazerke/ros2_ws/build/examples_rclpy_minimal_client/build
[2.119s] Invoking command in '/home/nazerke/ros2_ws/src/examples/rclpy/services/minimal_client': PYTHONPATH=/home/nazerke/ros2_ws/build/examples_rclpy_minimal_client/prefix_override:/usr/lib/python3/dist-packages/colcon_core/task/python/colcon_distutils_commands:/home/nazerke/ros2_ws/install/examples_rclpy_minimal_client/lib/python3.12/site-packages:${PYTHONPATH} /usr/bin/python3 -W ignore:setup.py install is deprecated -W ignore:easy_install command is deprecated setup.py egg_info --egg-base ../../../../../build/examples_rclpy_minimal_client build --build-base /home/nazerke/ros2_ws/build/examples_rclpy_minimal_client/build install --record /home/nazerke/ros2_ws/build/examples_rclpy_minimal_client/install.log --single-version-externally-managed install_data --force
[2.559s] running egg_info
[2.602s] writing ../../../../../build/examples_rclpy_minimal_client/examples_rclpy_minimal_client.egg-info/PKG-INFO
[2.602s] writing dependency_links to ../../../../../build/examples_rclpy_minimal_client/examples_rclpy_minimal_client.egg-info/dependency_links.txt
[2.602s] writing entry points to ../../../../../build/examples_rclpy_minimal_client/examples_rclpy_minimal_client.egg-info/entry_points.txt
[2.603s] writing requirements to ../../../../../build/examples_rclpy_minimal_client/examples_rclpy_minimal_client.egg-info/requires.txt
[2.603s] writing top-level names to ../../../../../build/examples_rclpy_minimal_client/examples_rclpy_minimal_client.egg-info/top_level.txt
[2.674s] reading manifest file '../../../../../build/examples_rclpy_minimal_client/examples_rclpy_minimal_client.egg-info/SOURCES.txt'
[2.678s] writing manifest file '../../../../../build/examples_rclpy_minimal_client/examples_rclpy_minimal_client.egg-info/SOURCES.txt'
[2.678s] running build
[2.678s] running build_py
[2.678s] creating /home/nazerke/ros2_ws/build/examples_rclpy_minimal_client/build
[2.678s] creating /home/nazerke/ros2_ws/build/examples_rclpy_minimal_client/build/lib
[2.678s] creating /home/nazerke/ros2_ws/build/examples_rclpy_minimal_client/build/lib/examples_rclpy_minimal_client
[2.678s] copying examples_rclpy_minimal_client/client_async.py -> /home/nazerke/ros2_ws/build/examples_rclpy_minimal_client/build/lib/examples_rclpy_minimal_client
[2.679s] copying examples_rclpy_minimal_client/client_async_callback.py -> /home/nazerke/ros2_ws/build/examples_rclpy_minimal_client/build/lib/examples_rclpy_minimal_client
[2.679s] copying examples_rclpy_minimal_client/client.py -> /home/nazerke/ros2_ws/build/examples_rclpy_minimal_client/build/lib/examples_rclpy_minimal_client
[2.681s] copying examples_rclpy_minimal_client/client_async_member_function.py -> /home/nazerke/ros2_ws/build/examples_rclpy_minimal_client/build/lib/examples_rclpy_minimal_client
[2.687s] copying examples_rclpy_minimal_client/__init__.py -> /home/nazerke/ros2_ws/build/examples_rclpy_minimal_client/build/lib/examples_rclpy_minimal_client
[2.687s] running install
[2.694s] running install_lib
[2.731s] creating /home/nazerke/ros2_ws/install/examples_rclpy_minimal_client/lib/python3.12/site-packages/examples_rclpy_minimal_client
[2.732s] copying /home/nazerke/ros2_ws/build/examples_rclpy_minimal_client/build/lib/examples_rclpy_minimal_client/client_async.py -> /home/nazerke/ros2_ws/install/examples_rclpy_minimal_client/lib/python3.12/site-packages/examples_rclpy_minimal_client
[2.733s] copying /home/nazerke/ros2_ws/build/examples_rclpy_minimal_client/build/lib/examples_rclpy_minimal_client/client_async_callback.py -> /home/nazerke/ros2_ws/install/examples_rclpy_minimal_client/lib/python3.12/site-packages/examples_rclpy_minimal_client
[2.734s] copying /home/nazerke/ros2_ws/build/examples_rclpy_minimal_client/build/lib/examples_rclpy_minimal_client/client.py -> /home/nazerke/ros2_ws/install/examples_rclpy_minimal_client/lib/python3.12/site-packages/examples_rclpy_minimal_client
[2.734s] copying /home/nazerke/ros2_ws/build/examples_rclpy_minimal_client/build/lib/examples_rclpy_minimal_client/client_async_member_function.py -> /home/nazerke/ros2_ws/install/examples_rclpy_minimal_client/lib/python3.12/site-packages/examples_rclpy_minimal_client
[2.735s] copying /home/nazerke/ros2_ws/build/examples_rclpy_minimal_client/build/lib/examples_rclpy_minimal_client/__init__.py -> /home/nazerke/ros2_ws/install/examples_rclpy_minimal_client/lib/python3.12/site-packages/examples_rclpy_minimal_client
[2.735s] byte-compiling /home/nazerke/ros2_ws/install/examples_rclpy_minimal_client/lib/python3.12/site-packages/examples_rclpy_minimal_client/client_async.py to client_async.cpython-312.pyc
[2.737s] byte-compiling /home/nazerke/ros2_ws/install/examples_rclpy_minimal_client/lib/python3.12/site-packages/examples_rclpy_minimal_client/client_async_callback.py to client_async_callback.cpython-312.pyc
[2.738s] byte-compiling /home/nazerke/ros2_ws/install/examples_rclpy_minimal_client/lib/python3.12/site-packages/examples_rclpy_minimal_client/client.py to client.cpython-312.pyc
[2.739s] byte-compiling /home/nazerke/ros2_ws/install/examples_rclpy_minimal_client/lib/python3.12/site-packages/examples_rclpy_minimal_client/client_async_member_function.py to client_async_member_function.cpython-312.pyc
[2.740s] byte-compiling /home/nazerke/ros2_ws/install/examples_rclpy_minimal_client/lib/python3.12/site-packages/examples_rclpy_minimal_client/__init__.py to __init__.cpython-312.pyc
[2.741s] running install_data
[2.741s] copying resource/examples_rclpy_minimal_client -> /home/nazerke/ros2_ws/install/examples_rclpy_minimal_client/share/ament_index/resource_index/packages
[2.743s] copying package.xml -> /home/nazerke/ros2_ws/install/examples_rclpy_minimal_client/share/examples_rclpy_minimal_client
[2.747s] running install_egg_info
[2.793s] Copying ../../../../../build/examples_rclpy_minimal_client/examples_rclpy_minimal_client.egg-info to /home/nazerke/ros2_ws/install/examples_rclpy_minimal_client/lib/python3.12/site-packages/examples_rclpy_minimal_client-0.19.7-py3.12.egg-info
[2.795s] running install_scripts
[2.990s] Installing client script to /home/nazerke/ros2_ws/install/examples_rclpy_minimal_client/lib/examples_rclpy_minimal_client
[2.990s] Installing client_async script to /home/nazerke/ros2_ws/install/examples_rclpy_minimal_client/lib/examples_rclpy_minimal_client
[2.991s] Installing client_async_callback script to /home/nazerke/ros2_ws/install/examples_rclpy_minimal_client/lib/examples_rclpy_minimal_client
[2.991s] Installing client_async_member_function script to /home/nazerke/ros2_ws/install/examples_rclpy_minimal_client/lib/examples_rclpy_minimal_client
[2.992s] writing list of installed files to '/home/nazerke/ros2_ws/build/examples_rclpy_minimal_client/install.log'
[3.056s] Invoked command in '/home/nazerke/ros2_ws/src/examples/rclpy/services/minimal_client' returned '0': PYTHONPATH=/home/nazerke/ros2_ws/build/examples_rclpy_minimal_client/prefix_override:/usr/lib/python3/dist-packages/colcon_core/task/python/colcon_distutils_commands:/home/nazerke/ros2_ws/install/examples_rclpy_minimal_client/lib/python3.12/site-packages:${PYTHONPATH} /usr/bin/python3 -W ignore:setup.py install is deprecated -W ignore:easy_install command is deprecated setup.py egg_info --egg-base ../../../../../build/examples_rclpy_minimal_client build --build-base /home/nazerke/ros2_ws/build/examples_rclpy_minimal_client/build install --record /home/nazerke/ros2_ws/build/examples_rclpy_minimal_client/install.log --single-version-externally-managed install_data --force
