[4.201s] Invoking command in '/home/nazerke/ros2_ws/build/examples_rclpy_executors': PYTHONPATH=/home/nazerke/ros2_ws/build/examples_rclpy_executors/prefix_override:/usr/lib/python3/dist-packages/colcon_core/task/python/colcon_distutils_commands:/home/nazerke/ros2_ws/install/examples_rclpy_executors/lib/python3.12/site-packages:${PYTHONPATH} /usr/bin/python3 -W ignore:setup.py install is deprecated -W ignore:easy_install command is deprecated setup.py develop --editable --build-directory /home/nazerke/ros2_ws/build/examples_rclpy_executors/build --no-deps symlink_data
[5.139s] running develop
[5.798s] running egg_info
[5.799s] creating examples_rclpy_executors.egg-info
[5.862s] writing examples_rclpy_executors.egg-info/PKG-INFO
[5.864s] writing dependency_links to examples_rclpy_executors.egg-info/dependency_links.txt
[5.866s] writing entry points to examples_rclpy_executors.egg-info/entry_points.txt
[5.867s] writing requirements to examples_rclpy_executors.egg-info/requires.txt
[5.868s] writing top-level names to examples_rclpy_executors.egg-info/top_level.txt
[5.869s] writing manifest file 'examples_rclpy_executors.egg-info/SOURCES.txt'
[6.076s] reading manifest file 'examples_rclpy_executors.egg-info/SOURCES.txt'
[6.078s] writing manifest file 'examples_rclpy_executors.egg-info/SOURCES.txt'
[6.192s] running build_ext
[6.192s] Creating /home/nazerke/ros2_ws/install/examples_rclpy_executors/lib/python3.12/site-packages/examples-rclpy-executors.egg-link (link to .)
[6.193s] Installing callback_group script to /home/nazerke/ros2_ws/install/examples_rclpy_executors/lib/examples_rclpy_executors
[6.194s] Installing composed script to /home/nazerke/ros2_ws/install/examples_rclpy_executors/lib/examples_rclpy_executors
[6.195s] Installing custom_callback_group script to /home/nazerke/ros2_ws/install/examples_rclpy_executors/lib/examples_rclpy_executors
[6.196s] Installing custom_executor script to /home/nazerke/ros2_ws/install/examples_rclpy_executors/lib/examples_rclpy_executors
[6.196s] Installing listener script to /home/nazerke/ros2_ws/install/examples_rclpy_executors/lib/examples_rclpy_executors
[6.196s] Installing talker script to /home/nazerke/ros2_ws/install/examples_rclpy_executors/lib/examples_rclpy_executors
[6.197s] 
[6.199s] Installed /home/nazerke/ros2_ws/build/examples_rclpy_executors
[6.201s] running symlink_data
[6.201s] creating /home/nazerke/ros2_ws/install/examples_rclpy_executors/share/ament_index
[6.201s] creating /home/nazerke/ros2_ws/install/examples_rclpy_executors/share/ament_index/resource_index
[6.201s] creating /home/nazerke/ros2_ws/install/examples_rclpy_executors/share/ament_index/resource_index/packages
[6.202s] symbolically linking /home/nazerke/ros2_ws/build/examples_rclpy_executors/resource/examples_rclpy_executors -> /home/nazerke/ros2_ws/install/examples_rclpy_executors/share/ament_index/resource_index/packages
[6.202s] symbolically linking /home/nazerke/ros2_ws/build/examples_rclpy_executors/package.xml -> /home/nazerke/ros2_ws/install/examples_rclpy_executors/share/examples_rclpy_executors
[6.319s] Invoked command in '/home/nazerke/ros2_ws/build/examples_rclpy_executors' returned '0': PYTHONPATH=/home/nazerke/ros2_ws/build/examples_rclpy_executors/prefix_override:/usr/lib/python3/dist-packages/colcon_core/task/python/colcon_distutils_commands:/home/nazerke/ros2_ws/install/examples_rclpy_executors/lib/python3.12/site-packages:${PYTHONPATH} /usr/bin/python3 -W ignore:setup.py install is deprecated -W ignore:easy_install command is deprecated setup.py develop --editable --build-directory /home/nazerke/ros2_ws/build/examples_rclpy_executors/build --no-deps symlink_data
