[1.811s] Invoking command in '/home/nazerke/ros2_ws/src/examples/rclpy/services/minimal_client': PYTHONPATH=/home/nazerke/ros2_ws/build/examples_rclpy_minimal_client/prefix_override:/usr/lib/python3/dist-packages/colcon_core/task/python/colcon_distutils_commands:/home/nazerke/ros2_ws/install/examples_rclpy_minimal_client/lib/python3.12/site-packages:${PYTHONPATH} /usr/bin/python3 -W ignore:setup.py install is deprecated -W ignore:easy_install command is deprecated setup.py egg_info --egg-base ../../../../../build/examples_rclpy_minimal_client build --build-base /home/nazerke/ros2_ws/build/examples_rclpy_minimal_client/build install --record /home/nazerke/ros2_ws/build/examples_rclpy_minimal_client/install.log --single-version-externally-managed install_data
[2.314s] running egg_info
[2.351s] writing ../../../../../build/examples_rclpy_minimal_client/examples_rclpy_minimal_client.egg-info/PKG-INFO
[2.352s] writing dependency_links to ../../../../../build/examples_rclpy_minimal_client/examples_rclpy_minimal_client.egg-info/dependency_links.txt
[2.352s] writing entry points to ../../../../../build/examples_rclpy_minimal_client/examples_rclpy_minimal_client.egg-info/entry_points.txt
[2.352s] writing requirements to ../../../../../build/examples_rclpy_minimal_client/examples_rclpy_minimal_client.egg-info/requires.txt
[2.353s] writing top-level names to ../../../../../build/examples_rclpy_minimal_client/examples_rclpy_minimal_client.egg-info/top_level.txt
[2.423s] reading manifest file '../../../../../build/examples_rclpy_minimal_client/examples_rclpy_minimal_client.egg-info/SOURCES.txt'
[2.424s] writing manifest file '../../../../../build/examples_rclpy_minimal_client/examples_rclpy_minimal_client.egg-info/SOURCES.txt'
[2.425s] running build
[2.425s] running build_py
[2.426s] running install
[2.434s] running install_lib
[2.474s] running install_data
[2.474s] running install_egg_info
[2.508s] removing '/home/nazerke/ros2_ws/install/examples_rclpy_minimal_client/lib/python3.12/site-packages/examples_rclpy_minimal_client-0.19.7-py3.12.egg-info' (and everything under it)
[2.509s] Copying ../../../../../build/examples_rclpy_minimal_client/examples_rclpy_minimal_client.egg-info to /home/nazerke/ros2_ws/install/examples_rclpy_minimal_client/lib/python3.12/site-packages/examples_rclpy_minimal_client-0.19.7-py3.12.egg-info
[2.511s] running install_scripts
[2.731s] Installing client script to /home/nazerke/ros2_ws/install/examples_rclpy_minimal_client/lib/examples_rclpy_minimal_client
[2.731s] Installing client_async script to /home/nazerke/ros2_ws/install/examples_rclpy_minimal_client/lib/examples_rclpy_minimal_client
[2.732s] Installing client_async_callback script to /home/nazerke/ros2_ws/install/examples_rclpy_minimal_client/lib/examples_rclpy_minimal_client
[2.732s] Installing client_async_member_function script to /home/nazerke/ros2_ws/install/examples_rclpy_minimal_client/lib/examples_rclpy_minimal_client
[2.733s] writing list of installed files to '/home/nazerke/ros2_ws/build/examples_rclpy_minimal_client/install.log'
[2.815s] Invoked command in '/home/nazerke/ros2_ws/src/examples/rclpy/services/minimal_client' returned '0': PYTHONPATH=/home/nazerke/ros2_ws/build/examples_rclpy_minimal_client/prefix_override:/usr/lib/python3/dist-packages/colcon_core/task/python/colcon_distutils_commands:/home/nazerke/ros2_ws/install/examples_rclpy_minimal_client/lib/python3.12/site-packages:${PYTHONPATH} /usr/bin/python3 -W ignore:setup.py install is deprecated -W ignore:easy_install command is deprecated setup.py egg_info --egg-base ../../../../../build/examples_rclpy_minimal_client build --build-base /home/nazerke/ros2_ws/build/examples_rclpy_minimal_client/build install --record /home/nazerke/ros2_ws/build/examples_rclpy_minimal_client/install.log --single-version-externally-managed install_data
