[0.048s] Invoking command in '/home/nazerke/ros2_ws/build/examples_rclcpp_minimal_publisher': CMAKE_PREFIX_PATH=${CMAKE_PREFIX_PATH}:/opt/ros/jazzy /usr/bin/cmake /home/nazerke/ros2_ws/src/examples/rclcpp/topics/minimal_publisher -DCMAKE_INSTALL_PREFIX=/home/nazerke/ros2_ws/install/examples_rclcpp_minimal_publisher
[8.414s] -- The C compiler identification is GNU 13.3.0
[8.416s] -- The CXX compiler identification is GNU 13.3.0
[8.417s] -- Detecting C compiler ABI info
[8.418s] -- Detecting C compiler ABI info - done
[8.418s] -- Check for working C compiler: /usr/bin/cc - skipped
[8.419s] -- Detecting C compile features
[8.420s] -- Detecting C compile features - done
[8.420s] -- Detecting CXX compiler ABI info
[8.421s] -- Detecting CXX compiler ABI info - done
[8.422s] -- Check for working CXX compiler: /usr/bin/c++ - skipped
[8.422s] -- Detecting CXX compile features
[8.423s] -- Detecting CXX compile features - done
[8.423s] -- Found ament_cmake: 2.5.5 (/opt/ros/jazzy/share/ament_cmake/cmake)
[8.424s] -- Found Python3: /usr/bin/python3 (found version "3.12.3") found components: Interpreter 
[8.434s] -- Found rclcpp: 28.1.16 (/opt/ros/jazzy/share/rclcpp/cmake)
[8.435s] -- Found rosidl_generator_c: 4.6.7 (/opt/ros/jazzy/share/rosidl_generator_c/cmake)
[8.435s] -- Found rosidl_generator_cpp: 4.6.7 (/opt/ros/jazzy/share/rosidl_generator_cpp/cmake)
[8.435s] -- Using all available rosidl_typesupport_c: rosidl_typesupport_fastrtps_c;rosidl_typesupport_introspection_c
[8.436s] -- Using all available rosidl_typesupport_cpp: rosidl_typesupport_fastrtps_cpp;rosidl_typesupport_introspection_cpp
[8.436s] -- Found rmw_implementation_cmake: 7.3.3 (/opt/ros/jazzy/share/rmw_implementation_cmake/cmake)
[8.436s] -- Found rmw_fastrtps_cpp: 8.4.3 (/opt/ros/jazzy/share/rmw_fastrtps_cpp/cmake)
[8.439s] -- Found OpenSSL: /usr/lib/x86_64-linux-gnu/libcrypto.so (found version "3.0.13")  
[8.439s] -- Found FastRTPS: /opt/ros/jazzy/include (Required is at least version "2.13") 
[8.440s] -- Using RMW implementation 'rmw_fastrtps_cpp' as default
[8.440s] -- Found std_msgs: 5.3.6 (/opt/ros/jazzy/share/std_msgs/cmake)
[8.441s] -- Found ament_lint_auto: 0.17.4 (/opt/ros/jazzy/share/ament_lint_auto/cmake)
[8.441s] -- Added test 'copyright' to check source files copyright and LICENSE
[8.442s] -- Added test 'cppcheck' to perform static code analysis on C / C++ code
[8.442s] -- Configured cppcheck include dirs: 
[8.443s] -- Configured cppcheck exclude dirs and/or files: 
[8.445s] -- Added test 'cpplint' to check C / C++ code against the Google style
[8.446s] -- Configured cpplint exclude dirs and/or files: 
[8.446s] -- Added test 'lint_cmake' to check CMake code style
[8.446s] -- Added test 'uncrustify' to check C / C++ code style
[8.447s] -- Configured uncrustify additional arguments: 
[8.447s] -- Added test 'xmllint' to check XML markup files
[8.448s] -- Configuring done (8.2s)
[8.448s] -- Generating done (0.1s)
[8.455s] -- Build files have been written to: /home/nazerke/ros2_ws/build/examples_rclcpp_minimal_publisher
[8.507s] Invoked command in '/home/nazerke/ros2_ws/build/examples_rclcpp_minimal_publisher' returned '0': CMAKE_PREFIX_PATH=${CMAKE_PREFIX_PATH}:/opt/ros/jazzy /usr/bin/cmake /home/nazerke/ros2_ws/src/examples/rclcpp/topics/minimal_publisher -DCMAKE_INSTALL_PREFIX=/home/nazerke/ros2_ws/install/examples_rclcpp_minimal_publisher
[8.508s] Invoking command in '/home/nazerke/ros2_ws/build/examples_rclcpp_minimal_publisher': CMAKE_PREFIX_PATH=${CMAKE_PREFIX_PATH}:/opt/ros/jazzy /usr/bin/cmake --build /home/nazerke/ros2_ws/build/examples_rclcpp_minimal_publisher -- -j8 -l8
[9.331s] [  8%] [32mBuilding CXX object CMakeFiles/publisher_lambda.dir/lambda.cpp.o[0m
[9.331s] [ 16%] [32mBuilding CXX object CMakeFiles/publisher_not_composable.dir/not_composable.cpp.o[0m
[9.332s] [ 25%] [32mBuilding CXX object CMakeFiles/publisher_member_function_with_unique_network_flow_endpoints.dir/member_function_with_unique_network_flow_endpoints.cpp.o[0m
[9.332s] [ 33%] [32mBuilding CXX object CMakeFiles/publisher_member_function_with_type_adapter.dir/member_function_with_type_adapter.cpp.o[0m
[9.332s] [ 41%] [32mBuilding CXX object CMakeFiles/publisher_wait_for_all_acked.dir/member_function_with_wait_for_all_acked.cpp.o[0m
[9.332s] [ 50%] [32mBuilding CXX object CMakeFiles/publisher_member_function.dir/member_function.cpp.o[0m
