[0.032s] Invoking command in '/home/nazerke/ros2_ws/build/my_package': CMAKE_PREFIX_PATH=${CMAKE_PREFIX_PATH}:/opt/ros/jazzy /usr/bin/cmake /home/nazerke/ros2_ws/src/my_package -DAMENT_CMAKE_SYMLINK_INSTALL=1 -DCMAKE_INSTALL_PREFIX=/home/nazerke/ros2_ws/install/my_package
[0.420s] -- The C compiler identification is GNU 13.3.0
[2.431s] -- The CXX compiler identification is GNU 13.3.0
[4.263s] -- Detecting C compiler ABI info
[5.097s] -- Detecting C compiler ABI info - done
[5.147s] -- Check for working C compiler: /usr/bin/cc - skipped
[5.148s] -- Detecting C compile features
[5.149s] -- Detecting C compile features - done
[5.421s] -- Detecting CXX compiler ABI info
[6.363s] -- Detecting CXX compiler ABI info - done
[6.399s] -- Check for working CXX compiler: /usr/bin/c++ - skipped
[6.405s] -- Detecting CXX compile features
[6.405s] -- Detecting CXX compile features - done
[6.418s] -- Found ament_cmake: 2.5.5 (/opt/ros/jazzy/share/ament_cmake/cmake)
[7.001s] -- Found Python3: /usr/bin/python3 (found version "3.12.3") found components: Interpreter 
[7.365s] -- Override CMake install command with custom implementation using symlinks instead of copying resources
[7.501s] -- Found ament_lint_auto: 0.17.4 (/opt/ros/jazzy/share/ament_lint_auto/cmake)
[8.061s] -- Added test 'cppcheck' to perform static code analysis on C / C++ code
[8.062s] -- Configured cppcheck include dirs: $<BUILD_INTERFACE:/home/nazerke/ros2_ws/src/my_package/include>
[8.067s] -- Configured cppcheck exclude dirs and/or files: 
[8.067s] -- Added test 'lint_cmake' to check CMake code style
[8.070s] -- Added test 'uncrustify' to check C / C++ code style
[8.070s] -- Configured uncrustify additional arguments: 
[8.072s] -- Added test 'xmllint' to check XML markup files
[8.081s] -- Configuring done (8.0s)
[8.116s] -- Generating done (0.0s)
[8.126s] -- Build files have been written to: /home/nazerke/ros2_ws/build/my_package
[8.138s] Invoked command in '/home/nazerke/ros2_ws/build/my_package' returned '0': CMAKE_PREFIX_PATH=${CMAKE_PREFIX_PATH}:/opt/ros/jazzy /usr/bin/cmake /home/nazerke/ros2_ws/src/my_package -DAMENT_CMAKE_SYMLINK_INSTALL=1 -DCMAKE_INSTALL_PREFIX=/home/nazerke/ros2_ws/install/my_package
[8.140s] Invoking command in '/home/nazerke/ros2_ws/build/my_package': CMAKE_PREFIX_PATH=${CMAKE_PREFIX_PATH}:/opt/ros/jazzy /usr/bin/cmake --build /home/nazerke/ros2_ws/build/my_package -- -j4 -l4
[8.284s] [ 50%] [32mBuilding CXX object CMakeFiles/my_node.dir/src/my_node.cpp.o[0m
[8.355s] [100%] [32m[1mLinking CXX executable my_node[0m
[8.698s] [100%] Built target my_node
[8.719s] Invoked command in '/home/nazerke/ros2_ws/build/my_package' returned '0': CMAKE_PREFIX_PATH=${CMAKE_PREFIX_PATH}:/opt/ros/jazzy /usr/bin/cmake --build /home/nazerke/ros2_ws/build/my_package -- -j4 -l4
[8.721s] Invoking command in '/home/nazerke/ros2_ws/build/my_package': CMAKE_PREFIX_PATH=${CMAKE_PREFIX_PATH}:/opt/ros/jazzy /usr/bin/cmake --install /home/nazerke/ros2_ws/build/my_package
[8.737s] -- Install configuration: ""
[8.738s] -- Execute custom install script
[8.741s] -- Symlinking: /home/nazerke/ros2_ws/install/my_package/lib/my_package/my_node
[8.764s] -- Symlinking: /home/nazerke/ros2_ws/install/my_package/share/ament_index/resource_index/package_run_dependencies/my_package
[8.786s] -- Symlinking: /home/nazerke/ros2_ws/install/my_package/share/ament_index/resource_index/parent_prefix_path/my_package
[8.811s] -- Symlinking: /home/nazerke/ros2_ws/install/my_package/share/my_package/environment/ament_prefix_path.sh
[8.842s] -- Symlinking: /home/nazerke/ros2_ws/install/my_package/share/my_package/environment/ament_prefix_path.dsv
[8.874s] -- Symlinking: /home/nazerke/ros2_ws/install/my_package/share/my_package/environment/path.sh
[8.900s] -- Symlinking: /home/nazerke/ros2_ws/install/my_package/share/my_package/environment/path.dsv
[8.924s] -- Symlinking: /home/nazerke/ros2_ws/install/my_package/share/my_package/local_setup.bash
[8.951s] -- Symlinking: /home/nazerke/ros2_ws/install/my_package/share/my_package/local_setup.sh
[8.978s] -- Symlinking: /home/nazerke/ros2_ws/install/my_package/share/my_package/local_setup.zsh
[9.000s] -- Symlinking: /home/nazerke/ros2_ws/install/my_package/share/my_package/local_setup.dsv
[9.028s] -- Symlinking: /home/nazerke/ros2_ws/install/my_package/share/my_package/package.dsv
[9.058s] -- Symlinking: /home/nazerke/ros2_ws/install/my_package/share/ament_index/resource_index/packages/my_package
[9.092s] -- Symlinking: /home/nazerke/ros2_ws/install/my_package/share/my_package/cmake/my_packageConfig.cmake
[9.123s] -- Symlinking: /home/nazerke/ros2_ws/install/my_package/share/my_package/cmake/my_packageConfig-version.cmake
[9.159s] -- Symlinking: /home/nazerke/ros2_ws/install/my_package/share/my_package/package.xml
[9.203s] Invoked command in '/home/nazerke/ros2_ws/build/my_package' returned '0': CMAKE_PREFIX_PATH=${CMAKE_PREFIX_PATH}:/opt/ros/jazzy /usr/bin/cmake --install /home/nazerke/ros2_ws/build/my_package
