[3.969s] Invoking command in '/home/nazerke/ros2_ws/build/examples_rclpy_minimal_action_server': PYTHONPATH=/home/nazerke/ros2_ws/build/examples_rclpy_minimal_action_server/prefix_override:/usr/lib/python3/dist-packages/colcon_core/task/python/colcon_distutils_commands:/home/nazerke/ros2_ws/install/examples_rclpy_minimal_action_server/lib/python3.12/site-packages:${PYTHONPATH} /usr/bin/python3 -W ignore:setup.py install is deprecated -W ignore:easy_install command is deprecated setup.py develop --editable --build-directory /home/nazerke/ros2_ws/build/examples_rclpy_minimal_action_server/build --no-deps symlink_data
[5.233s] running develop
[5.890s] running egg_info
[5.891s] creating examples_rclpy_minimal_action_server.egg-info
[5.960s] writing examples_rclpy_minimal_action_server.egg-info/PKG-INFO
[5.961s] writing dependency_links to examples_rclpy_minimal_action_server.egg-info/dependency_links.txt
[5.961s] writing entry points to examples_rclpy_minimal_action_server.egg-info/entry_points.txt
[5.962s] writing requirements to examples_rclpy_minimal_action_server.egg-info/requires.txt
[5.962s] writing top-level names to examples_rclpy_minimal_action_server.egg-info/top_level.txt
[5.962s] writing manifest file 'examples_rclpy_minimal_action_server.egg-info/SOURCES.txt'
[6.104s] reading manifest file 'examples_rclpy_minimal_action_server.egg-info/SOURCES.txt'
[6.107s] writing manifest file 'examples_rclpy_minimal_action_server.egg-info/SOURCES.txt'
[6.189s] running build_ext
[6.189s] Creating /home/nazerke/ros2_ws/install/examples_rclpy_minimal_action_server/lib/python3.12/site-packages/examples-rclpy-minimal-action-server.egg-link (link to .)
[6.192s] Installing server script to /home/nazerke/ros2_ws/install/examples_rclpy_minimal_action_server/lib/examples_rclpy_minimal_action_server
[6.194s] Installing server_defer script to /home/nazerke/ros2_ws/install/examples_rclpy_minimal_action_server/lib/examples_rclpy_minimal_action_server
[6.195s] Installing server_not_composable script to /home/nazerke/ros2_ws/install/examples_rclpy_minimal_action_server/lib/examples_rclpy_minimal_action_server
[6.195s] Installing server_queue_goals script to /home/nazerke/ros2_ws/install/examples_rclpy_minimal_action_server/lib/examples_rclpy_minimal_action_server
[6.197s] Installing server_single_goal script to /home/nazerke/ros2_ws/install/examples_rclpy_minimal_action_server/lib/examples_rclpy_minimal_action_server
[6.197s] 
[6.197s] Installed /home/nazerke/ros2_ws/build/examples_rclpy_minimal_action_server
[6.197s] running symlink_data
[6.199s] creating /home/nazerke/ros2_ws/install/examples_rclpy_minimal_action_server/share/ament_index
[6.199s] creating /home/nazerke/ros2_ws/install/examples_rclpy_minimal_action_server/share/ament_index/resource_index
[6.199s] creating /home/nazerke/ros2_ws/install/examples_rclpy_minimal_action_server/share/ament_index/resource_index/packages
[6.203s] symbolically linking /home/nazerke/ros2_ws/build/examples_rclpy_minimal_action_server/resource/examples_rclpy_minimal_action_server -> /home/nazerke/ros2_ws/install/examples_rclpy_minimal_action_server/share/ament_index/resource_index/packages
[6.203s] symbolically linking /home/nazerke/ros2_ws/build/examples_rclpy_minimal_action_server/package.xml -> /home/nazerke/ros2_ws/install/examples_rclpy_minimal_action_server/share/examples_rclpy_minimal_action_server
[6.325s] Invoked command in '/home/nazerke/ros2_ws/build/examples_rclpy_minimal_action_server' returned '0': PYTHONPATH=/home/nazerke/ros2_ws/build/examples_rclpy_minimal_action_server/prefix_override:/usr/lib/python3/dist-packages/colcon_core/task/python/colcon_distutils_commands:/home/nazerke/ros2_ws/install/examples_rclpy_minimal_action_server/lib/python3.12/site-packages:${PYTHONPATH} /usr/bin/python3 -W ignore:setup.py install is deprecated -W ignore:easy_install command is deprecated setup.py develop --editable --build-directory /home/nazerke/ros2_ws/build/examples_rclpy_minimal_action_server/build --no-deps symlink_data
