[2.267s] Invoking command in '/home/nazerke/ros2_ws/src/examples/rclpy/actions/minimal_action_server': PYTHONPATH=/home/nazerke/ros2_ws/build/examples_rclpy_minimal_action_server/prefix_override:/usr/lib/python3/dist-packages/colcon_core/task/python/colcon_distutils_commands:/home/nazerke/ros2_ws/install/examples_rclpy_minimal_action_server/lib/python3.12/site-packages:${PYTHONPATH} /usr/bin/python3 -W ignore:setup.py install is deprecated -W ignore:easy_install command is deprecated setup.py egg_info --egg-base ../../../../../build/examples_rclpy_minimal_action_server build --build-base /home/nazerke/ros2_ws/build/examples_rclpy_minimal_action_server/build install --record /home/nazerke/ros2_ws/build/examples_rclpy_minimal_action_server/install.log --single-version-externally-managed install_data
[2.691s] running egg_info
[2.722s] writing ../../../../../build/examples_rclpy_minimal_action_server/examples_rclpy_minimal_action_server.egg-info/PKG-INFO
[2.722s] writing dependency_links to ../../../../../build/examples_rclpy_minimal_action_server/examples_rclpy_minimal_action_server.egg-info/dependency_links.txt
[2.723s] writing entry points to ../../../../../build/examples_rclpy_minimal_action_server/examples_rclpy_minimal_action_server.egg-info/entry_points.txt
[2.723s] writing requirements to ../../../../../build/examples_rclpy_minimal_action_server/examples_rclpy_minimal_action_server.egg-info/requires.txt
[2.724s] writing top-level names to ../../../../../build/examples_rclpy_minimal_action_server/examples_rclpy_minimal_action_server.egg-info/top_level.txt
[2.787s] reading manifest file '../../../../../build/examples_rclpy_minimal_action_server/examples_rclpy_minimal_action_server.egg-info/SOURCES.txt'
[2.788s] writing manifest file '../../../../../build/examples_rclpy_minimal_action_server/examples_rclpy_minimal_action_server.egg-info/SOURCES.txt'
[2.788s] running build
[2.788s] running build_py
[2.789s] running install
[2.797s] running install_lib
[2.844s] running install_data
[2.845s] running install_egg_info
[2.879s] removing '/home/nazerke/ros2_ws/install/examples_rclpy_minimal_action_server/lib/python3.12/site-packages/examples_rclpy_minimal_action_server-0.19.7-py3.12.egg-info' (and everything under it)
[2.880s] Copying ../../../../../build/examples_rclpy_minimal_action_server/examples_rclpy_minimal_action_server.egg-info to /home/nazerke/ros2_ws/install/examples_rclpy_minimal_action_server/lib/python3.12/site-packages/examples_rclpy_minimal_action_server-0.19.7-py3.12.egg-info
[2.885s] running install_scripts
[3.092s] Installing server script to /home/nazerke/ros2_ws/install/examples_rclpy_minimal_action_server/lib/examples_rclpy_minimal_action_server
[3.093s] Installing server_defer script to /home/nazerke/ros2_ws/install/examples_rclpy_minimal_action_server/lib/examples_rclpy_minimal_action_server
[3.094s] Installing server_not_composable script to /home/nazerke/ros2_ws/install/examples_rclpy_minimal_action_server/lib/examples_rclpy_minimal_action_server
[3.095s] Installing server_queue_goals script to /home/nazerke/ros2_ws/install/examples_rclpy_minimal_action_server/lib/examples_rclpy_minimal_action_server
[3.096s] Installing server_single_goal script to /home/nazerke/ros2_ws/install/examples_rclpy_minimal_action_server/lib/examples_rclpy_minimal_action_server
[3.097s] writing list of installed files to '/home/nazerke/ros2_ws/build/examples_rclpy_minimal_action_server/install.log'
[3.496s] Invoked command in '/home/nazerke/ros2_ws/src/examples/rclpy/actions/minimal_action_server' returned '0': PYTHONPATH=/home/nazerke/ros2_ws/build/examples_rclpy_minimal_action_server/prefix_override:/usr/lib/python3/dist-packages/colcon_core/task/python/colcon_distutils_commands:/home/nazerke/ros2_ws/install/examples_rclpy_minimal_action_server/lib/python3.12/site-packages:${PYTHONPATH} /usr/bin/python3 -W ignore:setup.py install is deprecated -W ignore:easy_install command is deprecated setup.py egg_info --egg-base ../../../../../build/examples_rclpy_minimal_action_server build --build-base /home/nazerke/ros2_ws/build/examples_rclpy_minimal_action_server/build install --record /home/nazerke/ros2_ws/build/examples_rclpy_minimal_action_server/install.log --single-version-externally-managed install_data
