[0.042s] Invoking command in '/home/nazerke/ros2_ws/build/examples_rclcpp_async_client': CMAKE_PREFIX_PATH=${CMAKE_PREFIX_PATH}:/opt/ros/jazzy /usr/bin/cmake /home/nazerke/ros2_ws/src/examples/rclcpp/services/async_client -DAMENT_CMAKE_SYMLINK_INSTALL=1 -DCMAKE_INSTALL_PREFIX=/home/nazerke/ros2_ws/install/examples_rclcpp_async_client
[0.153s] -- Found ament_cmake: 2.5.5 (/opt/ros/jazzy/share/ament_cmake/cmake)
[0.485s] -- Override CMake install command with custom implementation using symlinks instead of copying resources
[0.522s] -- Found example_interfaces: 0.12.0 (/opt/ros/jazzy/share/example_interfaces/cmake)
[0.687s] -- Found rosidl_generator_c: 4.6.7 (/opt/ros/jazzy/share/rosidl_generator_c/cmake)
[0.705s] -- Found rosidl_generator_cpp: 4.6.7 (/opt/ros/jazzy/share/rosidl_generator_cpp/cmake)
[0.734s] -- Using all available rosidl_typesupport_c: rosidl_typesupport_fastrtps_c;rosidl_typesupport_introspection_c
[0.760s] -- Using all available rosidl_typesupport_cpp: rosidl_typesupport_fastrtps_cpp;rosidl_typesupport_introspection_cpp
[0.889s] -- Found rclcpp: 28.1.16 (/opt/ros/jazzy/share/rclcpp/cmake)
[0.937s] -- Found rmw_implementation_cmake: 7.3.3 (/opt/ros/jazzy/share/rmw_implementation_cmake/cmake)
[0.939s] -- Found rmw_fastrtps_cpp: 8.4.3 (/opt/ros/jazzy/share/rmw_fastrtps_cpp/cmake)
[1.170s] -- Using RMW implementation 'rmw_fastrtps_cpp' as default
[1.421s] -- Found ament_lint_auto: 0.17.4 (/opt/ros/jazzy/share/ament_lint_auto/cmake)
[1.586s] -- Added test 'copyright' to check source files copyright and LICENSE
[1.587s] -- Added test 'cppcheck' to perform static code analysis on C / C++ code
[1.588s] -- Configured cppcheck include dirs: 
[1.588s] -- Configured cppcheck exclude dirs and/or files: 
[1.588s] -- Added test 'cpplint' to check C / C++ code against the Google style
[1.589s] -- Configured cpplint exclude dirs and/or files: 
[1.589s] -- Added test 'lint_cmake' to check CMake code style
[1.590s] -- Added test 'uncrustify' to check C / C++ code style
[1.590s] -- Configured uncrustify additional arguments: 
[1.593s] -- Added test 'xmllint' to check XML markup files
[1.594s] -- Configuring done (1.5s)
[1.623s] -- Generating done (0.0s)
[1.628s] -- Build files have been written to: /home/nazerke/ros2_ws/build/examples_rclcpp_async_client
[1.646s] Invoked command in '/home/nazerke/ros2_ws/build/examples_rclcpp_async_client' returned '0': CMAKE_PREFIX_PATH=${CMAKE_PREFIX_PATH}:/opt/ros/jazzy /usr/bin/cmake /home/nazerke/ros2_ws/src/examples/rclcpp/services/async_client -DAMENT_CMAKE_SYMLINK_INSTALL=1 -DCMAKE_INSTALL_PREFIX=/home/nazerke/ros2_ws/install/examples_rclcpp_async_client
[1.647s] Invoking command in '/home/nazerke/ros2_ws/build/examples_rclcpp_async_client': CMAKE_PREFIX_PATH=${CMAKE_PREFIX_PATH}:/opt/ros/jazzy /usr/bin/cmake --build /home/nazerke/ros2_ws/build/examples_rclcpp_async_client -- -j4 -l4
[1.763s] [ 50%] [32mBuilding CXX object CMakeFiles/client_main.dir/main.cpp.o[0m
[41.892s] [100%] [32m[1mLinking CXX executable client_main[0m
[43.492s] [100%] Built target client_main
[43.712s] Invoked command in '/home/nazerke/ros2_ws/build/examples_rclcpp_async_client' returned '0': CMAKE_PREFIX_PATH=${CMAKE_PREFIX_PATH}:/opt/ros/jazzy /usr/bin/cmake --build /home/nazerke/ros2_ws/build/examples_rclcpp_async_client -- -j4 -l4
[43.721s] Invoking command in '/home/nazerke/ros2_ws/build/examples_rclcpp_async_client': CMAKE_PREFIX_PATH=${CMAKE_PREFIX_PATH}:/opt/ros/jazzy /usr/bin/cmake --install /home/nazerke/ros2_ws/build/examples_rclcpp_async_client
[43.763s] -- Install configuration: ""
[43.763s] -- Execute custom install script
[43.781s] -- Symlinking: /home/nazerke/ros2_ws/install/examples_rclcpp_async_client/lib/examples_rclcpp_async_client/client_main
[43.823s] -- Symlinking: /home/nazerke/ros2_ws/install/examples_rclcpp_async_client/share/ament_index/resource_index/package_run_dependencies/examples_rclcpp_async_client
[43.849s] -- Symlinking: /home/nazerke/ros2_ws/install/examples_rclcpp_async_client/share/ament_index/resource_index/parent_prefix_path/examples_rclcpp_async_client
[43.872s] -- Symlinking: /home/nazerke/ros2_ws/install/examples_rclcpp_async_client/share/examples_rclcpp_async_client/environment/ament_prefix_path.sh
[43.923s] -- Symlinking: /home/nazerke/ros2_ws/install/examples_rclcpp_async_client/share/examples_rclcpp_async_client/environment/ament_prefix_path.dsv
[43.951s] -- Symlinking: /home/nazerke/ros2_ws/install/examples_rclcpp_async_client/share/examples_rclcpp_async_client/environment/path.sh
[43.978s] -- Symlinking: /home/nazerke/ros2_ws/install/examples_rclcpp_async_client/share/examples_rclcpp_async_client/environment/path.dsv
[44.024s] -- Symlinking: /home/nazerke/ros2_ws/install/examples_rclcpp_async_client/share/examples_rclcpp_async_client/local_setup.bash
[44.042s] -- Symlinking: /home/nazerke/ros2_ws/install/examples_rclcpp_async_client/share/examples_rclcpp_async_client/local_setup.sh
[44.065s] -- Symlinking: /home/nazerke/ros2_ws/install/examples_rclcpp_async_client/share/examples_rclcpp_async_client/local_setup.zsh
[44.089s] -- Symlinking: /home/nazerke/ros2_ws/install/examples_rclcpp_async_client/share/examples_rclcpp_async_client/local_setup.dsv
[44.114s] -- Symlinking: /home/nazerke/ros2_ws/install/examples_rclcpp_async_client/share/examples_rclcpp_async_client/package.dsv
[44.141s] -- Symlinking: /home/nazerke/ros2_ws/install/examples_rclcpp_async_client/share/ament_index/resource_index/packages/examples_rclcpp_async_client
[44.172s] -- Symlinking: /home/nazerke/ros2_ws/install/examples_rclcpp_async_client/share/examples_rclcpp_async_client/cmake/examples_rclcpp_async_clientConfig.cmake
[44.224s] -- Symlinking: /home/nazerke/ros2_ws/install/examples_rclcpp_async_client/share/examples_rclcpp_async_client/cmake/examples_rclcpp_async_clientConfig-version.cmake
[44.263s] -- Symlinking: /home/nazerke/ros2_ws/install/examples_rclcpp_async_client/share/examples_rclcpp_async_client/package.xml
[44.337s] Invoked command in '/home/nazerke/ros2_ws/build/examples_rclcpp_async_client' returned '0': CMAKE_PREFIX_PATH=${CMAKE_PREFIX_PATH}:/opt/ros/jazzy /usr/bin/cmake --install /home/nazerke/ros2_ws/build/examples_rclcpp_async_client
