[1.330s] Invoking command in '/home/nazerke/ros2_ws/src/examples/rclpy/services/minimal_client': PYTHONPATH=/home/nazerke/ros2_ws/build/examples_rclpy_minimal_client/prefix_override:/usr/lib/python3/dist-packages/colcon_core/task/python/colcon_distutils_commands:/home/nazerke/ros2_ws/install/examples_rclpy_minimal_client/lib/python3.12/site-packages:${PYTHONPATH} /usr/bin/python3 -W ignore:setup.py install is deprecated -W ignore:easy_install command is deprecated setup.py egg_info --egg-base ../../../../../build/examples_rclpy_minimal_client build --build-base /home/nazerke/ros2_ws/build/examples_rclpy_minimal_client/build install --record /home/nazerke/ros2_ws/build/examples_rclpy_minimal_client/install.log --single-version-externally-managed install_data
[1.779s] running egg_info
[1.815s] writing ../../../../../build/examples_rclpy_minimal_client/examples_rclpy_minimal_client.egg-info/PKG-INFO
[1.816s] writing dependency_links to ../../../../../build/examples_rclpy_minimal_client/examples_rclpy_minimal_client.egg-info/dependency_links.txt
[1.816s] writing entry points to ../../../../../build/examples_rclpy_minimal_client/examples_rclpy_minimal_client.egg-info/entry_points.txt
[1.816s] writing requirements to ../../../../../build/examples_rclpy_minimal_client/examples_rclpy_minimal_client.egg-info/requires.txt
[1.816s] writing top-level names to ../../../../../build/examples_rclpy_minimal_client/examples_rclpy_minimal_client.egg-info/top_level.txt
[1.909s] reading manifest file '../../../../../build/examples_rclpy_minimal_client/examples_rclpy_minimal_client.egg-info/SOURCES.txt'
[1.944s] writing manifest file '../../../../../build/examples_rclpy_minimal_client/examples_rclpy_minimal_client.egg-info/SOURCES.txt'
[1.945s] running build
[1.945s] running build_py
[1.945s] running install
[1.952s] running install_lib
[2.009s] running install_data
[2.009s] running install_egg_info
[2.036s] removing '/home/nazerke/ros2_ws/install/examples_rclpy_minimal_client/lib/python3.12/site-packages/examples_rclpy_minimal_client-0.19.7-py3.12.egg-info' (and everything under it)
[2.038s] Copying ../../../../../build/examples_rclpy_minimal_client/examples_rclpy_minimal_client.egg-info to /home/nazerke/ros2_ws/install/examples_rclpy_minimal_client/lib/python3.12/site-packages/examples_rclpy_minimal_client-0.19.7-py3.12.egg-info
[2.067s] running install_scripts
[2.296s] Installing client script to /home/nazerke/ros2_ws/install/examples_rclpy_minimal_client/lib/examples_rclpy_minimal_client
[2.297s] Installing client_async script to /home/nazerke/ros2_ws/install/examples_rclpy_minimal_client/lib/examples_rclpy_minimal_client
[2.300s] Installing client_async_callback script to /home/nazerke/ros2_ws/install/examples_rclpy_minimal_client/lib/examples_rclpy_minimal_client
[2.304s] Installing client_async_member_function script to /home/nazerke/ros2_ws/install/examples_rclpy_minimal_client/lib/examples_rclpy_minimal_client
[2.304s] writing list of installed files to '/home/nazerke/ros2_ws/build/examples_rclpy_minimal_client/install.log'
[2.355s] Invoked command in '/home/nazerke/ros2_ws/src/examples/rclpy/services/minimal_client' returned '0': PYTHONPATH=/home/nazerke/ros2_ws/build/examples_rclpy_minimal_client/prefix_override:/usr/lib/python3/dist-packages/colcon_core/task/python/colcon_distutils_commands:/home/nazerke/ros2_ws/install/examples_rclpy_minimal_client/lib/python3.12/site-packages:${PYTHONPATH} /usr/bin/python3 -W ignore:setup.py install is deprecated -W ignore:easy_install command is deprecated setup.py egg_info --egg-base ../../../../../build/examples_rclpy_minimal_client build --build-base /home/nazerke/ros2_ws/build/examples_rclpy_minimal_client/build install --record /home/nazerke/ros2_ws/build/examples_rclpy_minimal_client/install.log --single-version-externally-managed install_data
