[0.042s] Invoking command in '/home/nazerke/ros2_ws/build/examples_rclcpp_async_client': CMAKE_PREFIX_PATH=${CMAKE_PREFIX_PATH}:/opt/ros/jazzy /usr/bin/cmake /home/nazerke/ros2_ws/src/examples/rclcpp/services/async_client -DCMAKE_INSTALL_PREFIX=/home/nazerke/ros2_ws/install/examples_rclcpp_async_client
[0.210s] -- Found ament_cmake: 2.5.5 (/opt/ros/jazzy/share/ament_cmake/cmake)
[0.546s] -- Override CMake install command with custom implementation using symlinks instead of copying resources
[0.569s] -- Found example_interfaces: 0.12.0 (/opt/ros/jazzy/share/example_interfaces/cmake)
[0.757s] -- Found rosidl_generator_c: 4.6.7 (/opt/ros/jazzy/share/rosidl_generator_c/cmake)
[0.775s] -- Found rosidl_generator_cpp: 4.6.7 (/opt/ros/jazzy/share/rosidl_generator_cpp/cmake)
[0.797s] -- Using all available rosidl_typesupport_c: rosidl_typesupport_fastrtps_c;rosidl_typesupport_introspection_c
[0.823s] -- Using all available rosidl_typesupport_cpp: rosidl_typesupport_fastrtps_cpp;rosidl_typesupport_introspection_cpp
[0.957s] -- Found rclcpp: 28.1.16 (/opt/ros/jazzy/share/rclcpp/cmake)
[1.019s] -- Found rmw_implementation_cmake: 7.3.3 (/opt/ros/jazzy/share/rmw_implementation_cmake/cmake)
[1.022s] -- Found rmw_fastrtps_cpp: 8.4.3 (/opt/ros/jazzy/share/rmw_fastrtps_cpp/cmake)
[1.286s] -- Using RMW implementation 'rmw_fastrtps_cpp' as default
[1.541s] -- Found ament_lint_auto: 0.17.4 (/opt/ros/jazzy/share/ament_lint_auto/cmake)
[1.719s] -- Added test 'copyright' to check source files copyright and LICENSE
[1.720s] -- Added test 'cppcheck' to perform static code analysis on C / C++ code
[1.721s] -- Configured cppcheck include dirs: 
[1.721s] -- Configured cppcheck exclude dirs and/or files: 
[1.722s] -- Added test 'cpplint' to check C / C++ code against the Google style
[1.722s] -- Configured cpplint exclude dirs and/or files: 
[1.724s] -- Added test 'lint_cmake' to check CMake code style
[1.725s] -- Added test 'uncrustify' to check C / C++ code style
[1.725s] -- Configured uncrustify additional arguments: 
[1.728s] -- Added test 'xmllint' to check XML markup files
[1.731s] -- Configuring done (1.5s)
[1.766s] -- Generating done (0.0s)
[1.777s] -- Build files have been written to: /home/nazerke/ros2_ws/build/examples_rclcpp_async_client
[1.808s] Invoked command in '/home/nazerke/ros2_ws/build/examples_rclcpp_async_client' returned '0': CMAKE_PREFIX_PATH=${CMAKE_PREFIX_PATH}:/opt/ros/jazzy /usr/bin/cmake /home/nazerke/ros2_ws/src/examples/rclcpp/services/async_client -DCMAKE_INSTALL_PREFIX=/home/nazerke/ros2_ws/install/examples_rclcpp_async_client
[1.810s] Invoking command in '/home/nazerke/ros2_ws/build/examples_rclcpp_async_client': CMAKE_PREFIX_PATH=${CMAKE_PREFIX_PATH}:/opt/ros/jazzy /usr/bin/cmake --build /home/nazerke/ros2_ws/build/examples_rclcpp_async_client -- -j4 -l4
[1.930s] [100%] Built target client_main
[1.987s] Invoked command in '/home/nazerke/ros2_ws/build/examples_rclcpp_async_client' returned '0': CMAKE_PREFIX_PATH=${CMAKE_PREFIX_PATH}:/opt/ros/jazzy /usr/bin/cmake --build /home/nazerke/ros2_ws/build/examples_rclcpp_async_client -- -j4 -l4
[1.988s] Invoking command in '/home/nazerke/ros2_ws/build/examples_rclcpp_async_client': CMAKE_PREFIX_PATH=${CMAKE_PREFIX_PATH}:/opt/ros/jazzy /usr/bin/cmake --install /home/nazerke/ros2_ws/build/examples_rclcpp_async_client
[2.005s] -- Install configuration: ""
[2.005s] -- Execute custom install script
[2.006s] -- Up-to-date symlink: /home/nazerke/ros2_ws/install/examples_rclcpp_async_client/lib/examples_rclcpp_async_client/client_main
[2.007s] -- Up-to-date symlink: /home/nazerke/ros2_ws/install/examples_rclcpp_async_client/share/ament_index/resource_index/package_run_dependencies/examples_rclcpp_async_client
[2.007s] -- Up-to-date symlink: /home/nazerke/ros2_ws/install/examples_rclcpp_async_client/share/ament_index/resource_index/parent_prefix_path/examples_rclcpp_async_client
[2.008s] -- Up-to-date symlink: /home/nazerke/ros2_ws/install/examples_rclcpp_async_client/share/examples_rclcpp_async_client/environment/ament_prefix_path.sh
[2.009s] -- Up-to-date symlink: /home/nazerke/ros2_ws/install/examples_rclcpp_async_client/share/examples_rclcpp_async_client/environment/ament_prefix_path.dsv
[2.009s] -- Up-to-date symlink: /home/nazerke/ros2_ws/install/examples_rclcpp_async_client/share/examples_rclcpp_async_client/environment/path.sh
[2.010s] -- Up-to-date symlink: /home/nazerke/ros2_ws/install/examples_rclcpp_async_client/share/examples_rclcpp_async_client/environment/path.dsv
[2.010s] -- Up-to-date symlink: /home/nazerke/ros2_ws/install/examples_rclcpp_async_client/share/examples_rclcpp_async_client/local_setup.bash
[2.010s] -- Up-to-date symlink: /home/nazerke/ros2_ws/install/examples_rclcpp_async_client/share/examples_rclcpp_async_client/local_setup.sh
[2.012s] -- Up-to-date symlink: /home/nazerke/ros2_ws/install/examples_rclcpp_async_client/share/examples_rclcpp_async_client/local_setup.zsh
[2.013s] -- Up-to-date symlink: /home/nazerke/ros2_ws/install/examples_rclcpp_async_client/share/examples_rclcpp_async_client/local_setup.dsv
[2.013s] -- Symlinking: /home/nazerke/ros2_ws/install/examples_rclcpp_async_client/share/examples_rclcpp_async_client/package.dsv
[2.028s] -- Up-to-date symlink: /home/nazerke/ros2_ws/install/examples_rclcpp_async_client/share/ament_index/resource_index/packages/examples_rclcpp_async_client
[2.030s] -- Up-to-date symlink: /home/nazerke/ros2_ws/install/examples_rclcpp_async_client/share/examples_rclcpp_async_client/cmake/examples_rclcpp_async_clientConfig.cmake
[2.030s] -- Up-to-date symlink: /home/nazerke/ros2_ws/install/examples_rclcpp_async_client/share/examples_rclcpp_async_client/cmake/examples_rclcpp_async_clientConfig-version.cmake
[2.030s] -- Up-to-date symlink: /home/nazerke/ros2_ws/install/examples_rclcpp_async_client/share/examples_rclcpp_async_client/package.xml
[2.033s] Invoked command in '/home/nazerke/ros2_ws/build/examples_rclcpp_async_client' returned '0': CMAKE_PREFIX_PATH=${CMAKE_PREFIX_PATH}:/opt/ros/jazzy /usr/bin/cmake --install /home/nazerke/ros2_ws/build/examples_rclcpp_async_client
