[2.041s] Invoking command in '/home/nazerke/ros2_ws/build/examples_rclpy_executors': PYTHONPATH=/home/nazerke/ros2_ws/build/examples_rclpy_executors/prefix_override:/usr/lib/python3/dist-packages/colcon_core/task/python/colcon_distutils_commands:/home/nazerke/ros2_ws/install/examples_rclpy_executors/lib/python3.12/site-packages:${PYTHONPATH} /usr/bin/python3 -W ignore:setup.py install is deprecated -W ignore:easy_install command is deprecated setup.py develop --uninstall --editable --build-directory /home/nazerke/ros2_ws/build/examples_rclpy_executors/build
[2.536s] running develop
[2.855s] Removing /home/nazerke/ros2_ws/install/examples_rclpy_executors/lib/python3.12/site-packages/examples-rclpy-executors.egg-link (link to .)
[2.902s] Invoked command in '/home/nazerke/ros2_ws/build/examples_rclpy_executors' returned '0': PYTHONPATH=/home/nazerke/ros2_ws/build/examples_rclpy_executors/prefix_override:/usr/lib/python3/dist-packages/colcon_core/task/python/colcon_distutils_commands:/home/nazerke/ros2_ws/install/examples_rclpy_executors/lib/python3.12/site-packages:${PYTHONPATH} /usr/bin/python3 -W ignore:setup.py install is deprecated -W ignore:easy_install command is deprecated setup.py develop --uninstall --editable --build-directory /home/nazerke/ros2_ws/build/examples_rclpy_executors/build
[2.904s] Invoking command in '/home/nazerke/ros2_ws/src/examples/rclpy/executors': PYTHONPATH=/home/nazerke/ros2_ws/build/examples_rclpy_executors/prefix_override:/usr/lib/python3/dist-packages/colcon_core/task/python/colcon_distutils_commands:/home/nazerke/ros2_ws/install/examples_rclpy_executors/lib/python3.12/site-packages:${PYTHONPATH} /usr/bin/python3 -W ignore:setup.py install is deprecated -W ignore:easy_install command is deprecated setup.py egg_info --egg-base ../../../../build/examples_rclpy_executors build --build-base /home/nazerke/ros2_ws/build/examples_rclpy_executors/build install --record /home/nazerke/ros2_ws/build/examples_rclpy_executors/install.log --single-version-externally-managed install_data --force
[3.332s] running egg_info
[3.366s] writing ../../../../build/examples_rclpy_executors/examples_rclpy_executors.egg-info/PKG-INFO
[3.366s] writing dependency_links to ../../../../build/examples_rclpy_executors/examples_rclpy_executors.egg-info/dependency_links.txt
[3.367s] writing entry points to ../../../../build/examples_rclpy_executors/examples_rclpy_executors.egg-info/entry_points.txt
[3.367s] writing requirements to ../../../../build/examples_rclpy_executors/examples_rclpy_executors.egg-info/requires.txt
[3.367s] writing top-level names to ../../../../build/examples_rclpy_executors/examples_rclpy_executors.egg-info/top_level.txt
[3.437s] reading manifest file '../../../../build/examples_rclpy_executors/examples_rclpy_executors.egg-info/SOURCES.txt'
[3.438s] writing manifest file '../../../../build/examples_rclpy_executors/examples_rclpy_executors.egg-info/SOURCES.txt'
[3.440s] running build
[3.440s] running build_py
[3.441s] creating /home/nazerke/ros2_ws/build/examples_rclpy_executors/build
[3.441s] creating /home/nazerke/ros2_ws/build/examples_rclpy_executors/build/lib
[3.441s] creating /home/nazerke/ros2_ws/build/examples_rclpy_executors/build/lib/examples_rclpy_executors
[3.441s] copying examples_rclpy_executors/custom_callback_group.py -> /home/nazerke/ros2_ws/build/examples_rclpy_executors/build/lib/examples_rclpy_executors
[3.441s] copying examples_rclpy_executors/listener.py -> /home/nazerke/ros2_ws/build/examples_rclpy_executors/build/lib/examples_rclpy_executors
[3.442s] copying examples_rclpy_executors/composed.py -> /home/nazerke/ros2_ws/build/examples_rclpy_executors/build/lib/examples_rclpy_executors
[3.442s] copying examples_rclpy_executors/callback_group.py -> /home/nazerke/ros2_ws/build/examples_rclpy_executors/build/lib/examples_rclpy_executors
[3.443s] copying examples_rclpy_executors/custom_executor.py -> /home/nazerke/ros2_ws/build/examples_rclpy_executors/build/lib/examples_rclpy_executors
[3.444s] copying examples_rclpy_executors/__init__.py -> /home/nazerke/ros2_ws/build/examples_rclpy_executors/build/lib/examples_rclpy_executors
[3.444s] copying examples_rclpy_executors/talker.py -> /home/nazerke/ros2_ws/build/examples_rclpy_executors/build/lib/examples_rclpy_executors
[3.445s] running install
[3.457s] running install_lib
[3.483s] creating /home/nazerke/ros2_ws/install/examples_rclpy_executors/lib/python3.12/site-packages/examples_rclpy_executors
[3.484s] copying /home/nazerke/ros2_ws/build/examples_rclpy_executors/build/lib/examples_rclpy_executors/custom_callback_group.py -> /home/nazerke/ros2_ws/install/examples_rclpy_executors/lib/python3.12/site-packages/examples_rclpy_executors
[3.485s] copying /home/nazerke/ros2_ws/build/examples_rclpy_executors/build/lib/examples_rclpy_executors/listener.py -> /home/nazerke/ros2_ws/install/examples_rclpy_executors/lib/python3.12/site-packages/examples_rclpy_executors
[3.485s] copying /home/nazerke/ros2_ws/build/examples_rclpy_executors/build/lib/examples_rclpy_executors/composed.py -> /home/nazerke/ros2_ws/install/examples_rclpy_executors/lib/python3.12/site-packages/examples_rclpy_executors
[3.485s] copying /home/nazerke/ros2_ws/build/examples_rclpy_executors/build/lib/examples_rclpy_executors/callback_group.py -> /home/nazerke/ros2_ws/install/examples_rclpy_executors/lib/python3.12/site-packages/examples_rclpy_executors
[3.486s] copying /home/nazerke/ros2_ws/build/examples_rclpy_executors/build/lib/examples_rclpy_executors/custom_executor.py -> /home/nazerke/ros2_ws/install/examples_rclpy_executors/lib/python3.12/site-packages/examples_rclpy_executors
[3.486s] copying /home/nazerke/ros2_ws/build/examples_rclpy_executors/build/lib/examples_rclpy_executors/__init__.py -> /home/nazerke/ros2_ws/install/examples_rclpy_executors/lib/python3.12/site-packages/examples_rclpy_executors
[3.486s] copying /home/nazerke/ros2_ws/build/examples_rclpy_executors/build/lib/examples_rclpy_executors/talker.py -> /home/nazerke/ros2_ws/install/examples_rclpy_executors/lib/python3.12/site-packages/examples_rclpy_executors
[3.487s] byte-compiling /home/nazerke/ros2_ws/install/examples_rclpy_executors/lib/python3.12/site-packages/examples_rclpy_executors/custom_callback_group.py to custom_callback_group.cpython-312.pyc
[3.489s] byte-compiling /home/nazerke/ros2_ws/install/examples_rclpy_executors/lib/python3.12/site-packages/examples_rclpy_executors/listener.py to listener.cpython-312.pyc
[3.490s] byte-compiling /home/nazerke/ros2_ws/install/examples_rclpy_executors/lib/python3.12/site-packages/examples_rclpy_executors/composed.py to composed.cpython-312.pyc
[3.491s] byte-compiling /home/nazerke/ros2_ws/install/examples_rclpy_executors/lib/python3.12/site-packages/examples_rclpy_executors/callback_group.py to callback_group.cpython-312.pyc
[3.492s] byte-compiling /home/nazerke/ros2_ws/install/examples_rclpy_executors/lib/python3.12/site-packages/examples_rclpy_executors/custom_executor.py to custom_executor.cpython-312.pyc
[3.493s] byte-compiling /home/nazerke/ros2_ws/install/examples_rclpy_executors/lib/python3.12/site-packages/examples_rclpy_executors/__init__.py to __init__.cpython-312.pyc
[3.494s] byte-compiling /home/nazerke/ros2_ws/install/examples_rclpy_executors/lib/python3.12/site-packages/examples_rclpy_executors/talker.py to talker.cpython-312.pyc
[3.495s] running install_data
[3.496s] copying resource/examples_rclpy_executors -> /home/nazerke/ros2_ws/install/examples_rclpy_executors/share/ament_index/resource_index/packages
[3.498s] copying package.xml -> /home/nazerke/ros2_ws/install/examples_rclpy_executors/share/examples_rclpy_executors
[3.505s] running install_egg_info
[3.536s] Copying ../../../../build/examples_rclpy_executors/examples_rclpy_executors.egg-info to /home/nazerke/ros2_ws/install/examples_rclpy_executors/lib/python3.12/site-packages/examples_rclpy_executors-0.19.7-py3.12.egg-info
[3.539s] running install_scripts
[3.752s] Installing callback_group script to /home/nazerke/ros2_ws/install/examples_rclpy_executors/lib/examples_rclpy_executors
[3.753s] Installing composed script to /home/nazerke/ros2_ws/install/examples_rclpy_executors/lib/examples_rclpy_executors
[3.755s] Installing custom_callback_group script to /home/nazerke/ros2_ws/install/examples_rclpy_executors/lib/examples_rclpy_executors
[3.755s] Installing custom_executor script to /home/nazerke/ros2_ws/install/examples_rclpy_executors/lib/examples_rclpy_executors
[3.756s] Installing listener script to /home/nazerke/ros2_ws/install/examples_rclpy_executors/lib/examples_rclpy_executors
[3.757s] Installing talker script to /home/nazerke/ros2_ws/install/examples_rclpy_executors/lib/examples_rclpy_executors
[3.757s] writing list of installed files to '/home/nazerke/ros2_ws/build/examples_rclpy_executors/install.log'
[3.810s] Invoked command in '/home/nazerke/ros2_ws/src/examples/rclpy/executors' returned '0': PYTHONPATH=/home/nazerke/ros2_ws/build/examples_rclpy_executors/prefix_override:/usr/lib/python3/dist-packages/colcon_core/task/python/colcon_distutils_commands:/home/nazerke/ros2_ws/install/examples_rclpy_executors/lib/python3.12/site-packages:${PYTHONPATH} /usr/bin/python3 -W ignore:setup.py install is deprecated -W ignore:easy_install command is deprecated setup.py egg_info --egg-base ../../../../build/examples_rclpy_executors build --build-base /home/nazerke/ros2_ws/build/examples_rclpy_executors/build install --record /home/nazerke/ros2_ws/build/examples_rclpy_executors/install.log --single-version-externally-managed install_data --force
