[0.058s] Invoking command in '/home/nazerke/ros2_ws/build/examples_rclcpp_minimal_service': CMAKE_PREFIX_PATH=${CMAKE_PREFIX_PATH}:/opt/ros/jazzy /usr/bin/cmake /home/nazerke/ros2_ws/src/examples/rclcpp/services/minimal_service -DCMAKE_INSTALL_PREFIX=/home/nazerke/ros2_ws/install/examples_rclcpp_minimal_service
[8.453s] -- The C compiler identification is GNU 13.3.0
[8.454s] -- The CXX compiler identification is GNU 13.3.0
[8.454s] -- Detecting C compiler ABI info
[8.455s] -- Detecting C compiler ABI info - done
[8.456s] -- Check for working C compiler: /usr/bin/cc - skipped
[8.457s] -- Detecting C compile features
[8.458s] -- Detecting C compile features - done
[8.458s] -- Detecting CXX compiler ABI info
[8.459s] -- Detecting CXX compiler ABI info - done
[8.460s] -- Check for working CXX compiler: /usr/bin/c++ - skipped
[8.460s] -- Detecting CXX compile features
[8.461s] -- Detecting CXX compile features - done
[8.462s] -- Found ament_cmake: 2.5.5 (/opt/ros/jazzy/share/ament_cmake/cmake)
[8.462s] -- Found Python3: /usr/bin/python3 (found version "3.12.3") found components: Interpreter 
[8.463s] -- Found example_interfaces: 0.12.0 (/opt/ros/jazzy/share/example_interfaces/cmake)
[8.463s] -- Found rosidl_generator_c: 4.6.7 (/opt/ros/jazzy/share/rosidl_generator_c/cmake)
[8.464s] -- Found rosidl_generator_cpp: 4.6.7 (/opt/ros/jazzy/share/rosidl_generator_cpp/cmake)
[8.464s] -- Using all available rosidl_typesupport_c: rosidl_typesupport_fastrtps_c;rosidl_typesupport_introspection_c
[8.467s] -- Using all available rosidl_typesupport_cpp: rosidl_typesupport_fastrtps_cpp;rosidl_typesupport_introspection_cpp
[8.467s] -- Found rclcpp: 28.1.16 (/opt/ros/jazzy/share/rclcpp/cmake)
[8.468s] -- Found rmw_implementation_cmake: 7.3.3 (/opt/ros/jazzy/share/rmw_implementation_cmake/cmake)
[8.469s] -- Found rmw_fastrtps_cpp: 8.4.3 (/opt/ros/jazzy/share/rmw_fastrtps_cpp/cmake)
[8.469s] -- Found OpenSSL: /usr/lib/x86_64-linux-gnu/libcrypto.so (found version "3.0.13")  
[8.470s] -- Found FastRTPS: /opt/ros/jazzy/include (Required is at least version "2.13") 
[8.472s] -- Using RMW implementation 'rmw_fastrtps_cpp' as default
[8.472s] -- Found ament_lint_auto: 0.17.4 (/opt/ros/jazzy/share/ament_lint_auto/cmake)
[8.473s] -- Added test 'copyright' to check source files copyright and LICENSE
[8.473s] -- Added test 'cppcheck' to perform static code analysis on C / C++ code
[8.474s] -- Configured cppcheck include dirs: 
[8.474s] -- Configured cppcheck exclude dirs and/or files: 
[8.475s] -- Added test 'cpplint' to check C / C++ code against the Google style
[8.476s] -- Configured cpplint exclude dirs and/or files: 
[8.476s] -- Added test 'lint_cmake' to check CMake code style
[8.477s] -- Added test 'uncrustify' to check C / C++ code style
[8.477s] -- Configured uncrustify additional arguments: 
[8.478s] -- Added test 'xmllint' to check XML markup files
[8.479s] -- Configuring done (8.2s)
[8.479s] -- Generating done (0.0s)
[8.480s] -- Build files have been written to: /home/nazerke/ros2_ws/build/examples_rclcpp_minimal_service
[8.494s] Invoked command in '/home/nazerke/ros2_ws/build/examples_rclcpp_minimal_service' returned '0': CMAKE_PREFIX_PATH=${CMAKE_PREFIX_PATH}:/opt/ros/jazzy /usr/bin/cmake /home/nazerke/ros2_ws/src/examples/rclcpp/services/minimal_service -DCMAKE_INSTALL_PREFIX=/home/nazerke/ros2_ws/install/examples_rclcpp_minimal_service
[8.497s] Invoking command in '/home/nazerke/ros2_ws/build/examples_rclcpp_minimal_service': CMAKE_PREFIX_PATH=${CMAKE_PREFIX_PATH}:/opt/ros/jazzy /usr/bin/cmake --build /home/nazerke/ros2_ws/build/examples_rclcpp_minimal_service -- -j8 -l8
[8.941s] [ 50%] [32mBuilding CXX object CMakeFiles/service_main.dir/main.cpp.o[0m
