[1.251s] Invoking command in '/home/nazerke/ros2_ws/src/khamzina': PYTHONPATH=/home/nazerke/ros2_ws/build/khamzina/prefix_override:/usr/lib/python3/dist-packages/colcon_core/task/python/colcon_distutils_commands:/home/nazerke/ros2_ws/install/khamzina/lib/python3.12/site-packages:${PYTHONPATH} /usr/bin/python3 -W ignore:setup.py install is deprecated -W ignore:easy_install command is deprecated setup.py egg_info --egg-base ../../build/khamzina build --build-base /home/nazerke/ros2_ws/build/khamzina/build install --record /home/nazerke/ros2_ws/build/khamzina/install.log --single-version-externally-managed install_data
[1.696s] running egg_info
[1.723s] writing ../../build/khamzina/khamzina.egg-info/PKG-INFO
[1.724s] writing dependency_links to ../../build/khamzina/khamzina.egg-info/dependency_links.txt
[1.724s] writing entry points to ../../build/khamzina/khamzina.egg-info/entry_points.txt
[1.724s] writing requirements to ../../build/khamzina/khamzina.egg-info/requires.txt
[1.724s] writing top-level names to ../../build/khamzina/khamzina.egg-info/top_level.txt
[1.794s] reading manifest file '../../build/khamzina/khamzina.egg-info/SOURCES.txt'
[1.796s] writing manifest file '../../build/khamzina/khamzina.egg-info/SOURCES.txt'
[1.796s] running build
[1.796s] running build_py
[1.797s] running install
[1.804s] running install_lib
[1.838s] running install_data
[1.839s] running install_egg_info
[1.866s] removing '/home/nazerke/ros2_ws/install/khamzina/lib/python3.12/site-packages/khamzina-0.0.0-py3.12.egg-info' (and everything under it)
[1.867s] Copying ../../build/khamzina/khamzina.egg-info to /home/nazerke/ros2_ws/install/khamzina/lib/python3.12/site-packages/khamzina-0.0.0-py3.12.egg-info
[1.868s] running install_scripts
[2.058s] Installing publisher script to /home/nazerke/ros2_ws/install/khamzina/lib/khamzina
[2.059s] Installing subscriber script to /home/nazerke/ros2_ws/install/khamzina/lib/khamzina
[2.060s] writing list of installed files to '/home/nazerke/ros2_ws/build/khamzina/install.log'
[2.126s] Invoked command in '/home/nazerke/ros2_ws/src/khamzina' returned '0': PYTHONPATH=/home/nazerke/ros2_ws/build/khamzina/prefix_override:/usr/lib/python3/dist-packages/colcon_core/task/python/colcon_distutils_commands:/home/nazerke/ros2_ws/install/khamzina/lib/python3.12/site-packages:${PYTHONPATH} /usr/bin/python3 -W ignore:setup.py install is deprecated -W ignore:easy_install command is deprecated setup.py egg_info --egg-base ../../build/khamzina build --build-base /home/nazerke/ros2_ws/build/khamzina/build install --record /home/nazerke/ros2_ws/build/khamzina/install.log --single-version-externally-managed install_data
