[0.059s] Invoking command in '/home/nazerke/ros2_ws/build/examples_rclcpp_async_client': CMAKE_PREFIX_PATH=${CMAKE_PREFIX_PATH}:/opt/ros/jazzy /usr/bin/cmake /home/nazerke/ros2_ws/src/examples/rclcpp/services/async_client -DCMAKE_INSTALL_PREFIX=/home/nazerke/ros2_ws/install/examples_rclcpp_async_client
[0.590s] -- The C compiler identification is GNU 13.3.0
[1.761s] -- The CXX compiler identification is GNU 13.3.0
[2.791s] -- Detecting C compiler ABI info
[3.311s] -- Detecting C compiler ABI info - done
[3.332s] -- Check for working C compiler: /usr/bin/cc - skipped
[3.332s] -- Detecting C compile features
[3.334s] -- Detecting C compile features - done
[3.476s] -- Detecting CXX compiler ABI info
[4.030s] -- Detecting CXX compiler ABI info - done
[4.053s] -- Check for working CXX compiler: /usr/bin/c++ - skipped
[4.054s] -- Detecting CXX compile features
[4.055s] -- Detecting CXX compile features - done
[4.060s] -- Found ament_cmake: 2.5.5 (/opt/ros/jazzy/share/ament_cmake/cmake)
[4.517s] -- Found Python3: /usr/bin/python3 (found version "3.12.3") found components: Interpreter 
[4.801s] -- Found example_interfaces: 0.12.0 (/opt/ros/jazzy/share/example_interfaces/cmake)
[5.211s] -- Found rosidl_generator_c: 4.6.7 (/opt/ros/jazzy/share/rosidl_generator_c/cmake)
[5.242s] -- Found rosidl_generator_cpp: 4.6.7 (/opt/ros/jazzy/share/rosidl_generator_cpp/cmake)
[5.281s] -- Using all available rosidl_typesupport_c: rosidl_typesupport_fastrtps_c;rosidl_typesupport_introspection_c
[5.344s] -- Using all available rosidl_typesupport_cpp: rosidl_typesupport_fastrtps_cpp;rosidl_typesupport_introspection_cpp
[5.689s] -- Found rclcpp: 28.1.16 (/opt/ros/jazzy/share/rclcpp/cmake)
[5.933s] -- Found rmw_implementation_cmake: 7.3.3 (/opt/ros/jazzy/share/rmw_implementation_cmake/cmake)
[5.954s] -- Found rmw_fastrtps_cpp: 8.4.3 (/opt/ros/jazzy/share/rmw_fastrtps_cpp/cmake)
[6.357s] -- Found OpenSSL: /usr/lib/x86_64-linux-gnu/libcrypto.so (found version "3.0.13")  
[6.793s] -- Found FastRTPS: /opt/ros/jazzy/include (Required is at least version "2.13") 
[7.106s] -- Using RMW implementation 'rmw_fastrtps_cpp' as default
[7.898s] -- Found ament_lint_auto: 0.17.4 (/opt/ros/jazzy/share/ament_lint_auto/cmake)
[8.343s] -- Added test 'copyright' to check source files copyright and LICENSE
[8.349s] -- Added test 'cppcheck' to perform static code analysis on C / C++ code
[8.350s] -- Configured cppcheck include dirs: 
[8.350s] -- Configured cppcheck exclude dirs and/or files: 
[8.352s] -- Added test 'cpplint' to check C / C++ code against the Google style
[8.353s] -- Configured cpplint exclude dirs and/or files: 
[8.360s] -- Added test 'lint_cmake' to check CMake code style
[8.364s] -- Added test 'uncrustify' to check C / C++ code style
[8.364s] -- Configured uncrustify additional arguments: 
[8.368s] -- Added test 'xmllint' to check XML markup files
[8.374s] -- Configuring done (8.2s)
[8.434s] -- Generating done (0.0s)
[8.455s] -- Build files have been written to: /home/nazerke/ros2_ws/build/examples_rclcpp_async_client
[8.533s] Invoked command in '/home/nazerke/ros2_ws/build/examples_rclcpp_async_client' returned '0': CMAKE_PREFIX_PATH=${CMAKE_PREFIX_PATH}:/opt/ros/jazzy /usr/bin/cmake /home/nazerke/ros2_ws/src/examples/rclcpp/services/async_client -DCMAKE_INSTALL_PREFIX=/home/nazerke/ros2_ws/install/examples_rclcpp_async_client
[8.539s] Invoking command in '/home/nazerke/ros2_ws/build/examples_rclcpp_async_client': CMAKE_PREFIX_PATH=${CMAKE_PREFIX_PATH}:/opt/ros/jazzy /usr/bin/cmake --build /home/nazerke/ros2_ws/build/examples_rclcpp_async_client -- -j8 -l8
[8.906s] [ 50%] [32mBuilding CXX object CMakeFiles/client_main.dir/main.cpp.o[0m
