[0.068s] Invoking command in '/home/nazerke/ros2_ws/build/examples_rclcpp_minimal_composition': CMAKE_PREFIX_PATH=${CMAKE_PREFIX_PATH}:/opt/ros/jazzy /usr/bin/cmake /home/nazerke/ros2_ws/src/examples/rclcpp/composition/minimal_composition -DCMAKE_INSTALL_PREFIX=/home/nazerke/ros2_ws/install/examples_rclcpp_minimal_composition
[0.092s] -- Found ament_cmake: 2.5.5 (/opt/ros/jazzy/share/ament_cmake/cmake)
[0.425s] -- Override CMake install command with custom implementation using symlinks instead of copying resources
[0.436s] -- Found rclcpp: 28.1.16 (/opt/ros/jazzy/share/rclcpp/cmake)
[0.600s] -- Found rosidl_generator_c: 4.6.7 (/opt/ros/jazzy/share/rosidl_generator_c/cmake)
[0.609s] -- Found rosidl_generator_cpp: 4.6.7 (/opt/ros/jazzy/share/rosidl_generator_cpp/cmake)
[0.633s] -- Using all available rosidl_typesupport_c: rosidl_typesupport_fastrtps_c;rosidl_typesupport_introspection_c
[0.658s] -- Using all available rosidl_typesupport_cpp: rosidl_typesupport_fastrtps_cpp;rosidl_typesupport_introspection_cpp
[0.756s] -- Found rmw_implementation_cmake: 7.3.3 (/opt/ros/jazzy/share/rmw_implementation_cmake/cmake)
[0.756s] -- Found rmw_fastrtps_cpp: 8.4.3 (/opt/ros/jazzy/share/rmw_fastrtps_cpp/cmake)
[1.016s] -- Using RMW implementation 'rmw_fastrtps_cpp' as default
[1.218s] -- Found rclcpp_components: 28.1.16 (/opt/ros/jazzy/share/rclcpp_components/cmake)
[1.272s] -- Found std_msgs: 5.3.6 (/opt/ros/jazzy/share/std_msgs/cmake)
[1.299s] -- Found ament_lint_auto: 0.17.4 (/opt/ros/jazzy/share/ament_lint_auto/cmake)
[1.462s] -- Added test 'copyright' to check source files copyright and LICENSE
[1.464s] -- Added test 'cppcheck' to perform static code analysis on C / C++ code
[1.465s] -- Configured cppcheck include dirs: /home/nazerke/ros2_ws/src/examples/rclcpp/composition/minimal_composition/include
[1.465s] -- Configured cppcheck exclude dirs and/or files: 
[1.468s] -- Added test 'cpplint' to check C / C++ code against the Google style
[1.469s] -- Configured cpplint exclude dirs and/or files: 
[1.469s] -- Added test 'lint_cmake' to check CMake code style
[1.469s] -- Added test 'uncrustify' to check C / C++ code style
[1.469s] -- Configured uncrustify additional arguments: 
[1.469s] -- Added test 'xmllint' to check XML markup files
[1.472s] -- Configuring done (1.4s)
[1.528s] -- Generating done (0.0s)
[1.540s] -- Build files have been written to: /home/nazerke/ros2_ws/build/examples_rclcpp_minimal_composition
[1.555s] Invoked command in '/home/nazerke/ros2_ws/build/examples_rclcpp_minimal_composition' returned '0': CMAKE_PREFIX_PATH=${CMAKE_PREFIX_PATH}:/opt/ros/jazzy /usr/bin/cmake /home/nazerke/ros2_ws/src/examples/rclcpp/composition/minimal_composition -DCMAKE_INSTALL_PREFIX=/home/nazerke/ros2_ws/install/examples_rclcpp_minimal_composition
[1.555s] Invoking command in '/home/nazerke/ros2_ws/build/examples_rclcpp_minimal_composition': CMAKE_PREFIX_PATH=${CMAKE_PREFIX_PATH}:/opt/ros/jazzy /usr/bin/cmake --build /home/nazerke/ros2_ws/build/examples_rclcpp_minimal_composition -- -j4 -l4
[1.662s] [ 33%] Built target composition_nodes
[1.710s] [ 55%] Built target composition_composed
[1.710s] [ 77%] Built target composition_publisher
[1.717s] [100%] Built target composition_subscriber
[1.732s] Invoked command in '/home/nazerke/ros2_ws/build/examples_rclcpp_minimal_composition' returned '0': CMAKE_PREFIX_PATH=${CMAKE_PREFIX_PATH}:/opt/ros/jazzy /usr/bin/cmake --build /home/nazerke/ros2_ws/build/examples_rclcpp_minimal_composition -- -j4 -l4
[1.733s] Invoking command in '/home/nazerke/ros2_ws/build/examples_rclcpp_minimal_composition': CMAKE_PREFIX_PATH=${CMAKE_PREFIX_PATH}:/opt/ros/jazzy /usr/bin/cmake --install /home/nazerke/ros2_ws/build/examples_rclcpp_minimal_composition
[1.746s] -- Install configuration: ""
[1.746s] -- Execute custom install script
[1.747s] -- Up-to-date symlink: /home/nazerke/ros2_ws/install/examples_rclcpp_minimal_composition/share/examples_rclcpp_minimal_composition/environment/library_path.sh
[1.748s] -- Up-to-date symlink: /home/nazerke/ros2_ws/install/examples_rclcpp_minimal_composition/share/examples_rclcpp_minimal_composition/environment/library_path.dsv
[1.749s] -- Up-to-date symlink: /home/nazerke/ros2_ws/install/examples_rclcpp_minimal_composition/lib/libcomposition_nodes.so
[1.750s] -- Up-to-date symlink: /home/nazerke/ros2_ws/install/examples_rclcpp_minimal_composition/lib/examples_rclcpp_minimal_composition/composition_publisher
[1.751s] -- Up-to-date symlink: /home/nazerke/ros2_ws/install/examples_rclcpp_minimal_composition/lib/examples_rclcpp_minimal_composition/composition_subscriber
[1.751s] -- Up-to-date symlink: /home/nazerke/ros2_ws/install/examples_rclcpp_minimal_composition/lib/examples_rclcpp_minimal_composition/composition_composed
[1.753s] -- Up-to-date symlink: /home/nazerke/ros2_ws/install/examples_rclcpp_minimal_composition/share/ament_index/resource_index/package_run_dependencies/examples_rclcpp_minimal_composition
[1.755s] -- Up-to-date symlink: /home/nazerke/ros2_ws/install/examples_rclcpp_minimal_composition/share/ament_index/resource_index/parent_prefix_path/examples_rclcpp_minimal_composition
[1.756s] -- Up-to-date symlink: /home/nazerke/ros2_ws/install/examples_rclcpp_minimal_composition/share/examples_rclcpp_minimal_composition/environment/ament_prefix_path.sh
[1.757s] -- Up-to-date symlink: /home/nazerke/ros2_ws/install/examples_rclcpp_minimal_composition/share/examples_rclcpp_minimal_composition/environment/ament_prefix_path.dsv
[1.758s] -- Up-to-date symlink: /home/nazerke/ros2_ws/install/examples_rclcpp_minimal_composition/share/examples_rclcpp_minimal_composition/environment/path.sh
[1.758s] -- Up-to-date symlink: /home/nazerke/ros2_ws/install/examples_rclcpp_minimal_composition/share/examples_rclcpp_minimal_composition/environment/path.dsv
[1.759s] -- Up-to-date symlink: /home/nazerke/ros2_ws/install/examples_rclcpp_minimal_composition/share/examples_rclcpp_minimal_composition/local_setup.bash
[1.759s] -- Up-to-date symlink: /home/nazerke/ros2_ws/install/examples_rclcpp_minimal_composition/share/examples_rclcpp_minimal_composition/local_setup.sh
[1.760s] -- Up-to-date symlink: /home/nazerke/ros2_ws/install/examples_rclcpp_minimal_composition/share/examples_rclcpp_minimal_composition/local_setup.zsh
[1.761s] -- Up-to-date symlink: /home/nazerke/ros2_ws/install/examples_rclcpp_minimal_composition/share/examples_rclcpp_minimal_composition/local_setup.dsv
[1.761s] -- Symlinking: /home/nazerke/ros2_ws/install/examples_rclcpp_minimal_composition/share/examples_rclcpp_minimal_composition/package.dsv
[1.775s] -- Up-to-date symlink: /home/nazerke/ros2_ws/install/examples_rclcpp_minimal_composition/share/ament_index/resource_index/packages/examples_rclcpp_minimal_composition
[1.776s] -- Up-to-date symlink: /home/nazerke/ros2_ws/install/examples_rclcpp_minimal_composition/share/examples_rclcpp_minimal_composition/cmake/examples_rclcpp_minimal_compositionConfig.cmake
[1.776s] -- Up-to-date symlink: /home/nazerke/ros2_ws/install/examples_rclcpp_minimal_composition/share/examples_rclcpp_minimal_composition/cmake/examples_rclcpp_minimal_compositionConfig-version.cmake
[1.777s] -- Up-to-date symlink: /home/nazerke/ros2_ws/install/examples_rclcpp_minimal_composition/share/examples_rclcpp_minimal_composition/package.xml
[1.841s] Invoked command in '/home/nazerke/ros2_ws/build/examples_rclcpp_minimal_composition' returned '0': CMAKE_PREFIX_PATH=${CMAKE_PREFIX_PATH}:/opt/ros/jazzy /usr/bin/cmake --install /home/nazerke/ros2_ws/build/examples_rclcpp_minimal_composition
