[0.047s] Invoking command in '/home/nazerke/ros2_ws/build/examples_rclcpp_cbg_executor': CMAKE_PREFIX_PATH=${CMAKE_PREFIX_PATH}:/opt/ros/jazzy /usr/bin/cmake /home/nazerke/ros2_ws/src/examples/rclcpp/executors/cbg_executor -DCMAKE_INSTALL_PREFIX=/home/nazerke/ros2_ws/install/examples_rclcpp_cbg_executor
[0.573s] -- The C compiler identification is GNU 13.3.0
[1.611s] -- The CXX compiler identification is GNU 13.3.0
[2.541s] -- Detecting C compiler ABI info
[3.026s] -- Detecting C compiler ABI info - done
[3.053s] -- Check for working C compiler: /usr/bin/cc - skipped
[3.054s] -- Detecting C compile features
[3.055s] -- Detecting C compile features - done
[3.214s] -- Detecting CXX compiler ABI info
[3.668s] -- Detecting CXX compiler ABI info - done
[3.714s] -- Check for working CXX compiler: /usr/bin/c++ - skipped
[3.716s] -- Detecting CXX compile features
[3.719s] -- Detecting CXX compile features - done
[3.735s] -- Found ament_cmake: 2.5.5 (/opt/ros/jazzy/share/ament_cmake/cmake)
[4.188s] -- Found Python3: /usr/bin/python3 (found version "3.12.3") found components: Interpreter 
[4.597s] -- Found rclcpp: 28.1.16 (/opt/ros/jazzy/share/rclcpp/cmake)
[4.932s] -- Found rosidl_generator_c: 4.6.7 (/opt/ros/jazzy/share/rosidl_generator_c/cmake)
[4.987s] -- Found rosidl_generator_cpp: 4.6.7 (/opt/ros/jazzy/share/rosidl_generator_cpp/cmake)
[5.054s] -- Using all available rosidl_typesupport_c: rosidl_typesupport_fastrtps_c;rosidl_typesupport_introspection_c
[5.117s] -- Using all available rosidl_typesupport_cpp: rosidl_typesupport_fastrtps_cpp;rosidl_typesupport_introspection_cpp
[5.371s] -- Found rmw_implementation_cmake: 7.3.3 (/opt/ros/jazzy/share/rmw_implementation_cmake/cmake)
[5.396s] -- Found rmw_fastrtps_cpp: 8.4.3 (/opt/ros/jazzy/share/rmw_fastrtps_cpp/cmake)
[5.779s] -- Found OpenSSL: /usr/lib/x86_64-linux-gnu/libcrypto.so (found version "3.0.13")  
[6.554s] -- Found FastRTPS: /opt/ros/jazzy/include (Required is at least version "2.13") 
[6.812s] -- Using RMW implementation 'rmw_fastrtps_cpp' as default
[7.688s] -- Found std_msgs: 5.3.6 (/opt/ros/jazzy/share/std_msgs/cmake)
[7.765s] -- Found ament_lint_auto: 0.17.4 (/opt/ros/jazzy/share/ament_lint_auto/cmake)
[8.235s] -- Added test 'copyright' to check source files copyright and LICENSE
[8.241s] -- Added test 'cppcheck' to perform static code analysis on C / C++ code
[8.243s] -- Configured cppcheck include dirs: /home/nazerke/ros2_ws/src/examples/rclcpp/executors/cbg_executor/include
[8.243s] -- Configured cppcheck exclude dirs and/or files: 
[8.250s] -- Added test 'cpplint' to check C / C++ code against the Google style
[8.251s] -- Configured cpplint exclude dirs and/or files: 
[8.259s] -- Added test 'lint_cmake' to check CMake code style
[8.263s] -- Added test 'uncrustify' to check C / C++ code style
[8.263s] -- Configured uncrustify additional arguments: 
[8.265s] -- Added test 'xmllint' to check XML markup files
[8.275s] -- Configuring done (8.2s)
[8.373s] -- Generating done (0.1s)
[8.400s] -- Build files have been written to: /home/nazerke/ros2_ws/build/examples_rclcpp_cbg_executor
[8.476s] Invoked command in '/home/nazerke/ros2_ws/build/examples_rclcpp_cbg_executor' returned '0': CMAKE_PREFIX_PATH=${CMAKE_PREFIX_PATH}:/opt/ros/jazzy /usr/bin/cmake /home/nazerke/ros2_ws/src/examples/rclcpp/executors/cbg_executor -DCMAKE_INSTALL_PREFIX=/home/nazerke/ros2_ws/install/examples_rclcpp_cbg_executor
[8.481s] Invoking command in '/home/nazerke/ros2_ws/build/examples_rclcpp_cbg_executor': CMAKE_PREFIX_PATH=${CMAKE_PREFIX_PATH}:/opt/ros/jazzy /usr/bin/cmake --build /home/nazerke/ros2_ws/build/examples_rclcpp_cbg_executor -- -j8 -l8
[8.673s] [ 10%] [32mBuilding CXX object CMakeFiles/ping.dir/src/ping.cpp.o[0m
[8.686s] [ 20%] [32mBuilding CXX object CMakeFiles/ping_pong.dir/src/examples_rclcpp_cbg_executor/ping_node.cpp.o[0m
[8.687s] [ 30%] [32mBuilding CXX object CMakeFiles/ping.dir/src/examples_rclcpp_cbg_executor/ping_node.cpp.o[0m
[8.687s] [ 40%] [32mBuilding CXX object CMakeFiles/pong.dir/src/examples_rclcpp_cbg_executor/pong_node.cpp.o[0m
[8.701s] [ 50%] [32mBuilding CXX object CMakeFiles/pong.dir/src/pong.cpp.o[0m
[8.709s] [ 60%] [32mBuilding CXX object CMakeFiles/ping_pong.dir/src/ping_pong.cpp.o[0m
[8.722s] [ 70%] [32mBuilding CXX object CMakeFiles/ping_pong.dir/src/examples_rclcpp_cbg_executor/pong_node.cpp.o[0m
