[2.994s] Invoking command in '/home/nazerke/ros2_ws/build/examples_rclpy_pointcloud_publisher': PYTHONPATH=/home/nazerke/ros2_ws/build/examples_rclpy_pointcloud_publisher/prefix_override:/usr/lib/python3/dist-packages/colcon_core/task/python/colcon_distutils_commands:/home/nazerke/ros2_ws/install/examples_rclpy_pointcloud_publisher/lib/python3.12/site-packages:${PYTHONPATH} /usr/bin/python3 -W ignore:setup.py install is deprecated -W ignore:easy_install command is deprecated setup.py develop --editable --build-directory /home/nazerke/ros2_ws/build/examples_rclpy_pointcloud_publisher/build --no-deps symlink_data
[4.209s] running develop
[4.920s] running egg_info
[4.921s] creating examples_rclpy_pointcloud_publisher.egg-info
[4.978s] writing examples_rclpy_pointcloud_publisher.egg-info/PKG-INFO
[4.978s] writing dependency_links to examples_rclpy_pointcloud_publisher.egg-info/dependency_links.txt
[4.979s] writing entry points to examples_rclpy_pointcloud_publisher.egg-info/entry_points.txt
[4.979s] writing requirements to examples_rclpy_pointcloud_publisher.egg-info/requires.txt
[4.979s] writing top-level names to examples_rclpy_pointcloud_publisher.egg-info/top_level.txt
[4.980s] writing manifest file 'examples_rclpy_pointcloud_publisher.egg-info/SOURCES.txt'
[5.117s] reading manifest file 'examples_rclpy_pointcloud_publisher.egg-info/SOURCES.txt'
[5.118s] writing manifest file 'examples_rclpy_pointcloud_publisher.egg-info/SOURCES.txt'
[5.180s] running build_ext
[5.180s] Creating /home/nazerke/ros2_ws/install/examples_rclpy_pointcloud_publisher/lib/python3.12/site-packages/examples-rclpy-pointcloud-publisher.egg-link (link to .)
[5.181s] Installing pointcloud_publisher script to /home/nazerke/ros2_ws/install/examples_rclpy_pointcloud_publisher/lib/examples_rclpy_pointcloud_publisher
[5.181s] 
[5.182s] Installed /home/nazerke/ros2_ws/build/examples_rclpy_pointcloud_publisher
[5.182s] running symlink_data
[5.182s] creating /home/nazerke/ros2_ws/install/examples_rclpy_pointcloud_publisher/share/ament_index
[5.182s] creating /home/nazerke/ros2_ws/install/examples_rclpy_pointcloud_publisher/share/ament_index/resource_index
[5.183s] creating /home/nazerke/ros2_ws/install/examples_rclpy_pointcloud_publisher/share/ament_index/resource_index/packages
[5.185s] symbolically linking /home/nazerke/ros2_ws/build/examples_rclpy_pointcloud_publisher/resource/examples_rclpy_pointcloud_publisher -> /home/nazerke/ros2_ws/install/examples_rclpy_pointcloud_publisher/share/ament_index/resource_index/packages
[5.187s] symbolically linking /home/nazerke/ros2_ws/build/examples_rclpy_pointcloud_publisher/package.xml -> /home/nazerke/ros2_ws/install/examples_rclpy_pointcloud_publisher/share/examples_rclpy_pointcloud_publisher
[5.301s] Invoked command in '/home/nazerke/ros2_ws/build/examples_rclpy_pointcloud_publisher' returned '0': PYTHONPATH=/home/nazerke/ros2_ws/build/examples_rclpy_pointcloud_publisher/prefix_override:/usr/lib/python3/dist-packages/colcon_core/task/python/colcon_distutils_commands:/home/nazerke/ros2_ws/install/examples_rclpy_pointcloud_publisher/lib/python3.12/site-packages:${PYTHONPATH} /usr/bin/python3 -W ignore:setup.py install is deprecated -W ignore:easy_install command is deprecated setup.py develop --editable --build-directory /home/nazerke/ros2_ws/build/examples_rclpy_pointcloud_publisher/build --no-deps symlink_data
