[1.468s] Invoking command in '/home/nazerke/ros2_ws/src/khamzina': PYTHONPATH=/home/nazerke/ros2_ws/build/khamzina/prefix_override:/usr/lib/python3/dist-packages/colcon_core/task/python/colcon_distutils_commands:/home/nazerke/ros2_ws/install/khamzina/lib/python3.12/site-packages:${PYTHONPATH} /usr/bin/python3 -W ignore:setup.py install is deprecated -W ignore:easy_install command is deprecated setup.py egg_info --egg-base ../../build/khamzina build --build-base /home/nazerke/ros2_ws/build/khamzina/build install --record /home/nazerke/ros2_ws/build/khamzina/install.log --single-version-externally-managed install_data
[1.996s] running egg_info
[2.041s] writing ../../build/khamzina/khamzina.egg-info/PKG-INFO
[2.042s] writing dependency_links to ../../build/khamzina/khamzina.egg-info/dependency_links.txt
[2.042s] writing entry points to ../../build/khamzina/khamzina.egg-info/entry_points.txt
[2.042s] writing requirements to ../../build/khamzina/khamzina.egg-info/requires.txt
[2.042s] writing top-level names to ../../build/khamzina/khamzina.egg-info/top_level.txt
[2.118s] reading manifest file '../../build/khamzina/khamzina.egg-info/SOURCES.txt'
[2.119s] writing manifest file '../../build/khamzina/khamzina.egg-info/SOURCES.txt'
[2.120s] running build
[2.120s] running build_py
[2.120s] copying khamzina/publisher.py -> /home/nazerke/ros2_ws/build/khamzina/build/lib/khamzina
[2.121s] running install
[2.127s] running install_lib
[2.159s] copying /home/nazerke/ros2_ws/build/khamzina/build/lib/khamzina/publisher.py -> /home/nazerke/ros2_ws/install/khamzina/lib/python3.12/site-packages/khamzina
[2.160s] byte-compiling /home/nazerke/ros2_ws/install/khamzina/lib/python3.12/site-packages/khamzina/publisher.py to publisher.cpython-312.pyc
[2.160s] running install_data
[2.161s] running install_egg_info
[2.197s] removing '/home/nazerke/ros2_ws/install/khamzina/lib/python3.12/site-packages/khamzina-0.0.0-py3.12.egg-info' (and everything under it)
[2.197s] Copying ../../build/khamzina/khamzina.egg-info to /home/nazerke/ros2_ws/install/khamzina/lib/python3.12/site-packages/khamzina-0.0.0-py3.12.egg-info
[2.197s] running install_scripts
[2.404s] Installing publisher script to /home/nazerke/ros2_ws/install/khamzina/lib/khamzina
[2.404s] Installing subscriber script to /home/nazerke/ros2_ws/install/khamzina/lib/khamzina
[2.405s] writing list of installed files to '/home/nazerke/ros2_ws/build/khamzina/install.log'
[2.449s] Invoked command in '/home/nazerke/ros2_ws/src/khamzina' returned '0': PYTHONPATH=/home/nazerke/ros2_ws/build/khamzina/prefix_override:/usr/lib/python3/dist-packages/colcon_core/task/python/colcon_distutils_commands:/home/nazerke/ros2_ws/install/khamzina/lib/python3.12/site-packages:${PYTHONPATH} /usr/bin/python3 -W ignore:setup.py install is deprecated -W ignore:easy_install command is deprecated setup.py egg_info --egg-base ../../build/khamzina build --build-base /home/nazerke/ros2_ws/build/khamzina/build install --record /home/nazerke/ros2_ws/build/khamzina/install.log --single-version-externally-managed install_data
