[1.803s] Invoking command in '/home/nazerke/ros2_ws/src/examples/rclpy/services/minimal_service': PYTHONPATH=/home/nazerke/ros2_ws/build/examples_rclpy_minimal_service/prefix_override:/usr/lib/python3/dist-packages/colcon_core/task/python/colcon_distutils_commands:/home/nazerke/ros2_ws/install/examples_rclpy_minimal_service/lib/python3.12/site-packages:${PYTHONPATH} /usr/bin/python3 -W ignore:setup.py install is deprecated -W ignore:easy_install command is deprecated setup.py egg_info --egg-base ../../../../../build/examples_rclpy_minimal_service build --build-base /home/nazerke/ros2_ws/build/examples_rclpy_minimal_service/build install --record /home/nazerke/ros2_ws/build/examples_rclpy_minimal_service/install.log --single-version-externally-managed install_data
[2.274s] running egg_info
[2.316s] writing ../../../../../build/examples_rclpy_minimal_service/examples_rclpy_minimal_service.egg-info/PKG-INFO
[2.316s] writing dependency_links to ../../../../../build/examples_rclpy_minimal_service/examples_rclpy_minimal_service.egg-info/dependency_links.txt
[2.317s] writing entry points to ../../../../../build/examples_rclpy_minimal_service/examples_rclpy_minimal_service.egg-info/entry_points.txt
[2.320s] writing requirements to ../../../../../build/examples_rclpy_minimal_service/examples_rclpy_minimal_service.egg-info/requires.txt
[2.320s] writing top-level names to ../../../../../build/examples_rclpy_minimal_service/examples_rclpy_minimal_service.egg-info/top_level.txt
[2.385s] reading manifest file '../../../../../build/examples_rclpy_minimal_service/examples_rclpy_minimal_service.egg-info/SOURCES.txt'
[2.386s] writing manifest file '../../../../../build/examples_rclpy_minimal_service/examples_rclpy_minimal_service.egg-info/SOURCES.txt'
[2.387s] running build
[2.392s] running build_py
[2.392s] running install
[2.400s] running install_lib
[2.435s] running install_data
[2.436s] running install_egg_info
[2.465s] removing '/home/nazerke/ros2_ws/install/examples_rclpy_minimal_service/lib/python3.12/site-packages/examples_rclpy_minimal_service-0.19.7-py3.12.egg-info' (and everything under it)
[2.466s] Copying ../../../../../build/examples_rclpy_minimal_service/examples_rclpy_minimal_service.egg-info to /home/nazerke/ros2_ws/install/examples_rclpy_minimal_service/lib/python3.12/site-packages/examples_rclpy_minimal_service-0.19.7-py3.12.egg-info
[2.468s] running install_scripts
[2.658s] Installing service script to /home/nazerke/ros2_ws/install/examples_rclpy_minimal_service/lib/examples_rclpy_minimal_service
[2.658s] Installing service_member_function script to /home/nazerke/ros2_ws/install/examples_rclpy_minimal_service/lib/examples_rclpy_minimal_service
[2.658s] writing list of installed files to '/home/nazerke/ros2_ws/build/examples_rclpy_minimal_service/install.log'
[2.743s] Invoked command in '/home/nazerke/ros2_ws/src/examples/rclpy/services/minimal_service' returned '0': PYTHONPATH=/home/nazerke/ros2_ws/build/examples_rclpy_minimal_service/prefix_override:/usr/lib/python3/dist-packages/colcon_core/task/python/colcon_distutils_commands:/home/nazerke/ros2_ws/install/examples_rclpy_minimal_service/lib/python3.12/site-packages:${PYTHONPATH} /usr/bin/python3 -W ignore:setup.py install is deprecated -W ignore:easy_install command is deprecated setup.py egg_info --egg-base ../../../../../build/examples_rclpy_minimal_service build --build-base /home/nazerke/ros2_ws/build/examples_rclpy_minimal_service/build install --record /home/nazerke/ros2_ws/build/examples_rclpy_minimal_service/install.log --single-version-externally-managed install_data
