[2.250s] Invoking command in '/home/nazerke/ros2_ws/src/examples/rclpy/executors': PYTHONPATH=/home/nazerke/ros2_ws/build/examples_rclpy_executors/prefix_override:/usr/lib/python3/dist-packages/colcon_core/task/python/colcon_distutils_commands:/home/nazerke/ros2_ws/install/examples_rclpy_executors/lib/python3.12/site-packages:${PYTHONPATH} /usr/bin/python3 -W ignore:setup.py install is deprecated -W ignore:easy_install command is deprecated setup.py egg_info --egg-base ../../../../build/examples_rclpy_executors build --build-base /home/nazerke/ros2_ws/build/examples_rclpy_executors/build install --record /home/nazerke/ros2_ws/build/examples_rclpy_executors/install.log --single-version-externally-managed install_data
[2.829s] running egg_info
[2.871s] writing ../../../../build/examples_rclpy_executors/examples_rclpy_executors.egg-info/PKG-INFO
[2.872s] writing dependency_links to ../../../../build/examples_rclpy_executors/examples_rclpy_executors.egg-info/dependency_links.txt
[2.873s] writing entry points to ../../../../build/examples_rclpy_executors/examples_rclpy_executors.egg-info/entry_points.txt
[2.873s] writing requirements to ../../../../build/examples_rclpy_executors/examples_rclpy_executors.egg-info/requires.txt
[2.874s] writing top-level names to ../../../../build/examples_rclpy_executors/examples_rclpy_executors.egg-info/top_level.txt
[2.960s] reading manifest file '../../../../build/examples_rclpy_executors/examples_rclpy_executors.egg-info/SOURCES.txt'
[2.964s] writing manifest file '../../../../build/examples_rclpy_executors/examples_rclpy_executors.egg-info/SOURCES.txt'
[2.964s] running build
[2.965s] running build_py
[2.967s] running install
[2.977s] running install_lib
[3.013s] running install_data
[3.013s] running install_egg_info
[3.048s] removing '/home/nazerke/ros2_ws/install/examples_rclpy_executors/lib/python3.12/site-packages/examples_rclpy_executors-0.19.7-py3.12.egg-info' (and everything under it)
[3.049s] Copying ../../../../build/examples_rclpy_executors/examples_rclpy_executors.egg-info to /home/nazerke/ros2_ws/install/examples_rclpy_executors/lib/python3.12/site-packages/examples_rclpy_executors-0.19.7-py3.12.egg-info
[3.052s] running install_scripts
[3.276s] Installing callback_group script to /home/nazerke/ros2_ws/install/examples_rclpy_executors/lib/examples_rclpy_executors
[3.277s] Installing composed script to /home/nazerke/ros2_ws/install/examples_rclpy_executors/lib/examples_rclpy_executors
[3.277s] Installing custom_callback_group script to /home/nazerke/ros2_ws/install/examples_rclpy_executors/lib/examples_rclpy_executors
[3.278s] Installing custom_executor script to /home/nazerke/ros2_ws/install/examples_rclpy_executors/lib/examples_rclpy_executors
[3.278s] Installing listener script to /home/nazerke/ros2_ws/install/examples_rclpy_executors/lib/examples_rclpy_executors
[3.278s] Installing talker script to /home/nazerke/ros2_ws/install/examples_rclpy_executors/lib/examples_rclpy_executors
[3.279s] writing list of installed files to '/home/nazerke/ros2_ws/build/examples_rclpy_executors/install.log'
[3.623s] Invoked command in '/home/nazerke/ros2_ws/src/examples/rclpy/executors' returned '0': PYTHONPATH=/home/nazerke/ros2_ws/build/examples_rclpy_executors/prefix_override:/usr/lib/python3/dist-packages/colcon_core/task/python/colcon_distutils_commands:/home/nazerke/ros2_ws/install/examples_rclpy_executors/lib/python3.12/site-packages:${PYTHONPATH} /usr/bin/python3 -W ignore:setup.py install is deprecated -W ignore:easy_install command is deprecated setup.py egg_info --egg-base ../../../../build/examples_rclpy_executors build --build-base /home/nazerke/ros2_ws/build/examples_rclpy_executors/build install --record /home/nazerke/ros2_ws/build/examples_rclpy_executors/install.log --single-version-externally-managed install_data
