[0.026s] Invoking command in '/home/nazerke/ros2_ws/build/examples_rclcpp_minimal_publisher': CMAKE_PREFIX_PATH=${CMAKE_PREFIX_PATH}:/home/nazerke/ros2_ws/install/khamzina:/home/nazerke/ros2_ws/install/launch_testing_examples:/home/nazerke/ros2_ws/install/examples_rclpy_pointcloud_publisher:/home/nazerke/ros2_ws/install/examples_rclpy_minimal_subscriber:/home/nazerke/ros2_ws/install/examples_rclpy_minimal_service:/home/nazerke/ros2_ws/install/examples_rclpy_minimal_publisher:/home/nazerke/ros2_ws/install/examples_rclpy_minimal_client:/home/nazerke/ros2_ws/install/examples_rclpy_minimal_action_server:/home/nazerke/ros2_ws/install/examples_rclpy_minimal_action_client:/home/nazerke/ros2_ws/install/examples_rclpy_guard_conditions:/home/nazerke/ros2_ws/install/examples_rclpy_executors:/opt/ros/jazzy /usr/bin/cmake --build /home/nazerke/ros2_ws/build/examples_rclcpp_minimal_publisher -- -j4 -l4
[0.107s] [ 16%] Built target publisher_lambda
[0.137s] [ 33%] Built target publisher_member_function_with_type_adapter
[0.138s] [ 50%] Built target publisher_member_function_with_unique_network_flow_endpoints
[0.148s] [ 66%] Built target publisher_member_function
[0.187s] [ 83%] Built target publisher_wait_for_all_acked
[0.195s] [100%] Built target publisher_not_composable
[0.243s] Invoked command in '/home/nazerke/ros2_ws/build/examples_rclcpp_minimal_publisher' returned '0': CMAKE_PREFIX_PATH=${CMAKE_PREFIX_PATH}:/home/nazerke/ros2_ws/install/khamzina:/home/nazerke/ros2_ws/install/launch_testing_examples:/home/nazerke/ros2_ws/install/examples_rclpy_pointcloud_publisher:/home/nazerke/ros2_ws/install/examples_rclpy_minimal_subscriber:/home/nazerke/ros2_ws/install/examples_rclpy_minimal_service:/home/nazerke/ros2_ws/install/examples_rclpy_minimal_publisher:/home/nazerke/ros2_ws/install/examples_rclpy_minimal_client:/home/nazerke/ros2_ws/install/examples_rclpy_minimal_action_server:/home/nazerke/ros2_ws/install/examples_rclpy_minimal_action_client:/home/nazerke/ros2_ws/install/examples_rclpy_guard_conditions:/home/nazerke/ros2_ws/install/examples_rclpy_executors:/opt/ros/jazzy /usr/bin/cmake --build /home/nazerke/ros2_ws/build/examples_rclcpp_minimal_publisher -- -j4 -l4
[0.246s] Invoking command in '/home/nazerke/ros2_ws/build/examples_rclcpp_minimal_publisher': CMAKE_PREFIX_PATH=${CMAKE_PREFIX_PATH}:/home/nazerke/ros2_ws/install/khamzina:/home/nazerke/ros2_ws/install/launch_testing_examples:/home/nazerke/ros2_ws/install/examples_rclpy_pointcloud_publisher:/home/nazerke/ros2_ws/install/examples_rclpy_minimal_subscriber:/home/nazerke/ros2_ws/install/examples_rclpy_minimal_service:/home/nazerke/ros2_ws/install/examples_rclpy_minimal_publisher:/home/nazerke/ros2_ws/install/examples_rclpy_minimal_client:/home/nazerke/ros2_ws/install/examples_rclpy_minimal_action_server:/home/nazerke/ros2_ws/install/examples_rclpy_minimal_action_client:/home/nazerke/ros2_ws/install/examples_rclpy_guard_conditions:/home/nazerke/ros2_ws/install/examples_rclpy_executors:/opt/ros/jazzy /usr/bin/cmake --install /home/nazerke/ros2_ws/build/examples_rclcpp_minimal_publisher
[0.291s] -- Install configuration: ""
[0.292s] -- Execute custom install script
[0.292s] -- Up-to-date symlink: /home/nazerke/ros2_ws/install/examples_rclcpp_minimal_publisher/lib/examples_rclcpp_minimal_publisher/publisher_lambda
[0.292s] -- Up-to-date symlink: /home/nazerke/ros2_ws/install/examples_rclcpp_minimal_publisher/lib/examples_rclcpp_minimal_publisher/publisher_member_function
[0.292s] -- Up-to-date symlink: /home/nazerke/ros2_ws/install/examples_rclcpp_minimal_publisher/lib/examples_rclcpp_minimal_publisher/publisher_member_function_with_type_adapter
[0.292s] -- Up-to-date symlink: /home/nazerke/ros2_ws/install/examples_rclcpp_minimal_publisher/lib/examples_rclcpp_minimal_publisher/publisher_member_function_with_unique_network_flow_endpoints
[0.292s] -- Up-to-date symlink: /home/nazerke/ros2_ws/install/examples_rclcpp_minimal_publisher/lib/examples_rclcpp_minimal_publisher/publisher_wait_for_all_acked
[0.292s] -- Up-to-date symlink: /home/nazerke/ros2_ws/install/examples_rclcpp_minimal_publisher/lib/examples_rclcpp_minimal_publisher/publisher_not_composable
[0.293s] -- Up-to-date symlink: /home/nazerke/ros2_ws/install/examples_rclcpp_minimal_publisher/share/ament_index/resource_index/package_run_dependencies/examples_rclcpp_minimal_publisher
[0.293s] -- Up-to-date symlink: /home/nazerke/ros2_ws/install/examples_rclcpp_minimal_publisher/share/ament_index/resource_index/parent_prefix_path/examples_rclcpp_minimal_publisher
[0.293s] -- Up-to-date symlink: /home/nazerke/ros2_ws/install/examples_rclcpp_minimal_publisher/share/examples_rclcpp_minimal_publisher/environment/ament_prefix_path.sh
[0.293s] -- Up-to-date symlink: /home/nazerke/ros2_ws/install/examples_rclcpp_minimal_publisher/share/examples_rclcpp_minimal_publisher/environment/ament_prefix_path.dsv
[0.293s] -- Up-to-date symlink: /home/nazerke/ros2_ws/install/examples_rclcpp_minimal_publisher/share/examples_rclcpp_minimal_publisher/environment/path.sh
[0.293s] -- Up-to-date symlink: /home/nazerke/ros2_ws/install/examples_rclcpp_minimal_publisher/share/examples_rclcpp_minimal_publisher/environment/path.dsv
[0.294s] -- Up-to-date symlink: /home/nazerke/ros2_ws/install/examples_rclcpp_minimal_publisher/share/examples_rclcpp_minimal_publisher/local_setup.bash
[0.294s] -- Up-to-date symlink: /home/nazerke/ros2_ws/install/examples_rclcpp_minimal_publisher/share/examples_rclcpp_minimal_publisher/local_setup.sh
[0.294s] -- Up-to-date symlink: /home/nazerke/ros2_ws/install/examples_rclcpp_minimal_publisher/share/examples_rclcpp_minimal_publisher/local_setup.zsh
[0.294s] -- Up-to-date symlink: /home/nazerke/ros2_ws/install/examples_rclcpp_minimal_publisher/share/examples_rclcpp_minimal_publisher/local_setup.dsv
[0.295s] -- Symlinking: /home/nazerke/ros2_ws/install/examples_rclcpp_minimal_publisher/share/examples_rclcpp_minimal_publisher/package.dsv
[0.295s] -- Up-to-date symlink: /home/nazerke/ros2_ws/install/examples_rclcpp_minimal_publisher/share/ament_index/resource_index/packages/examples_rclcpp_minimal_publisher
[0.295s] -- Up-to-date symlink: /home/nazerke/ros2_ws/install/examples_rclcpp_minimal_publisher/share/examples_rclcpp_minimal_publisher/cmake/examples_rclcpp_minimal_publisherConfig.cmake
[0.295s] -- Up-to-date symlink: /home/nazerke/ros2_ws/install/examples_rclcpp_minimal_publisher/share/examples_rclcpp_minimal_publisher/cmake/examples_rclcpp_minimal_publisherConfig-version.cmake
[0.296s] -- Up-to-date symlink: /home/nazerke/ros2_ws/install/examples_rclcpp_minimal_publisher/share/examples_rclcpp_minimal_publisher/package.xml
[0.301s] Invoked command in '/home/nazerke/ros2_ws/build/examples_rclcpp_minimal_publisher' returned '0': CMAKE_PREFIX_PATH=${CMAKE_PREFIX_PATH}:/home/nazerke/ros2_ws/install/khamzina:/home/nazerke/ros2_ws/install/launch_testing_examples:/home/nazerke/ros2_ws/install/examples_rclpy_pointcloud_publisher:/home/nazerke/ros2_ws/install/examples_rclpy_minimal_subscriber:/home/nazerke/ros2_ws/install/examples_rclpy_minimal_service:/home/nazerke/ros2_ws/install/examples_rclpy_minimal_publisher:/home/nazerke/ros2_ws/install/examples_rclpy_minimal_client:/home/nazerke/ros2_ws/install/examples_rclpy_minimal_action_server:/home/nazerke/ros2_ws/install/examples_rclpy_minimal_action_client:/home/nazerke/ros2_ws/install/examples_rclpy_guard_conditions:/home/nazerke/ros2_ws/install/examples_rclpy_executors:/opt/ros/jazzy /usr/bin/cmake --install /home/nazerke/ros2_ws/build/examples_rclcpp_minimal_publisher
