[0.016s] Invoking command in '/home/nazerke/ros2_ws/build/turtlesim': CMAKE_PREFIX_PATH=${CMAKE_PREFIX_PATH}:/opt/ros/jazzy /usr/bin/cmake /home/nazerke/ros2_ws/src/ros_tutorials/turtlesim -DCMAKE_INSTALL_PREFIX=/home/nazerke/ros2_ws/install/turtlesim
[0.062s] -- Found ament_cmake: 2.5.5 (/opt/ros/jazzy/share/ament_cmake/cmake)
[0.130s] -- Found Python3: /usr/bin/python3 (found version "3.12.3") found components: Interpreter 
[0.302s] -- Override CMake install command with custom implementation using symlinks instead of copying resources
[0.323s] -- Found ament_index_cpp: 1.8.2 (/opt/ros/jazzy/share/ament_index_cpp/cmake)
[0.327s] -- Found geometry_msgs: 5.3.6 (/opt/ros/jazzy/share/geometry_msgs/cmake)
[0.741s] -- Found rosidl_generator_c: 4.6.7 (/opt/ros/jazzy/share/rosidl_generator_c/cmake)
[0.777s] -- Found rosidl_generator_cpp: 4.6.7 (/opt/ros/jazzy/share/rosidl_generator_cpp/cmake)
[0.817s] -- Using all available rosidl_typesupport_c: rosidl_typesupport_fastrtps_c;rosidl_typesupport_introspection_c
[0.848s] -- Using all available rosidl_typesupport_cpp: rosidl_typesupport_fastrtps_cpp;rosidl_typesupport_introspection_cpp
[1.167s] -- Found rcl_interfaces: 2.0.3 (/opt/ros/jazzy/share/rcl_interfaces/cmake)
[1.259s] -- Found rclcpp: 28.1.16 (/opt/ros/jazzy/share/rclcpp/cmake)
[1.294s] -- Found rmw_implementation_cmake: 7.3.3 (/opt/ros/jazzy/share/rmw_implementation_cmake/cmake)
[1.296s] -- Found rmw_fastrtps_cpp: 8.4.3 (/opt/ros/jazzy/share/rmw_fastrtps_cpp/cmake)
[1.733s] -- Using RMW implementation 'rmw_fastrtps_cpp' as default
[2.077s] -- Found rclcpp_action: 28.1.16 (/opt/ros/jazzy/share/rclcpp_action/cmake)
[2.147s] -- Found rosidl_default_generators: 1.6.0 (/opt/ros/jazzy/share/rosidl_default_generators/cmake)
[2.172s] -- Found rosidl_adapter: 4.6.7 (/opt/ros/jazzy/share/rosidl_adapter/cmake)
[2.181s] -- Found std_srvs: 5.3.6 (/opt/ros/jazzy/share/std_srvs/cmake)
[2.679s] -- Found ament_cmake_ros: 0.12.0 (/opt/ros/jazzy/share/ament_cmake_ros/cmake)
[2.930s] -- Using all available rosidl_typesupport_c: rosidl_typesupport_fastrtps_c;rosidl_typesupport_introspection_c
[3.025s] -- Using all available rosidl_typesupport_cpp: rosidl_typesupport_fastrtps_cpp;rosidl_typesupport_introspection_cpp
[3.030s] -- Found python_cmake_module: 0.11.1 (/opt/ros/jazzy/share/python_cmake_module/cmake)
[3.490s] -- Found Python3: /usr/bin/python3 (found version "3.12.3") found components: Interpreter Development NumPy Development.Module Development.Embed 
[3.520s] -- Found ament_lint_auto: 0.17.4 (/opt/ros/jazzy/share/ament_lint_auto/cmake)
[3.551s] -- Added test 'copyright' to check source files copyright and LICENSE
[3.559s] -- Added test 'cppcheck' to perform static code analysis on C / C++ code
[3.561s] -- Configured cppcheck include dirs: /home/nazerke/ros2_ws/src/ros_tutorials/turtlesim/include
[3.561s] -- Configured cppcheck exclude dirs and/or files: 
[3.563s] -- Added test 'cpplint' to check C / C++ code against the Google style
[3.563s] -- Configured cpplint exclude dirs and/or files: 
[3.563s] -- Added test 'flake8' to check Python code syntax and style conventions
[3.563s] -- Configured 'flake8' exclude dirs and/or files: 
[3.564s] -- Added test 'lint_cmake' to check CMake code style
[3.565s] -- Added test 'pep257' to check Python code against some of the docstring style conventions in PEP 257
[3.566s] -- Added test 'uncrustify' to check C / C++ code style
[3.567s] -- Configured uncrustify additional arguments: 
[3.567s] -- Added test 'xmllint' to check XML markup files
[3.577s] -- Configuring done (3.5s)
[3.774s] -- Generating done (0.2s)
[3.804s] -- Build files have been written to: /home/nazerke/ros2_ws/build/turtlesim
[3.819s] Invoked command in '/home/nazerke/ros2_ws/build/turtlesim' returned '0': CMAKE_PREFIX_PATH=${CMAKE_PREFIX_PATH}:/opt/ros/jazzy /usr/bin/cmake /home/nazerke/ros2_ws/src/ros_tutorials/turtlesim -DCMAKE_INSTALL_PREFIX=/home/nazerke/ros2_ws/install/turtlesim
[3.820s] Invoking command in '/home/nazerke/ros2_ws/build/turtlesim': CMAKE_PREFIX_PATH=${CMAKE_PREFIX_PATH}:/opt/ros/jazzy /usr/bin/cmake --build /home/nazerke/ros2_ws/build/turtlesim -- -j4 -l4
[3.882s] [  0%] Built target turtlesim__rosidl_generator_type_description
[3.892s] [  0%] Built target ament_cmake_python_symlink_turtlesim
[3.907s] [  1%] Built target turtlesim__cpp
[3.930s] [ 24%] Built target turtlesim__rosidl_generator_c
[3.981s] [ 33%] Built target turtlesim__rosidl_typesupport_cpp
[3.982s] [ 42%] Built target turtlesim__rosidl_typesupport_fastrtps_cpp
[3.982s] [ 50%] Built target turtlesim__rosidl_typesupport_fastrtps_c
[4.018s] [ 63%] Built target turtlesim__rosidl_typesupport_introspection_c
[4.018s] [ 68%] Built target turtlesim__rosidl_typesupport_c
[4.032s] [ 76%] Built target turtlesim__rosidl_typesupport_introspection_cpp
[4.059s] [ 78%] Built target turtle_teleop_key
[4.075s] [ 79%] Built target draw_square
[4.080s] [ 84%] Built target turtlesim_node
[4.102s] [ 86%] Built target mimic
[4.106s] [ 86%] Built target turtlesim
[4.135s] [ 86%] Built target turtlesim__py
[4.184s] [ 94%] Built target turtlesim__rosidl_generator_py
[4.219s] [ 96%] Built target turtlesim_s__rosidl_typesupport_introspection_c
[4.221s] [ 98%] Built target turtlesim_s__rosidl_typesupport_c
[4.222s] [100%] Built target turtlesim_s__rosidl_typesupport_fastrtps_c
[4.237s] running egg_info
[4.271s] writing turtlesim.egg-info/PKG-INFO
[4.272s] writing dependency_links to turtlesim.egg-info/dependency_links.txt
[4.272s] writing top-level names to turtlesim.egg-info/top_level.txt
[4.368s] reading manifest file 'turtlesim.egg-info/SOURCES.txt'
[4.371s] writing manifest file 'turtlesim.egg-info/SOURCES.txt'
[4.409s] [100%] Built target ament_cmake_python_build_turtlesim_egg
[4.426s] Invoked command in '/home/nazerke/ros2_ws/build/turtlesim' returned '0': CMAKE_PREFIX_PATH=${CMAKE_PREFIX_PATH}:/opt/ros/jazzy /usr/bin/cmake --build /home/nazerke/ros2_ws/build/turtlesim -- -j4 -l4
[4.429s] Invoking command in '/home/nazerke/ros2_ws/build/turtlesim': CMAKE_PREFIX_PATH=${CMAKE_PREFIX_PATH}:/opt/ros/jazzy /usr/bin/cmake --install /home/nazerke/ros2_ws/build/turtlesim
[4.440s] -- Install configuration: ""
[4.441s] -- Execute custom install script
[4.442s] -- Up-to-date symlink: /home/nazerke/ros2_ws/install/turtlesim/share/ament_index/resource_index/rosidl_interfaces/turtlesim
[4.443s] -- Up-to-date symlink: /home/nazerke/ros2_ws/install/turtlesim/share/turtlesim/action/RotateAbsolute.json
[4.443s] -- Up-to-date symlink: /home/nazerke/ros2_ws/install/turtlesim/share/turtlesim/msg/Color.json
[4.444s] -- Up-to-date symlink: /home/nazerke/ros2_ws/install/turtlesim/share/turtlesim/msg/Pose.json
[4.445s] -- Up-to-date symlink: /home/nazerke/ros2_ws/install/turtlesim/share/turtlesim/srv/Kill.json
[4.445s] -- Up-to-date symlink: /home/nazerke/ros2_ws/install/turtlesim/share/turtlesim/srv/SetPen.json
[4.446s] -- Up-to-date symlink: /home/nazerke/ros2_ws/install/turtlesim/share/turtlesim/srv/Spawn.json
[4.447s] -- Up-to-date symlink: /home/nazerke/ros2_ws/install/turtlesim/share/turtlesim/srv/TeleportAbsolute.json
[4.448s] -- Up-to-date symlink: /home/nazerke/ros2_ws/install/turtlesim/share/turtlesim/srv/TeleportRelative.json
[4.452s] -- Up-to-date symlink: /home/nazerke/ros2_ws/install/turtlesim/include/turtlesim/turtlesim/action/detail/rotate_absolute__functions.h
[4.453s] -- Up-to-date symlink: /home/nazerke/ros2_ws/install/turtlesim/include/turtlesim/turtlesim/action/detail/rotate_absolute__struct.h
[4.453s] -- Up-to-date symlink: /home/nazerke/ros2_ws/install/turtlesim/include/turtlesim/turtlesim/action/detail/rotate_absolute__type_support.h
[4.454s] -- Up-to-date symlink: /home/nazerke/ros2_ws/install/turtlesim/include/turtlesim/turtlesim/action/rotate_absolute.h
[4.455s] -- Up-to-date symlink: /home/nazerke/ros2_ws/install/turtlesim/include/turtlesim/turtlesim/msg/color.h
[4.455s] -- Up-to-date symlink: /home/nazerke/ros2_ws/install/turtlesim/include/turtlesim/turtlesim/msg/detail/color__functions.h
[4.456s] -- Up-to-date symlink: /home/nazerke/ros2_ws/install/turtlesim/include/turtlesim/turtlesim/msg/detail/color__struct.h
[4.456s] -- Up-to-date symlink: /home/nazerke/ros2_ws/install/turtlesim/include/turtlesim/turtlesim/msg/detail/color__type_support.h
[4.457s] -- Up-to-date symlink: /home/nazerke/ros2_ws/install/turtlesim/include/turtlesim/turtlesim/msg/detail/pose__functions.h
[4.457s] -- Up-to-date symlink: /home/nazerke/ros2_ws/install/turtlesim/include/turtlesim/turtlesim/msg/detail/pose__struct.h
[4.458s] -- Up-to-date symlink: /home/nazerke/ros2_ws/install/turtlesim/include/turtlesim/turtlesim/msg/detail/pose__type_support.h
[4.458s] -- Up-to-date symlink: /home/nazerke/ros2_ws/install/turtlesim/include/turtlesim/turtlesim/msg/pose.h
[4.459s] -- Up-to-date symlink: /home/nazerke/ros2_ws/install/turtlesim/include/turtlesim/turtlesim/msg/rosidl_generator_c__visibility_control.h
[4.460s] -- Up-to-date symlink: /home/nazerke/ros2_ws/install/turtlesim/include/turtlesim/turtlesim/srv/detail/kill__functions.h
[4.460s] -- Up-to-date symlink: /home/nazerke/ros2_ws/install/turtlesim/include/turtlesim/turtlesim/srv/detail/kill__struct.h
[4.461s] -- Up-to-date symlink: /home/nazerke/ros2_ws/install/turtlesim/include/turtlesim/turtlesim/srv/detail/kill__type_support.h
[4.461s] -- Up-to-date symlink: /home/nazerke/ros2_ws/install/turtlesim/include/turtlesim/turtlesim/srv/detail/set_pen__functions.h
[4.462s] -- Up-to-date symlink: /home/nazerke/ros2_ws/install/turtlesim/include/turtlesim/turtlesim/srv/detail/set_pen__struct.h
[4.462s] -- Up-to-date symlink: /home/nazerke/ros2_ws/install/turtlesim/include/turtlesim/turtlesim/srv/detail/set_pen__type_support.h
[4.463s] -- Up-to-date symlink: /home/nazerke/ros2_ws/install/turtlesim/include/turtlesim/turtlesim/srv/detail/spawn__functions.h
[4.464s] -- Up-to-date symlink: /home/nazerke/ros2_ws/install/turtlesim/include/turtlesim/turtlesim/srv/detail/spawn__struct.h
[4.465s] -- Up-to-date symlink: /home/nazerke/ros2_ws/install/turtlesim/include/turtlesim/turtlesim/srv/detail/spawn__type_support.h
[4.465s] -- Up-to-date symlink: /home/nazerke/ros2_ws/install/turtlesim/include/turtlesim/turtlesim/srv/detail/teleport_absolute__functions.h
[4.466s] -- Up-to-date symlink: /home/nazerke/ros2_ws/install/turtlesim/include/turtlesim/turtlesim/srv/detail/teleport_absolute__struct.h
[4.467s] -- Up-to-date symlink: /home/nazerke/ros2_ws/install/turtlesim/include/turtlesim/turtlesim/srv/detail/teleport_absolute__type_support.h
[4.467s] -- Up-to-date symlink: /home/nazerke/ros2_ws/install/turtlesim/include/turtlesim/turtlesim/srv/detail/teleport_relative__functions.h
[4.468s] -- Up-to-date symlink: /home/nazerke/ros2_ws/install/turtlesim/include/turtlesim/turtlesim/srv/detail/teleport_relative__struct.h
[4.468s] -- Up-to-date symlink: /home/nazerke/ros2_ws/install/turtlesim/include/turtlesim/turtlesim/srv/detail/teleport_relative__type_support.h
[4.469s] -- Up-to-date symlink: /home/nazerke/ros2_ws/install/turtlesim/include/turtlesim/turtlesim/srv/kill.h
[4.469s] -- Up-to-date symlink: /home/nazerke/ros2_ws/install/turtlesim/include/turtlesim/turtlesim/srv/set_pen.h
[4.470s] -- Up-to-date symlink: /home/nazerke/ros2_ws/install/turtlesim/include/turtlesim/turtlesim/srv/spawn.h
[4.471s] -- Up-to-date symlink: /home/nazerke/ros2_ws/install/turtlesim/include/turtlesim/turtlesim/srv/teleport_absolute.h
[4.471s] -- Up-to-date symlink: /home/nazerke/ros2_ws/install/turtlesim/include/turtlesim/turtlesim/srv/teleport_relative.h
[4.472s] -- Up-to-date symlink: /home/nazerke/ros2_ws/install/turtlesim/share/turtlesim/environment/library_path.sh
[4.472s] -- Up-to-date symlink: /home/nazerke/ros2_ws/install/turtlesim/share/turtlesim/environment/library_path.dsv
[4.476s] -- Up-to-date symlink: /home/nazerke/ros2_ws/install/turtlesim/include/turtlesim/turtlesim/action/detail/rotate_absolute__rosidl_typesupport_fastrtps_c.h
[4.477s] -- Up-to-date symlink: /home/nazerke/ros2_ws/install/turtlesim/include/turtlesim/turtlesim/msg/detail/color__rosidl_typesupport_fastrtps_c.h
[4.477s] -- Up-to-date symlink: /home/nazerke/ros2_ws/install/turtlesim/include/turtlesim/turtlesim/msg/detail/pose__rosidl_typesupport_fastrtps_c.h
[4.478s] -- Up-to-date symlink: /home/nazerke/ros2_ws/install/turtlesim/include/turtlesim/turtlesim/msg/rosidl_typesupport_fastrtps_c__visibility_control.h
[4.479s] -- Up-to-date symlink: /home/nazerke/ros2_ws/install/turtlesim/include/turtlesim/turtlesim/srv/detail/kill__rosidl_typesupport_fastrtps_c.h
[4.479s] -- Up-to-date symlink: /home/nazerke/ros2_ws/install/turtlesim/include/turtlesim/turtlesim/srv/detail/set_pen__rosidl_typesupport_fastrtps_c.h
[4.480s] -- Up-to-date symlink: /home/nazerke/ros2_ws/install/turtlesim/include/turtlesim/turtlesim/srv/detail/spawn__rosidl_typesupport_fastrtps_c.h
[4.480s] -- Up-to-date symlink: /home/nazerke/ros2_ws/install/turtlesim/include/turtlesim/turtlesim/srv/detail/teleport_absolute__rosidl_typesupport_fastrtps_c.h
[4.481s] -- Up-to-date symlink: /home/nazerke/ros2_ws/install/turtlesim/include/turtlesim/turtlesim/srv/detail/teleport_relative__rosidl_typesupport_fastrtps_c.h
[4.485s] -- Up-to-date symlink: /home/nazerke/ros2_ws/install/turtlesim/include/turtlesim/turtlesim/action/detail/rotate_absolute__builder.hpp
[4.485s] -- Up-to-date symlink: /home/nazerke/ros2_ws/install/turtlesim/include/turtlesim/turtlesim/action/detail/rotate_absolute__struct.hpp
[4.486s] -- Up-to-date symlink: /home/nazerke/ros2_ws/install/turtlesim/include/turtlesim/turtlesim/action/detail/rotate_absolute__traits.hpp
[4.486s] -- Up-to-date symlink: /home/nazerke/ros2_ws/install/turtlesim/include/turtlesim/turtlesim/action/detail/rotate_absolute__type_support.hpp
[4.487s] -- Up-to-date symlink: /home/nazerke/ros2_ws/install/turtlesim/include/turtlesim/turtlesim/action/rotate_absolute.hpp
[4.487s] -- Up-to-date symlink: /home/nazerke/ros2_ws/install/turtlesim/include/turtlesim/turtlesim/msg/color.hpp
[4.488s] -- Up-to-date symlink: /home/nazerke/ros2_ws/install/turtlesim/include/turtlesim/turtlesim/msg/detail/color__builder.hpp
[4.488s] -- Up-to-date symlink: /home/nazerke/ros2_ws/install/turtlesim/include/turtlesim/turtlesim/msg/detail/color__struct.hpp
[4.489s] -- Up-to-date symlink: /home/nazerke/ros2_ws/install/turtlesim/include/turtlesim/turtlesim/msg/detail/color__traits.hpp
[4.489s] -- Up-to-date symlink: /home/nazerke/ros2_ws/install/turtlesim/include/turtlesim/turtlesim/msg/detail/color__type_support.hpp
[4.490s] -- Up-to-date symlink: /home/nazerke/ros2_ws/install/turtlesim/include/turtlesim/turtlesim/msg/detail/pose__builder.hpp
[4.491s] -- Up-to-date symlink: /home/nazerke/ros2_ws/install/turtlesim/include/turtlesim/turtlesim/msg/detail/pose__struct.hpp
[4.491s] -- Up-to-date symlink: /home/nazerke/ros2_ws/install/turtlesim/include/turtlesim/turtlesim/msg/detail/pose__traits.hpp
[4.492s] -- Up-to-date symlink: /home/nazerke/ros2_ws/install/turtlesim/include/turtlesim/turtlesim/msg/detail/pose__type_support.hpp
[4.492s] -- Up-to-date symlink: /home/nazerke/ros2_ws/install/turtlesim/include/turtlesim/turtlesim/msg/pose.hpp
[4.493s] -- Up-to-date symlink: /home/nazerke/ros2_ws/install/turtlesim/include/turtlesim/turtlesim/msg/rosidl_generator_cpp__visibility_control.hpp
[4.493s] -- Up-to-date symlink: /home/nazerke/ros2_ws/install/turtlesim/include/turtlesim/turtlesim/srv/detail/kill__builder.hpp
[4.494s] -- Up-to-date symlink: /home/nazerke/ros2_ws/install/turtlesim/include/turtlesim/turtlesim/srv/detail/kill__struct.hpp
[4.494s] -- Up-to-date symlink: /home/nazerke/ros2_ws/install/turtlesim/include/turtlesim/turtlesim/srv/detail/kill__traits.hpp
[4.495s] -- Up-to-date symlink: /home/nazerke/ros2_ws/install/turtlesim/include/turtlesim/turtlesim/srv/detail/kill__type_support.hpp
[4.496s] -- Up-to-date symlink: /home/nazerke/ros2_ws/install/turtlesim/include/turtlesim/turtlesim/srv/detail/set_pen__builder.hpp
[4.496s] -- Up-to-date symlink: /home/nazerke/ros2_ws/install/turtlesim/include/turtlesim/turtlesim/srv/detail/set_pen__struct.hpp
[4.497s] -- Up-to-date symlink: /home/nazerke/ros2_ws/install/turtlesim/include/turtlesim/turtlesim/srv/detail/set_pen__traits.hpp
[4.497s] -- Up-to-date symlink: /home/nazerke/ros2_ws/install/turtlesim/include/turtlesim/turtlesim/srv/detail/set_pen__type_support.hpp
[4.498s] -- Up-to-date symlink: /home/nazerke/ros2_ws/install/turtlesim/include/turtlesim/turtlesim/srv/detail/spawn__builder.hpp
[4.499s] -- Up-to-date symlink: /home/nazerke/ros2_ws/install/turtlesim/include/turtlesim/turtlesim/srv/detail/spawn__struct.hpp
[4.499s] -- Up-to-date symlink: /home/nazerke/ros2_ws/install/turtlesim/include/turtlesim/turtlesim/srv/detail/spawn__traits.hpp
[4.500s] -- Up-to-date symlink: /home/nazerke/ros2_ws/install/turtlesim/include/turtlesim/turtlesim/srv/detail/spawn__type_support.hpp
[4.501s] -- Up-to-date symlink: /home/nazerke/ros2_ws/install/turtlesim/include/turtlesim/turtlesim/srv/detail/teleport_absolute__builder.hpp
[4.501s] -- Up-to-date symlink: /home/nazerke/ros2_ws/install/turtlesim/include/turtlesim/turtlesim/srv/detail/teleport_absolute__struct.hpp
[4.502s] -- Up-to-date symlink: /home/nazerke/ros2_ws/install/turtlesim/include/turtlesim/turtlesim/srv/detail/teleport_absolute__traits.hpp
[4.502s] -- Up-to-date symlink: /home/nazerke/ros2_ws/install/turtlesim/include/turtlesim/turtlesim/srv/detail/teleport_absolute__type_support.hpp
[4.503s] -- Up-to-date symlink: /home/nazerke/ros2_ws/install/turtlesim/include/turtlesim/turtlesim/srv/detail/teleport_relative__builder.hpp
[4.503s] -- Up-to-date symlink: /home/nazerke/ros2_ws/install/turtlesim/include/turtlesim/turtlesim/srv/detail/teleport_relative__struct.hpp
[4.504s] -- Up-to-date symlink: /home/nazerke/ros2_ws/install/turtlesim/include/turtlesim/turtlesim/srv/detail/teleport_relative__traits.hpp
[4.504s] -- Up-to-date symlink: /home/nazerke/ros2_ws/install/turtlesim/include/turtlesim/turtlesim/srv/detail/teleport_relative__type_support.hpp
[4.505s] -- Up-to-date symlink: /home/nazerke/ros2_ws/install/turtlesim/include/turtlesim/turtlesim/srv/kill.hpp
[4.505s] -- Up-to-date symlink: /home/nazerke/ros2_ws/install/turtlesim/include/turtlesim/turtlesim/srv/set_pen.hpp
[4.506s] -- Up-to-date symlink: /home/nazerke/ros2_ws/install/turtlesim/include/turtlesim/turtlesim/srv/spawn.hpp
[4.507s] -- Up-to-date symlink: /home/nazerke/ros2_ws/install/turtlesim/include/turtlesim/turtlesim/srv/teleport_absolute.hpp
[4.507s] -- Up-to-date symlink: /home/nazerke/ros2_ws/install/turtlesim/include/turtlesim/turtlesim/srv/teleport_relative.hpp
[4.511s] -- Up-to-date symlink: /home/nazerke/ros2_ws/install/turtlesim/include/turtlesim/turtlesim/action/detail/rotate_absolute__rosidl_typesupport_fastrtps_cpp.hpp
[4.512s] -- Up-to-date symlink: /home/nazerke/ros2_ws/install/turtlesim/include/turtlesim/turtlesim/msg/detail/color__rosidl_typesupport_fastrtps_cpp.hpp
[4.513s] -- Up-to-date symlink: /home/nazerke/ros2_ws/install/turtlesim/include/turtlesim/turtlesim/msg/detail/pose__rosidl_typesupport_fastrtps_cpp.hpp
[4.513s] -- Up-to-date symlink: /home/nazerke/ros2_ws/install/turtlesim/include/turtlesim/turtlesim/msg/rosidl_typesupport_fastrtps_cpp__visibility_control.h
[4.514s] -- Up-to-date symlink: /home/nazerke/ros2_ws/install/turtlesim/include/turtlesim/turtlesim/srv/detail/kill__rosidl_typesupport_fastrtps_cpp.hpp
[4.514s] -- Up-to-date symlink: /home/nazerke/ros2_ws/install/turtlesim/include/turtlesim/turtlesim/srv/detail/set_pen__rosidl_typesupport_fastrtps_cpp.hpp
[4.515s] -- Up-to-date symlink: /home/nazerke/ros2_ws/install/turtlesim/include/turtlesim/turtlesim/srv/detail/spawn__rosidl_typesupport_fastrtps_cpp.hpp
[4.515s] -- Up-to-date symlink: /home/nazerke/ros2_ws/install/turtlesim/include/turtlesim/turtlesim/srv/detail/teleport_absolute__rosidl_typesupport_fastrtps_cpp.hpp
[4.516s] -- Up-to-date symlink: /home/nazerke/ros2_ws/install/turtlesim/include/turtlesim/turtlesim/srv/detail/teleport_relative__rosidl_typesupport_fastrtps_cpp.hpp
[4.519s] -- Up-to-date symlink: /home/nazerke/ros2_ws/install/turtlesim/include/turtlesim/turtlesim/action/detail/rotate_absolute__rosidl_typesupport_introspection_c.h
[4.519s] -- Up-to-date symlink: /home/nazerke/ros2_ws/install/turtlesim/include/turtlesim/turtlesim/msg/detail/color__rosidl_typesupport_introspection_c.h
[4.520s] -- Up-to-date symlink: /home/nazerke/ros2_ws/install/turtlesim/include/turtlesim/turtlesim/msg/detail/pose__rosidl_typesupport_introspection_c.h
[4.520s] -- Up-to-date symlink: /home/nazerke/ros2_ws/install/turtlesim/include/turtlesim/turtlesim/msg/rosidl_typesupport_introspection_c__visibility_control.h
[4.521s] -- Up-to-date symlink: /home/nazerke/ros2_ws/install/turtlesim/include/turtlesim/turtlesim/srv/detail/kill__rosidl_typesupport_introspection_c.h
[4.522s] -- Up-to-date symlink: /home/nazerke/ros2_ws/install/turtlesim/include/turtlesim/turtlesim/srv/detail/set_pen__rosidl_typesupport_introspection_c.h
[4.522s] -- Up-to-date symlink: /home/nazerke/ros2_ws/install/turtlesim/include/turtlesim/turtlesim/srv/detail/spawn__rosidl_typesupport_introspection_c.h
[4.523s] -- Up-to-date symlink: /home/nazerke/ros2_ws/install/turtlesim/include/turtlesim/turtlesim/srv/detail/teleport_absolute__rosidl_typesupport_introspection_c.h
[4.523s] -- Up-to-date symlink: /home/nazerke/ros2_ws/install/turtlesim/include/turtlesim/turtlesim/srv/detail/teleport_relative__rosidl_typesupport_introspection_c.h
[4.526s] -- Up-to-date symlink: /home/nazerke/ros2_ws/install/turtlesim/include/turtlesim/turtlesim/action/detail/rotate_absolute__rosidl_typesupport_introspection_cpp.hpp
[4.527s] -- Up-to-date symlink: /home/nazerke/ros2_ws/install/turtlesim/include/turtlesim/turtlesim/msg/detail/color__rosidl_typesupport_introspection_cpp.hpp
[4.527s] -- Up-to-date symlink: /home/nazerke/ros2_ws/install/turtlesim/include/turtlesim/turtlesim/msg/detail/pose__rosidl_typesupport_introspection_cpp.hpp
[4.528s] -- Up-to-date symlink: /home/nazerke/ros2_ws/install/turtlesim/include/turtlesim/turtlesim/srv/detail/kill__rosidl_typesupport_introspection_cpp.hpp
[4.528s] -- Up-to-date symlink: /home/nazerke/ros2_ws/install/turtlesim/include/turtlesim/turtlesim/srv/detail/set_pen__rosidl_typesupport_introspection_cpp.hpp
[4.529s] -- Up-to-date symlink: /home/nazerke/ros2_ws/install/turtlesim/include/turtlesim/turtlesim/srv/detail/spawn__rosidl_typesupport_introspection_cpp.hpp
[4.530s] -- Up-to-date symlink: /home/nazerke/ros2_ws/install/turtlesim/include/turtlesim/turtlesim/srv/detail/teleport_absolute__rosidl_typesupport_introspection_cpp.hpp
[4.530s] -- Up-to-date symlink: /home/nazerke/ros2_ws/install/turtlesim/include/turtlesim/turtlesim/srv/detail/teleport_relative__rosidl_typesupport_introspection_cpp.hpp
[4.531s] -- Up-to-date symlink: /home/nazerke/ros2_ws/install/turtlesim/share/turtlesim/environment/pythonpath.sh
[4.532s] -- Up-to-date symlink: /home/nazerke/ros2_ws/install/turtlesim/share/turtlesim/environment/pythonpath.dsv
[4.533s] -- Up-to-date symlink: /home/nazerke/ros2_ws/install/turtlesim/lib/python3.12/site-packages/turtlesim-1.8.3-py3.12.egg-info/PKG-INFO
[4.534s] -- Up-to-date symlink: /home/nazerke/ros2_ws/install/turtlesim/lib/python3.12/site-packages/turtlesim-1.8.3-py3.12.egg-info/SOURCES.txt
[4.534s] -- Up-to-date symlink: /home/nazerke/ros2_ws/install/turtlesim/lib/python3.12/site-packages/turtlesim-1.8.3-py3.12.egg-info/dependency_links.txt
[4.535s] -- Up-to-date symlink: /home/nazerke/ros2_ws/install/turtlesim/lib/python3.12/site-packages/turtlesim-1.8.3-py3.12.egg-info/top_level.txt
[4.536s] -- Up-to-date symlink: /home/nazerke/ros2_ws/install/turtlesim/lib/python3.12/site-packages/turtlesim/__init__.py
[4.536s] -- Up-to-date symlink: /home/nazerke/ros2_ws/install/turtlesim/lib/python3.12/site-packages/turtlesim/_turtlesim_s.ep.rosidl_typesupport_c.c
[4.537s] -- Up-to-date symlink: /home/nazerke/ros2_ws/install/turtlesim/lib/python3.12/site-packages/turtlesim/_turtlesim_s.ep.rosidl_typesupport_fastrtps_c.c
[4.538s] -- Up-to-date symlink: /home/nazerke/ros2_ws/install/turtlesim/lib/python3.12/site-packages/turtlesim/_turtlesim_s.ep.rosidl_typesupport_introspection_c.c
[4.538s] -- Up-to-date symlink: /home/nazerke/ros2_ws/install/turtlesim/lib/python3.12/site-packages/turtlesim/action/__init__.py
[4.539s] -- Up-to-date symlink: /home/nazerke/ros2_ws/install/turtlesim/lib/python3.12/site-packages/turtlesim/action/_rotate_absolute.py
[4.539s] -- Up-to-date symlink: /home/nazerke/ros2_ws/install/turtlesim/lib/python3.12/site-packages/turtlesim/action/_rotate_absolute_s.c
[4.540s] -- Up-to-date symlink: /home/nazerke/ros2_ws/install/turtlesim/lib/python3.12/site-packages/turtlesim/msg/__init__.py
[4.540s] -- Up-to-date symlink: /home/nazerke/ros2_ws/install/turtlesim/lib/python3.12/site-packages/turtlesim/msg/_color.py
[4.541s] -- Up-to-date symlink: /home/nazerke/ros2_ws/install/turtlesim/lib/python3.12/site-packages/turtlesim/msg/_color_s.c
[4.541s] -- Up-to-date symlink: /home/nazerke/ros2_ws/install/turtlesim/lib/python3.12/site-packages/turtlesim/msg/_pose.py
[4.542s] -- Up-to-date symlink: /home/nazerke/ros2_ws/install/turtlesim/lib/python3.12/site-packages/turtlesim/msg/_pose_s.c
[4.542s] -- Up-to-date symlink: /home/nazerke/ros2_ws/install/turtlesim/lib/python3.12/site-packages/turtlesim/srv/__init__.py
[4.543s] -- Up-to-date symlink: /home/nazerke/ros2_ws/install/turtlesim/lib/python3.12/site-packages/turtlesim/srv/_kill.py
[4.544s] -- Up-to-date symlink: /home/nazerke/ros2_ws/install/turtlesim/lib/python3.12/site-packages/turtlesim/srv/_kill_s.c
[4.544s] -- Up-to-date symlink: /home/nazerke/ros2_ws/install/turtlesim/lib/python3.12/site-packages/turtlesim/srv/_set_pen.py
[4.545s] -- Up-to-date symlink: /home/nazerke/ros2_ws/install/turtlesim/lib/python3.12/site-packages/turtlesim/srv/_set_pen_s.c
[4.545s] -- Up-to-date symlink: /home/nazerke/ros2_ws/install/turtlesim/lib/python3.12/site-packages/turtlesim/srv/_spawn.py
[4.546s] -- Up-to-date symlink: /home/nazerke/ros2_ws/install/turtlesim/lib/python3.12/site-packages/turtlesim/srv/_spawn_s.c
[4.546s] -- Up-to-date symlink: /home/nazerke/ros2_ws/install/turtlesim/lib/python3.12/site-packages/turtlesim/srv/_teleport_absolute.py
[4.547s] -- Up-to-date symlink: /home/nazerke/ros2_ws/install/turtlesim/lib/python3.12/site-packages/turtlesim/srv/_teleport_absolute_s.c
[4.547s] -- Up-to-date symlink: /home/nazerke/ros2_ws/install/turtlesim/lib/python3.12/site-packages/turtlesim/srv/_teleport_relative.py
[4.548s] -- Up-to-date symlink: /home/nazerke/ros2_ws/install/turtlesim/lib/python3.12/site-packages/turtlesim/srv/_teleport_relative_s.c
[4.549s] -- Up-to-date symlink: /home/nazerke/ros2_ws/install/turtlesim/lib/python3.12/site-packages/turtlesim/turtlesim_s__rosidl_typesupport_c.so
[4.549s] -- Up-to-date symlink: /home/nazerke/ros2_ws/install/turtlesim/lib/python3.12/site-packages/turtlesim/turtlesim_s__rosidl_typesupport_fastrtps_c.so
[4.550s] -- Up-to-date symlink: /home/nazerke/ros2_ws/install/turtlesim/lib/python3.12/site-packages/turtlesim/turtlesim_s__rosidl_typesupport_introspection_c.so
[4.550s] -- Up-to-date symlink: /home/nazerke/ros2_ws/install/turtlesim/lib/python3.12/site-packages/turtlesim/turtlesim_s__rosidl_typesupport_fastrtps_c.so
[4.551s] -- Up-to-date symlink: /home/nazerke/ros2_ws/install/turtlesim/lib/python3.12/site-packages/turtlesim/turtlesim_s__rosidl_typesupport_introspection_c.so
[4.551s] -- Up-to-date symlink: /home/nazerke/ros2_ws/install/turtlesim/lib/python3.12/site-packages/turtlesim/turtlesim_s__rosidl_typesupport_c.so
[4.552s] -- Up-to-date symlink: /home/nazerke/ros2_ws/install/turtlesim/share/turtlesim/action/RotateAbsolute.idl
[4.553s] -- Up-to-date symlink: /home/nazerke/ros2_ws/install/turtlesim/share/turtlesim/msg/Color.idl
[4.553s] -- Up-to-date symlink: /home/nazerke/ros2_ws/install/turtlesim/share/turtlesim/msg/Pose.idl
[4.554s] -- Up-to-date symlink: /home/nazerke/ros2_ws/install/turtlesim/share/turtlesim/srv/Kill.idl
[4.555s] -- Up-to-date symlink: /home/nazerke/ros2_ws/install/turtlesim/share/turtlesim/srv/SetPen.idl
[4.555s] -- Up-to-date symlink: /home/nazerke/ros2_ws/install/turtlesim/share/turtlesim/srv/Spawn.idl
[4.556s] -- Up-to-date symlink: /home/nazerke/ros2_ws/install/turtlesim/share/turtlesim/srv/TeleportAbsolute.idl
[4.557s] -- Up-to-date symlink: /home/nazerke/ros2_ws/install/turtlesim/share/turtlesim/srv/TeleportRelative.idl
[4.557s] -- Up-to-date symlink: /home/nazerke/ros2_ws/install/turtlesim/share/turtlesim/action/RotateAbsolute.action
[4.558s] -- Up-to-date symlink: /home/nazerke/ros2_ws/install/turtlesim/share/turtlesim/msg/Color.msg
[4.558s] -- Up-to-date symlink: /home/nazerke/ros2_ws/install/turtlesim/share/turtlesim/msg/Pose.msg
[4.559s] -- Up-to-date symlink: /home/nazerke/ros2_ws/install/turtlesim/share/turtlesim/srv/Kill.srv
[4.560s] -- Up-to-date symlink: /home/nazerke/ros2_ws/install/turtlesim/share/turtlesim/srv/SetPen.srv
[4.560s] -- Up-to-date symlink: /home/nazerke/ros2_ws/install/turtlesim/share/turtlesim/srv/Spawn.srv
[4.561s] -- Up-to-date symlink: /home/nazerke/ros2_ws/install/turtlesim/share/turtlesim/srv/TeleportAbsolute.srv
[4.561s] -- Up-to-date symlink: /home/nazerke/ros2_ws/install/turtlesim/share/turtlesim/srv/TeleportRelative.srv
[4.562s] -- Up-to-date symlink: /home/nazerke/ros2_ws/install/turtlesim/lib/turtlesim/turtlesim_node
[4.562s] -- Up-to-date symlink: /home/nazerke/ros2_ws/install/turtlesim/lib/turtlesim/turtle_teleop_key
[4.562s] -- Up-to-date symlink: /home/nazerke/ros2_ws/install/turtlesim/lib/turtlesim/draw_square
[4.563s] -- Up-to-date symlink: /home/nazerke/ros2_ws/install/turtlesim/lib/turtlesim/mimic
[4.563s] -- Up-to-date symlink: /home/nazerke/ros2_ws/install/turtlesim/share/turtlesim/launch/multisim.launch.py
[4.564s] -- Up-to-date symlink: /home/nazerke/ros2_ws/install/turtlesim/share/ament_index/resource_index/package_run_dependencies/turtlesim
[4.565s] -- Up-to-date symlink: /home/nazerke/ros2_ws/install/turtlesim/share/ament_index/resource_index/parent_prefix_path/turtlesim
[4.566s] -- Up-to-date symlink: /home/nazerke/ros2_ws/install/turtlesim/share/turtlesim/environment/ament_prefix_path.sh
[4.567s] -- Up-to-date symlink: /home/nazerke/ros2_ws/install/turtlesim/share/turtlesim/environment/ament_prefix_path.dsv
[4.568s] -- Up-to-date symlink: /home/nazerke/ros2_ws/install/turtlesim/share/turtlesim/environment/path.sh
[4.568s] -- Up-to-date symlink: /home/nazerke/ros2_ws/install/turtlesim/share/turtlesim/environment/path.dsv
[4.569s] -- Up-to-date symlink: /home/nazerke/ros2_ws/install/turtlesim/share/turtlesim/local_setup.bash
[4.569s] -- Up-to-date symlink: /home/nazerke/ros2_ws/install/turtlesim/share/turtlesim/local_setup.sh
[4.570s] -- Up-to-date symlink: /home/nazerke/ros2_ws/install/turtlesim/share/turtlesim/local_setup.zsh
[4.571s] -- Up-to-date symlink: /home/nazerke/ros2_ws/install/turtlesim/share/turtlesim/local_setup.dsv
[4.571s] -- Symlinking: /home/nazerke/ros2_ws/install/turtlesim/share/turtlesim/package.dsv
[4.584s] -- Up-to-date symlink: /home/nazerke/ros2_ws/install/turtlesim/share/ament_index/resource_index/packages/turtlesim
[4.585s] -- Up-to-date symlink: /home/nazerke/ros2_ws/install/turtlesim/share/turtlesim/cmake/rosidl_cmake-extras.cmake
[4.585s] -- Up-to-date symlink: /home/nazerke/ros2_ws/install/turtlesim/share/turtlesim/cmake/ament_cmake_export_dependencies-extras.cmake
[4.586s] -- Up-to-date symlink: /home/nazerke/ros2_ws/install/turtlesim/share/turtlesim/cmake/ament_cmake_export_include_directories-extras.cmake
[4.587s] -- Up-to-date symlink: /home/nazerke/ros2_ws/install/turtlesim/share/turtlesim/cmake/ament_cmake_export_libraries-extras.cmake
[4.587s] -- Up-to-date symlink: /home/nazerke/ros2_ws/install/turtlesim/share/turtlesim/cmake/ament_cmake_export_targets-extras.cmake
[4.588s] -- Up-to-date symlink: /home/nazerke/ros2_ws/install/turtlesim/share/turtlesim/cmake/rosidl_cmake_export_typesupport_targets-extras.cmake
[4.589s] -- Up-to-date symlink: /home/nazerke/ros2_ws/install/turtlesim/share/turtlesim/cmake/rosidl_cmake_export_typesupport_libraries-extras.cmake
[4.590s] -- Up-to-date symlink: /home/nazerke/ros2_ws/install/turtlesim/share/turtlesim/cmake/turtlesimConfig.cmake
[4.591s] -- Up-to-date symlink: /home/nazerke/ros2_ws/install/turtlesim/share/turtlesim/cmake/turtlesimConfig-version.cmake
[4.592s] -- Up-to-date symlink: /home/nazerke/ros2_ws/install/turtlesim/share/turtlesim/package.xml
[4.594s] -- Up-to-date: /home/nazerke/ros2_ws/install/turtlesim/lib/libturtlesim__rosidl_generator_c.so
[4.596s] -- Up-to-date: /home/nazerke/ros2_ws/install/turtlesim/lib/libturtlesim__rosidl_typesupport_fastrtps_c.so
[4.597s] -- Up-to-date: /home/nazerke/ros2_ws/install/turtlesim/lib/libturtlesim__rosidl_typesupport_fastrtps_cpp.so
[4.599s] -- Up-to-date: /home/nazerke/ros2_ws/install/turtlesim/lib/libturtlesim__rosidl_typesupport_introspection_c.so
[4.601s] -- Up-to-date: /home/nazerke/ros2_ws/install/turtlesim/lib/libturtlesim__rosidl_typesupport_c.so
[4.604s] -- Up-to-date: /home/nazerke/ros2_ws/install/turtlesim/lib/libturtlesim__rosidl_typesupport_introspection_cpp.so
[4.606s] -- Up-to-date: /home/nazerke/ros2_ws/install/turtlesim/lib/libturtlesim__rosidl_typesupport_cpp.so
[4.665s] Listing '/home/nazerke/ros2_ws/install/turtlesim/lib/python3.12/site-packages/turtlesim'...
[4.666s] Compiling '/home/nazerke/ros2_ws/install/turtlesim/lib/python3.12/site-packages/turtlesim/__init__.py'...
[4.666s] Listing '/home/nazerke/ros2_ws/install/turtlesim/lib/python3.12/site-packages/turtlesim/action'...
[4.666s] Listing '/home/nazerke/ros2_ws/install/turtlesim/lib/python3.12/site-packages/turtlesim/msg'...
[4.666s] Listing '/home/nazerke/ros2_ws/install/turtlesim/lib/python3.12/site-packages/turtlesim/srv'...
[4.675s] -- Up-to-date: /home/nazerke/ros2_ws/install/turtlesim/lib/libturtlesim__rosidl_generator_py.so
[4.675s] -- Up-to-date: /home/nazerke/ros2_ws/install/turtlesim/share/turtlesim/images
[4.676s] -- Up-to-date: /home/nazerke/ros2_ws/install/turtlesim/share/turtlesim/images/foxy.png
[4.676s] -- Up-to-date: /home/nazerke/ros2_ws/install/turtlesim/share/turtlesim/images/rolling.png
[4.676s] -- Up-to-date: /home/nazerke/ros2_ws/install/turtlesim/share/turtlesim/images/ardent.png
[4.676s] -- Up-to-date: /home/nazerke/ros2_ws/install/turtlesim/share/turtlesim/images/dashing.png
[4.676s] -- Up-to-date: /home/nazerke/ros2_ws/install/turtlesim/share/turtlesim/images/crystal.png
[4.676s] -- Up-to-date: /home/nazerke/ros2_ws/install/turtlesim/share/turtlesim/images/eloquent.png
[4.676s] -- Up-to-date: /home/nazerke/ros2_ws/install/turtlesim/share/turtlesim/images/jazzy.png
[4.676s] -- Up-to-date: /home/nazerke/ros2_ws/install/turtlesim/share/turtlesim/images/galactic.png
[4.676s] -- Up-to-date: /home/nazerke/ros2_ws/install/turtlesim/share/turtlesim/images/iron.png
[4.677s] -- Up-to-date: /home/nazerke/ros2_ws/install/turtlesim/share/turtlesim/images/humble.png
[4.677s] -- Up-to-date: /home/nazerke/ros2_ws/install/turtlesim/share/turtlesim/images/bouncy.png
[4.677s] -- Up-to-date: /home/nazerke/ros2_ws/install/turtlesim/share/turtlesim/cmake/export_turtlesim__rosidl_generator_cExport.cmake
[4.677s] -- Up-to-date: /home/nazerke/ros2_ws/install/turtlesim/share/turtlesim/cmake/export_turtlesim__rosidl_generator_cExport-noconfig.cmake
[4.678s] -- Up-to-date: /home/nazerke/ros2_ws/install/turtlesim/share/turtlesim/cmake/export_turtlesim__rosidl_typesupport_fastrtps_cExport.cmake
[4.678s] -- Up-to-date: /home/nazerke/ros2_ws/install/turtlesim/share/turtlesim/cmake/export_turtlesim__rosidl_typesupport_fastrtps_cExport-noconfig.cmake
[4.678s] -- Up-to-date: /home/nazerke/ros2_ws/install/turtlesim/share/turtlesim/cmake/export_turtlesim__rosidl_generator_cppExport.cmake
[4.678s] -- Up-to-date: /home/nazerke/ros2_ws/install/turtlesim/share/turtlesim/cmake/export_turtlesim__rosidl_typesupport_fastrtps_cppExport.cmake
[4.679s] -- Up-to-date: /home/nazerke/ros2_ws/install/turtlesim/share/turtlesim/cmake/export_turtlesim__rosidl_typesupport_fastrtps_cppExport-noconfig.cmake
[4.679s] -- Up-to-date: /home/nazerke/ros2_ws/install/turtlesim/share/turtlesim/cmake/turtlesim__rosidl_typesupport_introspection_cExport.cmake
[4.679s] -- Up-to-date: /home/nazerke/ros2_ws/install/turtlesim/share/turtlesim/cmake/turtlesim__rosidl_typesupport_introspection_cExport-noconfig.cmake
[4.680s] -- Up-to-date: /home/nazerke/ros2_ws/install/turtlesim/share/turtlesim/cmake/turtlesim__rosidl_typesupport_cExport.cmake
[4.680s] -- Up-to-date: /home/nazerke/ros2_ws/install/turtlesim/share/turtlesim/cmake/turtlesim__rosidl_typesupport_cExport-noconfig.cmake
[4.680s] -- Up-to-date: /home/nazerke/ros2_ws/install/turtlesim/share/turtlesim/cmake/turtlesim__rosidl_typesupport_introspection_cppExport.cmake
[4.680s] -- Up-to-date: /home/nazerke/ros2_ws/install/turtlesim/share/turtlesim/cmake/turtlesim__rosidl_typesupport_introspection_cppExport-noconfig.cmake
[4.681s] -- Up-to-date: /home/nazerke/ros2_ws/install/turtlesim/share/turtlesim/cmake/turtlesim__rosidl_typesupport_cppExport.cmake
[4.681s] -- Up-to-date: /home/nazerke/ros2_ws/install/turtlesim/share/turtlesim/cmake/turtlesim__rosidl_typesupport_cppExport-noconfig.cmake
[4.681s] -- Up-to-date: /home/nazerke/ros2_ws/install/turtlesim/share/turtlesim/cmake/export_turtlesim__rosidl_generator_pyExport.cmake
[4.682s] -- Up-to-date: /home/nazerke/ros2_ws/install/turtlesim/share/turtlesim/cmake/export_turtlesim__rosidl_generator_pyExport-noconfig.cmake
[4.685s] Invoked command in '/home/nazerke/ros2_ws/build/turtlesim' returned '0': CMAKE_PREFIX_PATH=${CMAKE_PREFIX_PATH}:/opt/ros/jazzy /usr/bin/cmake --install /home/nazerke/ros2_ws/build/turtlesim
