[1.278s] Invoking command in '/home/nazerke/ros2_ws/src/examples/rclpy/executors': PYTHONPATH=/home/nazerke/ros2_ws/build/examples_rclpy_executors/prefix_override:/usr/lib/python3/dist-packages/colcon_core/task/python/colcon_distutils_commands:/home/nazerke/ros2_ws/install/examples_rclpy_executors/lib/python3.12/site-packages:${PYTHONPATH} /usr/bin/python3 -W ignore:setup.py install is deprecated -W ignore:easy_install command is deprecated setup.py egg_info --egg-base ../../../../build/examples_rclpy_executors build --build-base /home/nazerke/ros2_ws/build/examples_rclpy_executors/build install --record /home/nazerke/ros2_ws/build/examples_rclpy_executors/install.log --single-version-externally-managed install_data
[1.721s] running egg_info
[1.747s] writing ../../../../build/examples_rclpy_executors/examples_rclpy_executors.egg-info/PKG-INFO
[1.747s] writing dependency_links to ../../../../build/examples_rclpy_executors/examples_rclpy_executors.egg-info/dependency_links.txt
[1.747s] writing entry points to ../../../../build/examples_rclpy_executors/examples_rclpy_executors.egg-info/entry_points.txt
[1.748s] writing requirements to ../../../../build/examples_rclpy_executors/examples_rclpy_executors.egg-info/requires.txt
[1.748s] writing top-level names to ../../../../build/examples_rclpy_executors/examples_rclpy_executors.egg-info/top_level.txt
[1.815s] reading manifest file '../../../../build/examples_rclpy_executors/examples_rclpy_executors.egg-info/SOURCES.txt'
[1.815s] writing manifest file '../../../../build/examples_rclpy_executors/examples_rclpy_executors.egg-info/SOURCES.txt'
[1.815s] running build
[1.816s] running build_py
[1.816s] running install
[1.828s] running install_lib
[1.862s] running install_data
[1.863s] running install_egg_info
[1.899s] removing '/home/nazerke/ros2_ws/install/examples_rclpy_executors/lib/python3.12/site-packages/examples_rclpy_executors-0.19.7-py3.12.egg-info' (and everything under it)
[1.900s] Copying ../../../../build/examples_rclpy_executors/examples_rclpy_executors.egg-info to /home/nazerke/ros2_ws/install/examples_rclpy_executors/lib/python3.12/site-packages/examples_rclpy_executors-0.19.7-py3.12.egg-info
[1.901s] running install_scripts
[2.109s] Installing callback_group script to /home/nazerke/ros2_ws/install/examples_rclpy_executors/lib/examples_rclpy_executors
[2.109s] Installing composed script to /home/nazerke/ros2_ws/install/examples_rclpy_executors/lib/examples_rclpy_executors
[2.110s] Installing custom_callback_group script to /home/nazerke/ros2_ws/install/examples_rclpy_executors/lib/examples_rclpy_executors
[2.111s] Installing custom_executor script to /home/nazerke/ros2_ws/install/examples_rclpy_executors/lib/examples_rclpy_executors
[2.111s] Installing listener script to /home/nazerke/ros2_ws/install/examples_rclpy_executors/lib/examples_rclpy_executors
[2.111s] Installing talker script to /home/nazerke/ros2_ws/install/examples_rclpy_executors/lib/examples_rclpy_executors
[2.111s] writing list of installed files to '/home/nazerke/ros2_ws/build/examples_rclpy_executors/install.log'
[2.175s] Invoked command in '/home/nazerke/ros2_ws/src/examples/rclpy/executors' returned '0': PYTHONPATH=/home/nazerke/ros2_ws/build/examples_rclpy_executors/prefix_override:/usr/lib/python3/dist-packages/colcon_core/task/python/colcon_distutils_commands:/home/nazerke/ros2_ws/install/examples_rclpy_executors/lib/python3.12/site-packages:${PYTHONPATH} /usr/bin/python3 -W ignore:setup.py install is deprecated -W ignore:easy_install command is deprecated setup.py egg_info --egg-base ../../../../build/examples_rclpy_executors build --build-base /home/nazerke/ros2_ws/build/examples_rclpy_executors/build install --record /home/nazerke/ros2_ws/build/examples_rclpy_executors/install.log --single-version-externally-managed install_data
