[0.013s] Invoking command in '/home/nazerke/ros2_ws/build/cpp_pubsub': /usr/bin/cmake /home/nazerke/ros2_ws -DCMAKE_INSTALL_PREFIX=/home/nazerke/ros2_ws/install/cpp_pubsub
[0.395s] -- The C compiler identification is GNU 13.3.0
[1.163s] -- The CXX compiler identification is GNU 13.3.0
[1.774s] -- Detecting C compiler ABI info
[2.067s] -- Detecting C compiler ABI info - done
[2.076s] -- Check for working C compiler: /usr/bin/cc - skipped
[2.077s] -- Detecting C compile features
[2.078s] -- Detecting C compile features - done
[2.170s] -- Detecting CXX compiler ABI info
[2.454s] -- Detecting CXX compiler ABI info - done
[2.464s] -- Check for working CXX compiler: /usr/bin/c++ - skipped
[2.464s] -- Detecting CXX compile features
[2.464s] -- Detecting CXX compile features - done
[2.483s] -- Found ament_cmake: 2.5.5 (/opt/ros/jazzy/share/ament_cmake/cmake)
[2.647s] -- Found Python3: /usr/bin/python3 (found version "3.12.3") found components: Interpreter 
[2.830s] -- Found rclcpp: 28.1.16 (/opt/ros/jazzy/share/rclcpp/cmake)
[3.076s] -- Found rosidl_generator_c: 4.6.7 (/opt/ros/jazzy/share/rosidl_generator_c/cmake)
[3.101s] -- Found rosidl_generator_cpp: 4.6.7 (/opt/ros/jazzy/share/rosidl_generator_cpp/cmake)
[3.141s] -- Using all available rosidl_typesupport_c: rosidl_typesupport_fastrtps_c;rosidl_typesupport_introspection_c
[3.177s] -- Using all available rosidl_typesupport_cpp: rosidl_typesupport_fastrtps_cpp;rosidl_typesupport_introspection_cpp
[3.328s] -- Found rmw_implementation_cmake: 7.3.3 (/opt/ros/jazzy/share/rmw_implementation_cmake/cmake)
[3.336s] -- Found rmw_fastrtps_cpp: 8.4.3 (/opt/ros/jazzy/share/rmw_fastrtps_cpp/cmake)
[3.467s] -- Found OpenSSL: /usr/lib/x86_64-linux-gnu/libcrypto.so (found version "3.0.13")  
[3.651s] -- Found FastRTPS: /opt/ros/jazzy/include (Required is at least version "2.13") 
[3.756s] -- Using RMW implementation 'rmw_fastrtps_cpp' as default
[4.024s] -- Found std_msgs: 5.3.6 (/opt/ros/jazzy/share/std_msgs/cmake)
[4.052s] [0mCMake Error: File /home/nazerke/ros2_ws/package.xml does not exist.[0m
[4.052s] [31mCMake Error at /opt/ros/jazzy/share/ament_cmake_core/cmake/core/stamp.cmake:24 (configure_file):
[4.053s]   configure_file Problem configuring file
[4.053s] Call Stack (most recent call first):
[4.053s]   /opt/ros/jazzy/share/ament_cmake_core/cmake/core/ament_package_xml.cmake:73 (stamp)
[4.053s]   /opt/ros/jazzy/share/ament_cmake_core/cmake/core/ament_package_xml.cmake:49 (_ament_package_xml)
[4.053s]   /opt/ros/jazzy/share/ament_cmake_core/cmake/core/ament_package.cmake:63 (ament_package_xml)
[4.053s]   CMakeLists.txt:24 (ament_package)
[4.053s] 
[4.053s] [0m
[4.061s] -- Configuring incomplete, errors occurred!
[4.071s] Invoked command in '/home/nazerke/ros2_ws/build/cpp_pubsub' returned '1': /usr/bin/cmake /home/nazerke/ros2_ws -DCMAKE_INSTALL_PREFIX=/home/nazerke/ros2_ws/install/cpp_pubsub
