[2.650s] Invoking command in '/home/nazerke/ros2_ws/build/examples_rclpy_guard_conditions': PYTHONPATH=/home/nazerke/ros2_ws/build/examples_rclpy_guard_conditions/prefix_override:/usr/lib/python3/dist-packages/colcon_core/task/python/colcon_distutils_commands:/home/nazerke/ros2_ws/install/examples_rclpy_guard_conditions/lib/python3.12/site-packages:${PYTHONPATH} /usr/bin/python3 -W ignore:setup.py install is deprecated -W ignore:easy_install command is deprecated setup.py develop --editable --build-directory /home/nazerke/ros2_ws/build/examples_rclpy_guard_conditions/build --no-deps symlink_data
[3.752s] running develop
[4.391s] running egg_info
[4.392s] creating examples_rclpy_guard_conditions.egg-info
[4.459s] writing examples_rclpy_guard_conditions.egg-info/PKG-INFO
[4.460s] writing dependency_links to examples_rclpy_guard_conditions.egg-info/dependency_links.txt
[4.460s] writing entry points to examples_rclpy_guard_conditions.egg-info/entry_points.txt
[4.460s] writing requirements to examples_rclpy_guard_conditions.egg-info/requires.txt
[4.460s] writing top-level names to examples_rclpy_guard_conditions.egg-info/top_level.txt
[4.461s] writing manifest file 'examples_rclpy_guard_conditions.egg-info/SOURCES.txt'
[4.595s] reading manifest file 'examples_rclpy_guard_conditions.egg-info/SOURCES.txt'
[4.597s] writing manifest file 'examples_rclpy_guard_conditions.egg-info/SOURCES.txt'
[4.685s] running build_ext
[4.687s] Creating /home/nazerke/ros2_ws/install/examples_rclpy_guard_conditions/lib/python3.12/site-packages/examples-rclpy-guard-conditions.egg-link (link to .)
[4.687s] Installing trigger_guard_condition script to /home/nazerke/ros2_ws/install/examples_rclpy_guard_conditions/lib/examples_rclpy_guard_conditions
[4.688s] 
[4.690s] Installed /home/nazerke/ros2_ws/build/examples_rclpy_guard_conditions
[4.690s] running symlink_data
[4.691s] creating /home/nazerke/ros2_ws/install/examples_rclpy_guard_conditions/share/ament_index
[4.691s] creating /home/nazerke/ros2_ws/install/examples_rclpy_guard_conditions/share/ament_index/resource_index
[4.691s] creating /home/nazerke/ros2_ws/install/examples_rclpy_guard_conditions/share/ament_index/resource_index/packages
[4.691s] symbolically linking /home/nazerke/ros2_ws/build/examples_rclpy_guard_conditions/resource/examples_rclpy_guard_conditions -> /home/nazerke/ros2_ws/install/examples_rclpy_guard_conditions/share/ament_index/resource_index/packages
[4.692s] symbolically linking /home/nazerke/ros2_ws/build/examples_rclpy_guard_conditions/package.xml -> /home/nazerke/ros2_ws/install/examples_rclpy_guard_conditions/share/examples_rclpy_guard_conditions
[5.300s] Invoked command in '/home/nazerke/ros2_ws/build/examples_rclpy_guard_conditions' returned '0': PYTHONPATH=/home/nazerke/ros2_ws/build/examples_rclpy_guard_conditions/prefix_override:/usr/lib/python3/dist-packages/colcon_core/task/python/colcon_distutils_commands:/home/nazerke/ros2_ws/install/examples_rclpy_guard_conditions/lib/python3.12/site-packages:${PYTHONPATH} /usr/bin/python3 -W ignore:setup.py install is deprecated -W ignore:easy_install command is deprecated setup.py develop --editable --build-directory /home/nazerke/ros2_ws/build/examples_rclpy_guard_conditions/build --no-deps symlink_data
