[0.025s] Invoking command in '/home/nazerke/ros2_ws/build/examples_rclcpp_minimal_timer': CMAKE_PREFIX_PATH=${CMAKE_PREFIX_PATH}:/opt/ros/jazzy /usr/bin/cmake /home/nazerke/ros2_ws/src/examples/rclcpp/timers/minimal_timer -DAMENT_CMAKE_SYMLINK_INSTALL=1 -DCMAKE_INSTALL_PREFIX=/home/nazerke/ros2_ws/install/examples_rclcpp_minimal_timer
[0.385s] -- The C compiler identification is GNU 13.3.0
[1.963s] -- The CXX compiler identification is GNU 13.3.0
[3.279s] -- Detecting C compiler ABI info
[3.827s] -- Detecting C compiler ABI info - done
[3.854s] -- Check for working C compiler: /usr/bin/cc - skipped
[3.854s] -- Detecting C compile features
[3.854s] -- Detecting C compile features - done
[4.039s] -- Detecting CXX compiler ABI info
[4.677s] -- Detecting CXX compiler ABI info - done
[4.705s] -- Check for working CXX compiler: /usr/bin/c++ - skipped
[4.706s] -- Detecting CXX compile features
[4.707s] -- Detecting CXX compile features - done
[4.723s] -- Found ament_cmake: 2.5.5 (/opt/ros/jazzy/share/ament_cmake/cmake)
[5.187s] -- Found Python3: /usr/bin/python3 (found version "3.12.3") found components: Interpreter 
[5.423s] -- Override CMake install command with custom implementation using symlinks instead of copying resources
[5.489s] -- Found rclcpp: 28.1.16 (/opt/ros/jazzy/share/rclcpp/cmake)
[5.903s] -- Found rosidl_generator_c: 4.6.7 (/opt/ros/jazzy/share/rosidl_generator_c/cmake)
[5.942s] -- Found rosidl_generator_cpp: 4.6.7 (/opt/ros/jazzy/share/rosidl_generator_cpp/cmake)
[5.978s] -- Using all available rosidl_typesupport_c: rosidl_typesupport_fastrtps_c;rosidl_typesupport_introspection_c
[6.021s] -- Using all available rosidl_typesupport_cpp: rosidl_typesupport_fastrtps_cpp;rosidl_typesupport_introspection_cpp
[6.192s] -- Found rmw_implementation_cmake: 7.3.3 (/opt/ros/jazzy/share/rmw_implementation_cmake/cmake)
[6.198s] -- Found rmw_fastrtps_cpp: 8.4.3 (/opt/ros/jazzy/share/rmw_fastrtps_cpp/cmake)
[6.362s] -- Found OpenSSL: /usr/lib/x86_64-linux-gnu/libcrypto.so (found version "3.0.13")  
[6.723s] -- Found FastRTPS: /opt/ros/jazzy/include (Required is at least version "2.13") 
[6.915s] -- Using RMW implementation 'rmw_fastrtps_cpp' as default
[7.336s] -- Found ament_lint_auto: 0.17.4 (/opt/ros/jazzy/share/ament_lint_auto/cmake)
[7.585s] -- Added test 'copyright' to check source files copyright and LICENSE
[7.588s] -- Added test 'cppcheck' to perform static code analysis on C / C++ code
[7.588s] -- Configured cppcheck include dirs: 
[7.589s] -- Configured cppcheck exclude dirs and/or files: 
[7.592s] -- Added test 'cpplint' to check C / C++ code against the Google style
[7.595s] -- Configured cpplint exclude dirs and/or files: 
[7.597s] -- Added test 'lint_cmake' to check CMake code style
[7.601s] -- Added test 'uncrustify' to check C / C++ code style
[7.602s] -- Configured uncrustify additional arguments: 
[7.605s] -- Added test 'xmllint' to check XML markup files
[7.609s] -- Configuring done (7.6s)
[7.639s] -- Generating done (0.0s)
[7.649s] -- Build files have been written to: /home/nazerke/ros2_ws/build/examples_rclcpp_minimal_timer
[7.675s] Invoked command in '/home/nazerke/ros2_ws/build/examples_rclcpp_minimal_timer' returned '0': CMAKE_PREFIX_PATH=${CMAKE_PREFIX_PATH}:/opt/ros/jazzy /usr/bin/cmake /home/nazerke/ros2_ws/src/examples/rclcpp/timers/minimal_timer -DAMENT_CMAKE_SYMLINK_INSTALL=1 -DCMAKE_INSTALL_PREFIX=/home/nazerke/ros2_ws/install/examples_rclcpp_minimal_timer
[7.676s] Invoking command in '/home/nazerke/ros2_ws/build/examples_rclcpp_minimal_timer': CMAKE_PREFIX_PATH=${CMAKE_PREFIX_PATH}:/opt/ros/jazzy /usr/bin/cmake --build /home/nazerke/ros2_ws/build/examples_rclcpp_minimal_timer -- -j4 -l4
[7.778s] [ 25%] [32mBuilding CXX object CMakeFiles/timer_lambda.dir/lambda.cpp.o[0m
[15.415s] [ 50%] [32m[1mLinking CXX executable timer_lambda[0m
[16.096s] [ 50%] Built target timer_lambda
[16.192s] [ 75%] [32mBuilding CXX object CMakeFiles/timer_member_function.dir/member_function.cpp.o[0m
[25.918s] [100%] [32m[1mLinking CXX executable timer_member_function[0m
[26.479s] [100%] Built target timer_member_function
[26.516s] Invoked command in '/home/nazerke/ros2_ws/build/examples_rclcpp_minimal_timer' returned '0': CMAKE_PREFIX_PATH=${CMAKE_PREFIX_PATH}:/opt/ros/jazzy /usr/bin/cmake --build /home/nazerke/ros2_ws/build/examples_rclcpp_minimal_timer -- -j4 -l4
[26.520s] Invoking command in '/home/nazerke/ros2_ws/build/examples_rclcpp_minimal_timer': CMAKE_PREFIX_PATH=${CMAKE_PREFIX_PATH}:/opt/ros/jazzy /usr/bin/cmake --install /home/nazerke/ros2_ws/build/examples_rclcpp_minimal_timer
[26.539s] -- Install configuration: ""
[26.541s] -- Execute custom install script
[26.543s] -- Symlinking: /home/nazerke/ros2_ws/install/examples_rclcpp_minimal_timer/lib/examples_rclcpp_minimal_timer/timer_lambda
[26.568s] -- Symlinking: /home/nazerke/ros2_ws/install/examples_rclcpp_minimal_timer/lib/examples_rclcpp_minimal_timer/timer_member_function
[26.596s] -- Symlinking: /home/nazerke/ros2_ws/install/examples_rclcpp_minimal_timer/share/ament_index/resource_index/package_run_dependencies/examples_rclcpp_minimal_timer
[26.617s] -- Symlinking: /home/nazerke/ros2_ws/install/examples_rclcpp_minimal_timer/share/ament_index/resource_index/parent_prefix_path/examples_rclcpp_minimal_timer
[26.640s] -- Symlinking: /home/nazerke/ros2_ws/install/examples_rclcpp_minimal_timer/share/examples_rclcpp_minimal_timer/environment/ament_prefix_path.sh
[26.662s] -- Symlinking: /home/nazerke/ros2_ws/install/examples_rclcpp_minimal_timer/share/examples_rclcpp_minimal_timer/environment/ament_prefix_path.dsv
[26.681s] -- Symlinking: /home/nazerke/ros2_ws/install/examples_rclcpp_minimal_timer/share/examples_rclcpp_minimal_timer/environment/path.sh
[26.704s] -- Symlinking: /home/nazerke/ros2_ws/install/examples_rclcpp_minimal_timer/share/examples_rclcpp_minimal_timer/environment/path.dsv
[26.735s] -- Symlinking: /home/nazerke/ros2_ws/install/examples_rclcpp_minimal_timer/share/examples_rclcpp_minimal_timer/local_setup.bash
[26.758s] -- Symlinking: /home/nazerke/ros2_ws/install/examples_rclcpp_minimal_timer/share/examples_rclcpp_minimal_timer/local_setup.sh
[26.781s] -- Symlinking: /home/nazerke/ros2_ws/install/examples_rclcpp_minimal_timer/share/examples_rclcpp_minimal_timer/local_setup.zsh
[26.804s] -- Symlinking: /home/nazerke/ros2_ws/install/examples_rclcpp_minimal_timer/share/examples_rclcpp_minimal_timer/local_setup.dsv
[26.828s] -- Symlinking: /home/nazerke/ros2_ws/install/examples_rclcpp_minimal_timer/share/examples_rclcpp_minimal_timer/package.dsv
[26.852s] -- Symlinking: /home/nazerke/ros2_ws/install/examples_rclcpp_minimal_timer/share/ament_index/resource_index/packages/examples_rclcpp_minimal_timer
[26.870s] -- Symlinking: /home/nazerke/ros2_ws/install/examples_rclcpp_minimal_timer/share/examples_rclcpp_minimal_timer/cmake/examples_rclcpp_minimal_timerConfig.cmake
[26.889s] -- Symlinking: /home/nazerke/ros2_ws/install/examples_rclcpp_minimal_timer/share/examples_rclcpp_minimal_timer/cmake/examples_rclcpp_minimal_timerConfig-version.cmake
[26.910s] -- Symlinking: /home/nazerke/ros2_ws/install/examples_rclcpp_minimal_timer/share/examples_rclcpp_minimal_timer/package.xml
[26.940s] Invoked command in '/home/nazerke/ros2_ws/build/examples_rclcpp_minimal_timer' returned '0': CMAKE_PREFIX_PATH=${CMAKE_PREFIX_PATH}:/opt/ros/jazzy /usr/bin/cmake --install /home/nazerke/ros2_ws/build/examples_rclcpp_minimal_timer
