[0.045s] Invoking command in '/home/nazerke/ros2_ws/build/examples_rclcpp_minimal_client': CMAKE_PREFIX_PATH=${CMAKE_PREFIX_PATH}:/opt/ros/jazzy /usr/bin/cmake /home/nazerke/ros2_ws/src/examples/rclcpp/services/minimal_client -DCMAKE_INSTALL_PREFIX=/home/nazerke/ros2_ws/install/examples_rclcpp_minimal_client
[0.556s] -- The C compiler identification is GNU 13.3.0
[1.530s] -- The CXX compiler identification is GNU 13.3.0
[2.483s] -- Detecting C compiler ABI info
[2.934s] -- Detecting C compiler ABI info - done
[2.959s] -- Check for working C compiler: /usr/bin/cc - skipped
[2.961s] -- Detecting C compile features
[2.964s] -- Detecting C compile features - done
[3.174s] -- Detecting CXX compiler ABI info
[3.652s] -- Detecting CXX compiler ABI info - done
[3.681s] -- Check for working CXX compiler: /usr/bin/c++ - skipped
[3.681s] -- Detecting CXX compile features
[3.682s] -- Detecting CXX compile features - done
[3.712s] -- Found ament_cmake: 2.5.5 (/opt/ros/jazzy/share/ament_cmake/cmake)
[4.136s] -- Found Python3: /usr/bin/python3 (found version "3.12.3") found components: Interpreter 
[4.569s] -- Found example_interfaces: 0.12.0 (/opt/ros/jazzy/share/example_interfaces/cmake)
[4.917s] -- Found rosidl_generator_c: 4.6.7 (/opt/ros/jazzy/share/rosidl_generator_c/cmake)
[4.970s] -- Found rosidl_generator_cpp: 4.6.7 (/opt/ros/jazzy/share/rosidl_generator_cpp/cmake)
[5.038s] -- Using all available rosidl_typesupport_c: rosidl_typesupport_fastrtps_c;rosidl_typesupport_introspection_c
[5.102s] -- Using all available rosidl_typesupport_cpp: rosidl_typesupport_fastrtps_cpp;rosidl_typesupport_introspection_cpp
[5.469s] -- Found rclcpp: 28.1.16 (/opt/ros/jazzy/share/rclcpp/cmake)
[5.688s] -- Found rmw_implementation_cmake: 7.3.3 (/opt/ros/jazzy/share/rmw_implementation_cmake/cmake)
[5.700s] -- Found rmw_fastrtps_cpp: 8.4.3 (/opt/ros/jazzy/share/rmw_fastrtps_cpp/cmake)
[6.127s] -- Found OpenSSL: /usr/lib/x86_64-linux-gnu/libcrypto.so (found version "3.0.13")  
[6.777s] -- Found FastRTPS: /opt/ros/jazzy/include (Required is at least version "2.13") 
[7.057s] -- Using RMW implementation 'rmw_fastrtps_cpp' as default
[7.866s] -- Found ament_lint_auto: 0.17.4 (/opt/ros/jazzy/share/ament_lint_auto/cmake)
[8.308s] -- Added test 'copyright' to check source files copyright and LICENSE
[8.312s] -- Added test 'cppcheck' to perform static code analysis on C / C++ code
[8.313s] -- Configured cppcheck include dirs: 
[8.313s] -- Configured cppcheck exclude dirs and/or files: 
[8.316s] -- Added test 'cpplint' to check C / C++ code against the Google style
[8.317s] -- Configured cpplint exclude dirs and/or files: 
[8.319s] -- Added test 'lint_cmake' to check CMake code style
[8.326s] -- Added test 'uncrustify' to check C / C++ code style
[8.327s] -- Configured uncrustify additional arguments: 
[8.330s] -- Added test 'xmllint' to check XML markup files
[8.336s] -- Configuring done (8.2s)
[8.393s] -- Generating done (0.0s)
[8.414s] -- Build files have been written to: /home/nazerke/ros2_ws/build/examples_rclcpp_minimal_client
[8.495s] Invoked command in '/home/nazerke/ros2_ws/build/examples_rclcpp_minimal_client' returned '0': CMAKE_PREFIX_PATH=${CMAKE_PREFIX_PATH}:/opt/ros/jazzy /usr/bin/cmake /home/nazerke/ros2_ws/src/examples/rclcpp/services/minimal_client -DCMAKE_INSTALL_PREFIX=/home/nazerke/ros2_ws/install/examples_rclcpp_minimal_client
[8.496s] Invoking command in '/home/nazerke/ros2_ws/build/examples_rclcpp_minimal_client': CMAKE_PREFIX_PATH=${CMAKE_PREFIX_PATH}:/opt/ros/jazzy /usr/bin/cmake --build /home/nazerke/ros2_ws/build/examples_rclcpp_minimal_client -- -j8 -l8
[8.825s] [ 50%] [32mBuilding CXX object CMakeFiles/client_main.dir/main.cpp.o[0m
