[0.013s] Invoking command in '/home/nazerke/ros2_ws/build/my_package_cpp': CMAKE_PREFIX_PATH=${CMAKE_PREFIX_PATH}:/opt/ros/jazzy /usr/bin/cmake /home/nazerke/ros2_ws/src/my_package_cpp -DCMAKE_INSTALL_PREFIX=/home/nazerke/ros2_ws/install/my_package_cpp
[0.055s] -- Found ament_cmake: 2.5.5 (/opt/ros/jazzy/share/ament_cmake/cmake)
[0.473s] -- Override CMake install command with custom implementation using symlinks instead of copying resources
[0.490s] -- Found ament_lint_auto: 0.17.4 (/opt/ros/jazzy/share/ament_lint_auto/cmake)
[0.702s] -- Added test 'cppcheck' to perform static code analysis on C / C++ code
[0.702s] -- Configured cppcheck include dirs: $<BUILD_INTERFACE:/home/nazerke/ros2_ws/src/my_package_cpp/include>
[0.703s] -- Configured cppcheck exclude dirs and/or files: 
[0.703s] -- Added test 'lint_cmake' to check CMake code style
[0.703s] -- Added test 'uncrustify' to check C / C++ code style
[0.703s] -- Configured uncrustify additional arguments: 
[0.703s] -- Added test 'xmllint' to check XML markup files
[0.707s] -- Configuring done (0.7s)
[0.735s] -- Generating done (0.0s)
[0.739s] -- Build files have been written to: /home/nazerke/ros2_ws/build/my_package_cpp
[0.744s] Invoked command in '/home/nazerke/ros2_ws/build/my_package_cpp' returned '0': CMAKE_PREFIX_PATH=${CMAKE_PREFIX_PATH}:/opt/ros/jazzy /usr/bin/cmake /home/nazerke/ros2_ws/src/my_package_cpp -DCMAKE_INSTALL_PREFIX=/home/nazerke/ros2_ws/install/my_package_cpp
[0.744s] Invoking command in '/home/nazerke/ros2_ws/build/my_package_cpp': CMAKE_PREFIX_PATH=${CMAKE_PREFIX_PATH}:/opt/ros/jazzy /usr/bin/cmake --build /home/nazerke/ros2_ws/build/my_package_cpp -- -j4 -l4
[0.856s] [100%] Built target my_node
[0.877s] Invoked command in '/home/nazerke/ros2_ws/build/my_package_cpp' returned '0': CMAKE_PREFIX_PATH=${CMAKE_PREFIX_PATH}:/opt/ros/jazzy /usr/bin/cmake --build /home/nazerke/ros2_ws/build/my_package_cpp -- -j4 -l4
[0.880s] Invoking command in '/home/nazerke/ros2_ws/build/my_package_cpp': CMAKE_PREFIX_PATH=${CMAKE_PREFIX_PATH}:/opt/ros/jazzy /usr/bin/cmake --install /home/nazerke/ros2_ws/build/my_package_cpp
[0.900s] -- Install configuration: ""
[0.900s] -- Execute custom install script
[0.900s] -- Up-to-date symlink: /home/nazerke/ros2_ws/install/my_package_cpp/lib/my_package_cpp/my_node
[0.901s] -- Up-to-date symlink: /home/nazerke/ros2_ws/install/my_package_cpp/share/ament_index/resource_index/package_run_dependencies/my_package_cpp
[0.902s] -- Up-to-date symlink: /home/nazerke/ros2_ws/install/my_package_cpp/share/ament_index/resource_index/parent_prefix_path/my_package_cpp
[0.903s] -- Up-to-date symlink: /home/nazerke/ros2_ws/install/my_package_cpp/share/my_package_cpp/environment/ament_prefix_path.sh
[0.905s] -- Up-to-date symlink: /home/nazerke/ros2_ws/install/my_package_cpp/share/my_package_cpp/environment/ament_prefix_path.dsv
[0.906s] -- Up-to-date symlink: /home/nazerke/ros2_ws/install/my_package_cpp/share/my_package_cpp/environment/path.sh
[0.907s] -- Up-to-date symlink: /home/nazerke/ros2_ws/install/my_package_cpp/share/my_package_cpp/environment/path.dsv
[0.909s] -- Up-to-date symlink: /home/nazerke/ros2_ws/install/my_package_cpp/share/my_package_cpp/local_setup.bash
[0.912s] -- Up-to-date symlink: /home/nazerke/ros2_ws/install/my_package_cpp/share/my_package_cpp/local_setup.sh
[0.913s] -- Up-to-date symlink: /home/nazerke/ros2_ws/install/my_package_cpp/share/my_package_cpp/local_setup.zsh
[0.914s] -- Up-to-date symlink: /home/nazerke/ros2_ws/install/my_package_cpp/share/my_package_cpp/local_setup.dsv
[0.914s] -- Symlinking: /home/nazerke/ros2_ws/install/my_package_cpp/share/my_package_cpp/package.dsv
[0.936s] -- Up-to-date symlink: /home/nazerke/ros2_ws/install/my_package_cpp/share/ament_index/resource_index/packages/my_package_cpp
[0.937s] -- Up-to-date symlink: /home/nazerke/ros2_ws/install/my_package_cpp/share/my_package_cpp/cmake/my_package_cppConfig.cmake
[0.937s] -- Up-to-date symlink: /home/nazerke/ros2_ws/install/my_package_cpp/share/my_package_cpp/cmake/my_package_cppConfig-version.cmake
[0.938s] -- Up-to-date symlink: /home/nazerke/ros2_ws/install/my_package_cpp/share/my_package_cpp/package.xml
[0.941s] Invoked command in '/home/nazerke/ros2_ws/build/my_package_cpp' returned '0': CMAKE_PREFIX_PATH=${CMAKE_PREFIX_PATH}:/opt/ros/jazzy /usr/bin/cmake --install /home/nazerke/ros2_ws/build/my_package_cpp
