[2.619s] Invoking command in '/home/nazerke/ros2_ws/build/examples_rclpy_minimal_client': PYTHONPATH=/home/nazerke/ros2_ws/build/examples_rclpy_minimal_client/prefix_override:/usr/lib/python3/dist-packages/colcon_core/task/python/colcon_distutils_commands:/home/nazerke/ros2_ws/install/examples_rclpy_minimal_client/lib/python3.12/site-packages:${PYTHONPATH} /usr/bin/python3 -W ignore:setup.py install is deprecated -W ignore:easy_install command is deprecated setup.py develop --editable --build-directory /home/nazerke/ros2_ws/build/examples_rclpy_minimal_client/build --no-deps symlink_data
[3.594s] running develop
[4.343s] running egg_info
[4.343s] creating examples_rclpy_minimal_client.egg-info
[4.413s] writing examples_rclpy_minimal_client.egg-info/PKG-INFO
[4.414s] writing dependency_links to examples_rclpy_minimal_client.egg-info/dependency_links.txt
[4.414s] writing entry points to examples_rclpy_minimal_client.egg-info/entry_points.txt
[4.415s] writing requirements to examples_rclpy_minimal_client.egg-info/requires.txt
[4.415s] writing top-level names to examples_rclpy_minimal_client.egg-info/top_level.txt
[4.415s] writing manifest file 'examples_rclpy_minimal_client.egg-info/SOURCES.txt'
[4.550s] reading manifest file 'examples_rclpy_minimal_client.egg-info/SOURCES.txt'
[4.551s] writing manifest file 'examples_rclpy_minimal_client.egg-info/SOURCES.txt'
[4.636s] running build_ext
[4.637s] Creating /home/nazerke/ros2_ws/install/examples_rclpy_minimal_client/lib/python3.12/site-packages/examples-rclpy-minimal-client.egg-link (link to .)
[4.637s] Installing client script to /home/nazerke/ros2_ws/install/examples_rclpy_minimal_client/lib/examples_rclpy_minimal_client
[4.637s] Installing client_async script to /home/nazerke/ros2_ws/install/examples_rclpy_minimal_client/lib/examples_rclpy_minimal_client
[4.638s] Installing client_async_callback script to /home/nazerke/ros2_ws/install/examples_rclpy_minimal_client/lib/examples_rclpy_minimal_client
[4.638s] Installing client_async_member_function script to /home/nazerke/ros2_ws/install/examples_rclpy_minimal_client/lib/examples_rclpy_minimal_client
[4.639s] 
[4.639s] Installed /home/nazerke/ros2_ws/build/examples_rclpy_minimal_client
[4.639s] running symlink_data
[4.642s] creating /home/nazerke/ros2_ws/install/examples_rclpy_minimal_client/share/ament_index
[4.645s] creating /home/nazerke/ros2_ws/install/examples_rclpy_minimal_client/share/ament_index/resource_index
[4.645s] creating /home/nazerke/ros2_ws/install/examples_rclpy_minimal_client/share/ament_index/resource_index/packages
[4.645s] symbolically linking /home/nazerke/ros2_ws/build/examples_rclpy_minimal_client/resource/examples_rclpy_minimal_client -> /home/nazerke/ros2_ws/install/examples_rclpy_minimal_client/share/ament_index/resource_index/packages
[4.647s] symbolically linking /home/nazerke/ros2_ws/build/examples_rclpy_minimal_client/package.xml -> /home/nazerke/ros2_ws/install/examples_rclpy_minimal_client/share/examples_rclpy_minimal_client
[4.763s] Invoked command in '/home/nazerke/ros2_ws/build/examples_rclpy_minimal_client' returned '0': PYTHONPATH=/home/nazerke/ros2_ws/build/examples_rclpy_minimal_client/prefix_override:/usr/lib/python3/dist-packages/colcon_core/task/python/colcon_distutils_commands:/home/nazerke/ros2_ws/install/examples_rclpy_minimal_client/lib/python3.12/site-packages:${PYTHONPATH} /usr/bin/python3 -W ignore:setup.py install is deprecated -W ignore:easy_install command is deprecated setup.py develop --editable --build-directory /home/nazerke/ros2_ws/build/examples_rclpy_minimal_client/build --no-deps symlink_data
