[2.714s] Invoking command in '/home/nazerke/ros2_ws/build/examples_rclpy_minimal_service': PYTHONPATH=/home/nazerke/ros2_ws/build/examples_rclpy_minimal_service/prefix_override:/usr/lib/python3/dist-packages/colcon_core/task/python/colcon_distutils_commands:/home/nazerke/ros2_ws/install/examples_rclpy_minimal_service/lib/python3.12/site-packages:${PYTHONPATH} /usr/bin/python3 -W ignore:setup.py install is deprecated -W ignore:easy_install command is deprecated setup.py develop --editable --build-directory /home/nazerke/ros2_ws/build/examples_rclpy_minimal_service/build --no-deps symlink_data
[3.694s] running develop
[4.278s] running egg_info
[4.282s] creating examples_rclpy_minimal_service.egg-info
[4.332s] writing examples_rclpy_minimal_service.egg-info/PKG-INFO
[4.332s] writing dependency_links to examples_rclpy_minimal_service.egg-info/dependency_links.txt
[4.333s] writing entry points to examples_rclpy_minimal_service.egg-info/entry_points.txt
[4.333s] writing requirements to examples_rclpy_minimal_service.egg-info/requires.txt
[4.338s] writing top-level names to examples_rclpy_minimal_service.egg-info/top_level.txt
[4.338s] writing manifest file 'examples_rclpy_minimal_service.egg-info/SOURCES.txt'
[4.463s] reading manifest file 'examples_rclpy_minimal_service.egg-info/SOURCES.txt'
[4.465s] writing manifest file 'examples_rclpy_minimal_service.egg-info/SOURCES.txt'
[4.545s] running build_ext
[4.545s] Creating /home/nazerke/ros2_ws/install/examples_rclpy_minimal_service/lib/python3.12/site-packages/examples-rclpy-minimal-service.egg-link (link to .)
[4.547s] Installing service script to /home/nazerke/ros2_ws/install/examples_rclpy_minimal_service/lib/examples_rclpy_minimal_service
[4.549s] Installing service_member_function script to /home/nazerke/ros2_ws/install/examples_rclpy_minimal_service/lib/examples_rclpy_minimal_service
[4.549s] 
[4.550s] Installed /home/nazerke/ros2_ws/build/examples_rclpy_minimal_service
[4.550s] running symlink_data
[4.550s] creating /home/nazerke/ros2_ws/install/examples_rclpy_minimal_service/share/ament_index
[4.553s] creating /home/nazerke/ros2_ws/install/examples_rclpy_minimal_service/share/ament_index/resource_index
[4.553s] creating /home/nazerke/ros2_ws/install/examples_rclpy_minimal_service/share/ament_index/resource_index/packages
[4.555s] symbolically linking /home/nazerke/ros2_ws/build/examples_rclpy_minimal_service/resource/examples_rclpy_minimal_service -> /home/nazerke/ros2_ws/install/examples_rclpy_minimal_service/share/ament_index/resource_index/packages
[4.556s] symbolically linking /home/nazerke/ros2_ws/build/examples_rclpy_minimal_service/package.xml -> /home/nazerke/ros2_ws/install/examples_rclpy_minimal_service/share/examples_rclpy_minimal_service
[4.767s] Invoked command in '/home/nazerke/ros2_ws/build/examples_rclpy_minimal_service' returned '0': PYTHONPATH=/home/nazerke/ros2_ws/build/examples_rclpy_minimal_service/prefix_override:/usr/lib/python3/dist-packages/colcon_core/task/python/colcon_distutils_commands:/home/nazerke/ros2_ws/install/examples_rclpy_minimal_service/lib/python3.12/site-packages:${PYTHONPATH} /usr/bin/python3 -W ignore:setup.py install is deprecated -W ignore:easy_install command is deprecated setup.py develop --editable --build-directory /home/nazerke/ros2_ws/build/examples_rclpy_minimal_service/build --no-deps symlink_data
